{
  "stats": {
    "suites": 52,
    "tests": 201,
    "passes": 201,
    "pending": 0,
    "failures": 0,
    "start": "2021-01-09T19:00:37.978Z",
    "end": "2021-01-09T19:00:46.306Z",
    "duration": 8328,
    "testsRegistered": 201,
    "passPercent": 100,
    "pendingPercent": 0,
    "other": 0,
    "hasOther": false,
    "skipped": 0,
    "hasSkipped": false
  },
  "results": [
    {
      "uuid": "42130e99-4720-4863-9157-d67a7ad93d62",
      "title": "",
      "fullFile": "",
      "file": "",
      "beforeHooks": [],
      "afterHooks": [],
      "tests": [],
      "suites": [
        {
          "uuid": "66c2e32b-3674-4ee4-a739-d0ab1c23676d",
          "title": "Tests on dao_category.ts",
          "fullFile": "/home/yohan/Loaner/tests/daotests/dao_category_test.ts",
          "file": "/tests/daotests/dao_category_test.ts",
          "beforeHooks": [
            {
              "title": "\"before all\" hook in \"Tests on dao_category.ts\"",
              "fullTitle": "Tests on dao_category.ts \"before all\" hook in \"Tests on dao_category.ts\"",
              "timedOut": false,
              "duration": 207,
              "state": null,
              "speed": null,
              "pass": false,
              "fail": false,
              "pending": false,
              "context": null,
              "code": "__awaiter(this, void 0, void 0, function* () {\n        yield create_db_1.default();\n    })",
              "err": {},
              "uuid": "97cc6a88-ce14-4569-ab90-d4822d0566ab",
              "parentUUID": "66c2e32b-3674-4ee4-a739-d0ab1c23676d",
              "isHook": true,
              "skipped": false
            }
          ],
          "afterHooks": [],
          "tests": [],
          "suites": [
            {
              "uuid": "1509abe8-8b43-4421-837b-ade01c481472",
              "title": "Tests on getAll() method",
              "fullFile": "/home/yohan/Loaner/tests/daotests/dao_category_test.ts",
              "file": "/tests/daotests/dao_category_test.ts",
              "beforeHooks": [],
              "afterHooks": [],
              "tests": [
                {
                  "title": "The result type must be an array of category",
                  "fullTitle": "Tests on dao_category.ts Tests on getAll() method The result type must be an array of category",
                  "timedOut": false,
                  "duration": 6,
                  "state": "passed",
                  "speed": "fast",
                  "pass": true,
                  "fail": false,
                  "pending": false,
                  "context": null,
                  "code": "return __awaiter(this, void 0, void 0, function* () {\n    const result = yield resultAllCategories();\n    expect(Array.isArray(result)).to.equal(true);\n});",
                  "err": {},
                  "uuid": "1d448e3a-78c9-41f1-a404-c306023ee6c1",
                  "parentUUID": "1509abe8-8b43-4421-837b-ade01c481472",
                  "isHook": false,
                  "skipped": false
                },
                {
                  "title": "The result must not be empty, there have to be at least one category in the program",
                  "fullTitle": "Tests on dao_category.ts Tests on getAll() method The result must not be empty, there have to be at least one category in the program",
                  "timedOut": false,
                  "duration": 3,
                  "state": "passed",
                  "speed": "fast",
                  "pass": true,
                  "fail": false,
                  "pending": false,
                  "context": null,
                  "code": "return __awaiter(this, void 0, void 0, function* () {\n    const result = yield resultAllCategories();\n    assert.isAbove(result.length, 0, \"There must be at least one category\");\n});",
                  "err": {},
                  "uuid": "1529a593-d7bd-486d-8542-d8f63b094ff5",
                  "parentUUID": "1509abe8-8b43-4421-837b-ade01c481472",
                  "isHook": false,
                  "skipped": false
                },
                {
                  "title": "The names of the categories must not exceed 255 characters",
                  "fullTitle": "Tests on dao_category.ts Tests on getAll() method The names of the categories must not exceed 255 characters",
                  "timedOut": false,
                  "duration": 1,
                  "state": "passed",
                  "speed": "fast",
                  "pass": true,
                  "fail": false,
                  "pending": false,
                  "context": null,
                  "code": "return __awaiter(this, void 0, void 0, function* () {\n    const result = yield resultAllCategories();\n    result.forEach(function (category) {\n        assert.isBelow(category.getName().length, 255);\n    });\n});",
                  "err": {},
                  "uuid": "2df20d7e-1a78-47b5-b665-3a6100e499d2",
                  "parentUUID": "1509abe8-8b43-4421-837b-ade01c481472",
                  "isHook": false,
                  "skipped": false
                },
                {
                  "title": "ID of Categories must be strictly postives",
                  "fullTitle": "Tests on dao_category.ts Tests on getAll() method ID of Categories must be strictly postives",
                  "timedOut": false,
                  "duration": 3,
                  "state": "passed",
                  "speed": "fast",
                  "pass": true,
                  "fail": false,
                  "pending": false,
                  "context": null,
                  "code": "return __awaiter(this, void 0, void 0, function* () {\n    const result = yield resultAllCategories();\n    result.forEach(function (category) {\n        assert.isAbove(category.getID(), 0);\n    });\n});",
                  "err": {},
                  "uuid": "85f548fd-d311-44c2-b1ec-8d5813cce06e",
                  "parentUUID": "1509abe8-8b43-4421-837b-ade01c481472",
                  "isHook": false,
                  "skipped": false
                }
              ],
              "suites": [],
              "passes": [
                "1d448e3a-78c9-41f1-a404-c306023ee6c1",
                "1529a593-d7bd-486d-8542-d8f63b094ff5",
                "2df20d7e-1a78-47b5-b665-3a6100e499d2",
                "85f548fd-d311-44c2-b1ec-8d5813cce06e"
              ],
              "failures": [],
              "pending": [],
              "skipped": [],
              "duration": 13,
              "root": false,
              "rootEmpty": false,
              "_timeout": 2000
            },
            {
              "uuid": "65a3ecac-51ed-4283-81dd-995a1cfcb88a",
              "title": "Tests on getByName() method",
              "fullFile": "/home/yohan/Loaner/tests/daotests/dao_category_test.ts",
              "file": "/tests/daotests/dao_category_test.ts",
              "beforeHooks": [],
              "afterHooks": [],
              "tests": [
                {
                  "title": "The result type must be a category",
                  "fullTitle": "Tests on dao_category.ts Tests on getByName() method The result type must be a category",
                  "timedOut": false,
                  "duration": 2,
                  "state": "passed",
                  "speed": "fast",
                  "pass": true,
                  "fail": false,
                  "pending": false,
                  "context": null,
                  "code": "return __awaiter(this, void 0, void 0, function* () {\n    const result = yield resultGetCategory(\"Téléphones\");\n    assert.isTrue(result instanceof category_1.default);\n});",
                  "err": {},
                  "uuid": "79c5a5a7-4c2c-42a9-8445-81233303664d",
                  "parentUUID": "65a3ecac-51ed-4283-81dd-995a1cfcb88a",
                  "isHook": false,
                  "skipped": false
                },
                {
                  "title": "The database must have the smartphone category",
                  "fullTitle": "Tests on dao_category.ts Tests on getByName() method The database must have the smartphone category",
                  "timedOut": false,
                  "duration": 0,
                  "state": "passed",
                  "speed": "fast",
                  "pass": true,
                  "fail": false,
                  "pending": false,
                  "context": null,
                  "code": "return __awaiter(this, void 0, void 0, function* () {\n    const result = yield resultGetCategory(\"Téléphones\");\n    assert.isNotNull(result);\n});",
                  "err": {},
                  "uuid": "1af01221-0217-4b8d-8f42-53b89e59a9e7",
                  "parentUUID": "65a3ecac-51ed-4283-81dd-995a1cfcb88a",
                  "isHook": false,
                  "skipped": false
                },
                {
                  "title": "The names of the category must not have any number",
                  "fullTitle": "Tests on dao_category.ts Tests on getByName() method The names of the category must not have any number",
                  "timedOut": false,
                  "duration": 2,
                  "state": "passed",
                  "speed": "fast",
                  "pass": true,
                  "fail": false,
                  "pending": false,
                  "context": null,
                  "code": "return __awaiter(this, void 0, void 0, function* () {\n    const result = yield resultGetCategory(\"Téléphones\");\n    expect(result.getName()).not.to.match(/^([0-9_])$/);\n});",
                  "err": {},
                  "uuid": "05e40960-1d4d-4952-b574-cf8737dbba45",
                  "parentUUID": "65a3ecac-51ed-4283-81dd-995a1cfcb88a",
                  "isHook": false,
                  "skipped": false
                },
                {
                  "title": "The names of the category must contain only letters or '-'",
                  "fullTitle": "Tests on dao_category.ts Tests on getByName() method The names of the category must contain only letters or '-'",
                  "timedOut": false,
                  "duration": 2,
                  "state": "passed",
                  "speed": "fast",
                  "pass": true,
                  "fail": false,
                  "pending": false,
                  "context": null,
                  "code": "return __awaiter(this, void 0, void 0, function* () {\n    const result = yield resultGetCategory(\"Téléphones\");\n    expect(result.getName()).to.match(/^[a-zA-Z\\-éèà]{0,255}$/);\n});",
                  "err": {},
                  "uuid": "c9211d94-a499-4e61-8757-38712fe724ed",
                  "parentUUID": "65a3ecac-51ed-4283-81dd-995a1cfcb88a",
                  "isHook": false,
                  "skipped": false
                }
              ],
              "suites": [],
              "passes": [
                "79c5a5a7-4c2c-42a9-8445-81233303664d",
                "1af01221-0217-4b8d-8f42-53b89e59a9e7",
                "05e40960-1d4d-4952-b574-cf8737dbba45",
                "c9211d94-a499-4e61-8757-38712fe724ed"
              ],
              "failures": [],
              "pending": [],
              "skipped": [],
              "duration": 6,
              "root": false,
              "rootEmpty": false,
              "_timeout": 2000
            },
            {
              "uuid": "985752bf-5b8e-4dcd-81ef-62cb099635cc",
              "title": "Tests on getLastId() method",
              "fullFile": "/home/yohan/Loaner/tests/daotests/dao_category_test.ts",
              "file": "/tests/daotests/dao_category_test.ts",
              "beforeHooks": [],
              "afterHooks": [],
              "tests": [
                {
                  "title": "There must be at least one id, or there would be no categories",
                  "fullTitle": "Tests on dao_category.ts Tests on getLastId() method There must be at least one id, or there would be no categories",
                  "timedOut": false,
                  "duration": 3,
                  "state": "passed",
                  "speed": "fast",
                  "pass": true,
                  "fail": false,
                  "pending": false,
                  "context": null,
                  "code": "return __awaiter(this, void 0, void 0, function* () {\n    const result = yield resultGetLastId();\n    assert.isNotNull(result);\n});",
                  "err": {},
                  "uuid": "0f819a6c-24fd-4273-a00f-ac72b98d116d",
                  "parentUUID": "985752bf-5b8e-4dcd-81ef-62cb099635cc",
                  "isHook": false,
                  "skipped": false
                },
                {
                  "title": "Last Id created must be positive",
                  "fullTitle": "Tests on dao_category.ts Tests on getLastId() method Last Id created must be positive",
                  "timedOut": false,
                  "duration": 9,
                  "state": "passed",
                  "speed": "fast",
                  "pass": true,
                  "fail": false,
                  "pending": false,
                  "context": null,
                  "code": "return __awaiter(this, void 0, void 0, function* () {\n    const result = yield resultGetLastId();\n    assert.isAbove(result, 0);\n});",
                  "err": {},
                  "uuid": "9a0ef693-05e5-4607-9294-193448f1260e",
                  "parentUUID": "985752bf-5b8e-4dcd-81ef-62cb099635cc",
                  "isHook": false,
                  "skipped": false
                }
              ],
              "suites": [],
              "passes": [
                "0f819a6c-24fd-4273-a00f-ac72b98d116d",
                "9a0ef693-05e5-4607-9294-193448f1260e"
              ],
              "failures": [],
              "pending": [],
              "skipped": [],
              "duration": 12,
              "root": false,
              "rootEmpty": false,
              "_timeout": 2000
            },
            {
              "uuid": "92bb25e5-8367-4278-a378-e84146c2e6f4",
              "title": "Tests on addCategory() method",
              "fullFile": "/home/yohan/Loaner/tests/daotests/dao_category_test.ts",
              "file": "/tests/daotests/dao_category_test.ts",
              "beforeHooks": [],
              "afterHooks": [],
              "tests": [
                {
                  "title": "A new category added should be seen in a SELECT request later",
                  "fullTitle": "Tests on dao_category.ts Tests on addCategory() method A new category added should be seen in a SELECT request later",
                  "timedOut": false,
                  "duration": 39,
                  "state": "passed",
                  "speed": "fast",
                  "pass": true,
                  "fail": false,
                  "pending": false,
                  "context": null,
                  "code": "return __awaiter(this, void 0, void 0, function* () {\n    DAOCategTested.addCategory(new category_1.default(9999, \"TestCategory\"));\n    const result = yield resultGetCategory(\"TestCategory\");\n    assert.isNotNull(result);\n    expect(result.getID()).to.equal(9999);\n    expect(result.getName()).to.equal(\"TestCategory\");\n});",
                  "err": {},
                  "uuid": "3847c06f-570b-45aa-a704-5efa1b87318f",
                  "parentUUID": "92bb25e5-8367-4278-a378-e84146c2e6f4",
                  "isHook": false,
                  "skipped": false
                }
              ],
              "suites": [],
              "passes": [
                "3847c06f-570b-45aa-a704-5efa1b87318f"
              ],
              "failures": [],
              "pending": [],
              "skipped": [],
              "duration": 39,
              "root": false,
              "rootEmpty": false,
              "_timeout": 2000
            },
            {
              "uuid": "154d0254-b519-4dda-8dbd-53eb389a1748",
              "title": "Tests on deleteCategory() method",
              "fullFile": "/home/yohan/Loaner/tests/daotests/dao_category_test.ts",
              "file": "/tests/daotests/dao_category_test.ts",
              "beforeHooks": [],
              "afterHooks": [],
              "tests": [
                {
                  "title": "A deleted category should not be in a query later",
                  "fullTitle": "Tests on dao_category.ts Tests on deleteCategory() method A deleted category should not be in a query later",
                  "timedOut": false,
                  "duration": 2,
                  "state": "passed",
                  "speed": "fast",
                  "pass": true,
                  "fail": false,
                  "pending": false,
                  "context": null,
                  "code": "return __awaiter(this, void 0, void 0, function* () {\n    expect(yield DAOCategTested.deleteCategory.bind(DAOCategTested, 9999)).not.to.throw(Error);\n});",
                  "err": {},
                  "uuid": "578513b0-5776-49f8-981b-adfc243c5e6e",
                  "parentUUID": "154d0254-b519-4dda-8dbd-53eb389a1748",
                  "isHook": false,
                  "skipped": false
                },
                {
                  "title": "The category we tried to added, should throw an error at its deletion, or it is deleted from the database",
                  "fullTitle": "Tests on dao_category.ts Tests on deleteCategory() method The category we tried to added, should throw an error at its deletion, or it is deleted from the database",
                  "timedOut": false,
                  "duration": 1,
                  "state": "passed",
                  "speed": "fast",
                  "pass": true,
                  "fail": false,
                  "pending": false,
                  "context": null,
                  "code": "return __awaiter(this, void 0, void 0, function* () {\n    expect(DAOCategTested.deleteCategory(-1)).to.be.rejected;\n});",
                  "err": {},
                  "uuid": "29ddacc6-821d-420a-bd6e-00f2cafbf25a",
                  "parentUUID": "154d0254-b519-4dda-8dbd-53eb389a1748",
                  "isHook": false,
                  "skipped": false
                }
              ],
              "suites": [],
              "passes": [
                "578513b0-5776-49f8-981b-adfc243c5e6e",
                "29ddacc6-821d-420a-bd6e-00f2cafbf25a"
              ],
              "failures": [],
              "pending": [],
              "skipped": [],
              "duration": 3,
              "root": false,
              "rootEmpty": false,
              "_timeout": 2000
            }
          ],
          "passes": [],
          "failures": [],
          "pending": [],
          "skipped": [],
          "duration": 0,
          "root": false,
          "rootEmpty": false,
          "_timeout": 2000
        },
        {
          "uuid": "73b33550-35d2-4e9b-aecc-e1c10c1b7683",
          "title": "Tests onf dao_device.ts",
          "fullFile": "/home/yohan/Loaner/tests/daotests/dao_device_test.ts",
          "file": "/tests/daotests/dao_device_test.ts",
          "beforeHooks": [
            {
              "title": "\"before all\" hook in \"Tests onf dao_device.ts\"",
              "fullTitle": "Tests onf dao_device.ts \"before all\" hook in \"Tests onf dao_device.ts\"",
              "timedOut": false,
              "duration": 61,
              "state": null,
              "speed": null,
              "pass": false,
              "fail": false,
              "pending": false,
              "context": null,
              "code": "__awaiter(this, void 0, void 0, function* () {\n        yield create_db_1.default();\n    })",
              "err": {},
              "uuid": "4b2a3bd6-0b42-46e7-91cf-18a4e3343f59",
              "parentUUID": "73b33550-35d2-4e9b-aecc-e1c10c1b7683",
              "isHook": true,
              "skipped": false
            }
          ],
          "afterHooks": [],
          "tests": [],
          "suites": [
            {
              "uuid": "dd40071f-476c-4d21-843c-e714adb0f4b9",
              "title": "Tests on getAll() method",
              "fullFile": "/home/yohan/Loaner/tests/daotests/dao_device_test.ts",
              "file": "/tests/daotests/dao_device_test.ts",
              "beforeHooks": [],
              "afterHooks": [],
              "tests": [
                {
                  "title": "The result type must be an array of devices",
                  "fullTitle": "Tests onf dao_device.ts Tests on getAll() method The result type must be an array of devices",
                  "timedOut": false,
                  "duration": 27,
                  "state": "passed",
                  "speed": "fast",
                  "pass": true,
                  "fail": false,
                  "pending": false,
                  "context": null,
                  "code": "return __awaiter(this, void 0, void 0, function* () {\n    const result = yield resultAllDevices();\n    expect(Array.isArray(result)).to.equal(true);\n});",
                  "err": {},
                  "uuid": "0903ccb7-7b88-4ed0-8e03-9eff0d1c0073",
                  "parentUUID": "dd40071f-476c-4d21-843c-e714adb0f4b9",
                  "isHook": false,
                  "skipped": false
                },
                {
                  "title": "The devices must match an existing category",
                  "fullTitle": "Tests onf dao_device.ts Tests on getAll() method The devices must match an existing category",
                  "timedOut": false,
                  "duration": 6,
                  "state": "passed",
                  "speed": "fast",
                  "pass": true,
                  "fail": false,
                  "pending": false,
                  "context": null,
                  "code": "return __awaiter(this, void 0, void 0, function* () {\n    const existingCategories = yield DAOcat.getAll();\n    const result = yield resultAllDevices();\n    let check = false;\n    //Testing for every device that its category is member of the categories of the database\n    result.map((device) => {\n        existingCategories.map((category) => {\n            if (device.getCategoryID() == category.getID())\n                check = true;\n        });\n    });\n    assert.isTrue(check);\n});",
                  "err": {},
                  "uuid": "64ea0cdc-b5a4-4ed6-b287-8676a804db87",
                  "parentUUID": "dd40071f-476c-4d21-843c-e714adb0f4b9",
                  "isHook": false,
                  "skipped": false
                },
                {
                  "title": "The devices must have a five character reference",
                  "fullTitle": "Tests onf dao_device.ts Tests on getAll() method The devices must have a five character reference",
                  "timedOut": false,
                  "duration": 2,
                  "state": "passed",
                  "speed": "fast",
                  "pass": true,
                  "fail": false,
                  "pending": false,
                  "context": null,
                  "code": "return __awaiter(this, void 0, void 0, function* () {\n    const result = yield resultAllDevices();\n    result.forEach(function (device) {\n        assert.equal(device.getRef().length, 5);\n    });\n});",
                  "err": {},
                  "uuid": "9f34aad7-fe48-486f-a767-8298d580d31b",
                  "parentUUID": "dd40071f-476c-4d21-843c-e714adb0f4b9",
                  "isHook": false,
                  "skipped": false
                },
                {
                  "title": "The devices must not have an empty name or a null name",
                  "fullTitle": "Tests onf dao_device.ts Tests on getAll() method The devices must not have an empty name or a null name",
                  "timedOut": false,
                  "duration": 2,
                  "state": "passed",
                  "speed": "fast",
                  "pass": true,
                  "fail": false,
                  "pending": false,
                  "context": null,
                  "code": "return __awaiter(this, void 0, void 0, function* () {\n    const result = yield resultAllDevices();\n    result.forEach(function (device) {\n        assert.isNotNull(device.getName());\n        assert.isAbove(device.getName().length, 0);\n    });\n});",
                  "err": {},
                  "uuid": "011199e6-cafe-4175-9875-40618b39f5b6",
                  "parentUUID": "dd40071f-476c-4d21-843c-e714adb0f4b9",
                  "isHook": false,
                  "skipped": false
                },
                {
                  "title": "The devices must have a version number between 3 and 15 characters",
                  "fullTitle": "Tests onf dao_device.ts Tests on getAll() method The devices must have a version number between 3 and 15 characters",
                  "timedOut": false,
                  "duration": 4,
                  "state": "passed",
                  "speed": "fast",
                  "pass": true,
                  "fail": false,
                  "pending": false,
                  "context": null,
                  "code": "return __awaiter(this, void 0, void 0, function* () {\n    const result = yield resultAllDevices();\n    result.forEach(function (device) {\n        assert.isAbove(device.getVersion().length, 2);\n        assert.isBelow(device.getVersion().length, 16);\n    });\n});",
                  "err": {},
                  "uuid": "593078e3-d667-48c4-ba63-27eb5a37be2a",
                  "parentUUID": "dd40071f-476c-4d21-843c-e714adb0f4b9",
                  "isHook": false,
                  "skipped": false
                },
                {
                  "title": "The devices must have a correct version number",
                  "fullTitle": "Tests onf dao_device.ts Tests on getAll() method The devices must have a correct version number",
                  "timedOut": false,
                  "duration": 7,
                  "state": "passed",
                  "speed": "fast",
                  "pass": true,
                  "fail": false,
                  "pending": false,
                  "context": null,
                  "code": "return __awaiter(this, void 0, void 0, function* () {\n    const result = yield resultAllDevices();\n    result.forEach(function (device) {\n        expect(device.getVersion()).to.match(/^[0-9]*\\.[0-9]*$/);\n    });\n});",
                  "err": {},
                  "uuid": "d72365d0-455c-4b86-804a-03e34dd64cef",
                  "parentUUID": "dd40071f-476c-4d21-843c-e714adb0f4b9",
                  "isHook": false,
                  "skipped": false
                },
                {
                  "title": "The devices must have a grater version than 0.0",
                  "fullTitle": "Tests onf dao_device.ts Tests on getAll() method The devices must have a grater version than 0.0",
                  "timedOut": false,
                  "duration": 4,
                  "state": "passed",
                  "speed": "fast",
                  "pass": true,
                  "fail": false,
                  "pending": false,
                  "context": null,
                  "code": "return __awaiter(this, void 0, void 0, function* () {\n    const result = yield resultAllDevices();\n    result.forEach(function (device) {\n        const numbers = device.getVersion().split('.');\n        assert.isAbove(parseInt(numbers[0]), 0);\n        assert.isAbove(parseInt(numbers[1]), -1);\n    });\n});",
                  "err": {},
                  "uuid": "6ecaff47-f3b8-4b57-97bd-20fa13b247f5",
                  "parentUUID": "dd40071f-476c-4d21-843c-e714adb0f4b9",
                  "isHook": false,
                  "skipped": false
                },
                {
                  "title": "The devices with a phone number must have a correct phone number",
                  "fullTitle": "Tests onf dao_device.ts Tests on getAll() method The devices with a phone number must have a correct phone number",
                  "timedOut": false,
                  "duration": 3,
                  "state": "passed",
                  "speed": "fast",
                  "pass": true,
                  "fail": false,
                  "pending": false,
                  "context": null,
                  "code": "return __awaiter(this, void 0, void 0, function* () {\n    const result = yield resultAllDevices();\n    result.forEach(function (device) {\n        if (device.getPhone()) {\n            expect(device.getPhone()).to.match(/^\\+?[0-9]{0,15}$/);\n        }\n    });\n});",
                  "err": {},
                  "uuid": "c9bdae6c-6412-4c6d-b9e2-634241b6d45c",
                  "parentUUID": "dd40071f-476c-4d21-843c-e714adb0f4b9",
                  "isHook": false,
                  "skipped": false
                }
              ],
              "suites": [],
              "passes": [
                "0903ccb7-7b88-4ed0-8e03-9eff0d1c0073",
                "64ea0cdc-b5a4-4ed6-b287-8676a804db87",
                "9f34aad7-fe48-486f-a767-8298d580d31b",
                "011199e6-cafe-4175-9875-40618b39f5b6",
                "593078e3-d667-48c4-ba63-27eb5a37be2a",
                "d72365d0-455c-4b86-804a-03e34dd64cef",
                "6ecaff47-f3b8-4b57-97bd-20fa13b247f5",
                "c9bdae6c-6412-4c6d-b9e2-634241b6d45c"
              ],
              "failures": [],
              "pending": [],
              "skipped": [],
              "duration": 55,
              "root": false,
              "rootEmpty": false,
              "_timeout": 2000
            },
            {
              "uuid": "84170902-4a90-46e0-aaf2-da4a18ca1411",
              "title": "Tests on get() method",
              "fullFile": "/home/yohan/Loaner/tests/daotests/dao_device_test.ts",
              "file": "/tests/daotests/dao_device_test.ts",
              "beforeHooks": [
                {
                  "title": "\"before each\" hook in \"Tests on get() method\"",
                  "fullTitle": "Tests onf dao_device.ts Tests on get() method \"before each\" hook in \"Tests on get() method\"",
                  "timedOut": false,
                  "duration": 1,
                  "state": null,
                  "speed": null,
                  "pass": false,
                  "fail": false,
                  "pending": false,
                  "context": null,
                  "code": "__awaiter(this, void 0, void 0, function* () {\n            device = yield DAOTested.get(\"AN001\");\n            existingCategories = yield DAOcat.getAll();\n        })",
                  "err": {},
                  "uuid": "7f43350b-5b01-421a-a7e6-185a2322824d",
                  "parentUUID": "84170902-4a90-46e0-aaf2-da4a18ca1411",
                  "isHook": true,
                  "skipped": false
                }
              ],
              "afterHooks": [],
              "tests": [
                {
                  "title": "The device must match an existing category",
                  "fullTitle": "Tests onf dao_device.ts Tests on get() method The device must match an existing category",
                  "timedOut": false,
                  "duration": 17,
                  "state": "passed",
                  "speed": "fast",
                  "pass": true,
                  "fail": false,
                  "pending": false,
                  "context": null,
                  "code": "let check = false;\n//Testing that its category is member of the categories of the database\nexistingCategories.forEach(function (category) {\n    if (device.getCategoryID() == category.getID())\n        check = true;\n});\nassert.isTrue(check);",
                  "err": {},
                  "uuid": "4ad5b03b-2963-4898-80e6-4b2d5ae70e38",
                  "parentUUID": "84170902-4a90-46e0-aaf2-da4a18ca1411",
                  "isHook": false,
                  "skipped": false
                },
                {
                  "title": "The device must have a five character reference",
                  "fullTitle": "Tests onf dao_device.ts Tests on get() method The device must have a five character reference",
                  "timedOut": false,
                  "duration": 0,
                  "state": "passed",
                  "speed": "fast",
                  "pass": true,
                  "fail": false,
                  "pending": false,
                  "context": null,
                  "code": "assert.equal(device.getRef().length, 5);",
                  "err": {},
                  "uuid": "4d41e0cf-fcd3-40fc-8794-b8b40bc5f0cc",
                  "parentUUID": "84170902-4a90-46e0-aaf2-da4a18ca1411",
                  "isHook": false,
                  "skipped": false
                },
                {
                  "title": "The device must not have an empty name or a null name",
                  "fullTitle": "Tests onf dao_device.ts Tests on get() method The device must not have an empty name or a null name",
                  "timedOut": false,
                  "duration": 0,
                  "state": "passed",
                  "speed": "fast",
                  "pass": true,
                  "fail": false,
                  "pending": false,
                  "context": null,
                  "code": "assert.isNotNull(device.getName());\nassert.isAbove(device.getName().length, 0);",
                  "err": {},
                  "uuid": "0de2a0cd-2880-4fe1-9c62-5b653e388c20",
                  "parentUUID": "84170902-4a90-46e0-aaf2-da4a18ca1411",
                  "isHook": false,
                  "skipped": false
                },
                {
                  "title": "The device must have a version number between 3 and 15 characters",
                  "fullTitle": "Tests onf dao_device.ts Tests on get() method The device must have a version number between 3 and 15 characters",
                  "timedOut": false,
                  "duration": 0,
                  "state": "passed",
                  "speed": "fast",
                  "pass": true,
                  "fail": false,
                  "pending": false,
                  "context": null,
                  "code": "assert.isAbove(device.getVersion().length, 2);\nassert.isBelow(device.getVersion().length, 16);",
                  "err": {},
                  "uuid": "60b82466-a8b2-4f24-b564-38548520d978",
                  "parentUUID": "84170902-4a90-46e0-aaf2-da4a18ca1411",
                  "isHook": false,
                  "skipped": false
                },
                {
                  "title": "The device must have a correct version number",
                  "fullTitle": "Tests onf dao_device.ts Tests on get() method The device must have a correct version number",
                  "timedOut": false,
                  "duration": 0,
                  "state": "passed",
                  "speed": "fast",
                  "pass": true,
                  "fail": false,
                  "pending": false,
                  "context": null,
                  "code": "expect(device.getVersion()).to.match(/^[0-9]*\\.[0-9]*$/);",
                  "err": {},
                  "uuid": "b41f1458-11fe-4fba-a9b7-a80351ab8ef8",
                  "parentUUID": "84170902-4a90-46e0-aaf2-da4a18ca1411",
                  "isHook": false,
                  "skipped": false
                },
                {
                  "title": "The device must have a grater version than 0.0",
                  "fullTitle": "Tests onf dao_device.ts Tests on get() method The device must have a grater version than 0.0",
                  "timedOut": false,
                  "duration": 0,
                  "state": "passed",
                  "speed": "fast",
                  "pass": true,
                  "fail": false,
                  "pending": false,
                  "context": null,
                  "code": "const numbers = device.getVersion().split('.');\nassert.isAbove(parseInt(numbers[0]), 0);\nassert.isAbove(parseInt(numbers[1]), -1);",
                  "err": {},
                  "uuid": "8344fe57-763c-4a2c-8baf-d21006c57f90",
                  "parentUUID": "84170902-4a90-46e0-aaf2-da4a18ca1411",
                  "isHook": false,
                  "skipped": false
                },
                {
                  "title": "The device with a phone number must have a correct phone number",
                  "fullTitle": "Tests onf dao_device.ts Tests on get() method The device with a phone number must have a correct phone number",
                  "timedOut": false,
                  "duration": 1,
                  "state": "passed",
                  "speed": "fast",
                  "pass": true,
                  "fail": false,
                  "pending": false,
                  "context": null,
                  "code": "if (device.getPhone()) {\n    expect(device.getPhone()).to.match(/^\\+?[0-9]{0,15}$/);\n}",
                  "err": {},
                  "uuid": "88393e84-578b-44fc-889a-9587024b0c60",
                  "parentUUID": "84170902-4a90-46e0-aaf2-da4a18ca1411",
                  "isHook": false,
                  "skipped": false
                }
              ],
              "suites": [],
              "passes": [
                "4ad5b03b-2963-4898-80e6-4b2d5ae70e38",
                "4d41e0cf-fcd3-40fc-8794-b8b40bc5f0cc",
                "0de2a0cd-2880-4fe1-9c62-5b653e388c20",
                "60b82466-a8b2-4f24-b564-38548520d978",
                "b41f1458-11fe-4fba-a9b7-a80351ab8ef8",
                "8344fe57-763c-4a2c-8baf-d21006c57f90",
                "88393e84-578b-44fc-889a-9587024b0c60"
              ],
              "failures": [],
              "pending": [],
              "skipped": [],
              "duration": 18,
              "root": false,
              "rootEmpty": false,
              "_timeout": 2000
            },
            {
              "uuid": "6e2e4be6-d44e-4147-ac94-92c82d3ba44a",
              "title": "Tests on addDevice() method",
              "fullFile": "/home/yohan/Loaner/tests/daotests/dao_device_test.ts",
              "file": "/tests/daotests/dao_device_test.ts",
              "beforeHooks": [],
              "afterHooks": [],
              "tests": [
                {
                  "title": "Adding a compliant device should not throw exception, and the added device must be seen in queries",
                  "fullTitle": "Tests onf dao_device.ts Tests on addDevice() method Adding a compliant device should not throw exception, and the added device must be seen in queries",
                  "timedOut": false,
                  "duration": 27,
                  "state": "passed",
                  "speed": "fast",
                  "pass": true,
                  "fail": false,
                  "pending": false,
                  "context": null,
                  "code": "return __awaiter(this, void 0, void 0, function* () {\n    //This device is compliant to the specifications\n    expect(DAOTested.addDevice(new device_1.default(\"test1\", 1, \"Téléphones\", \"First test\", \"1.0\", \"\", \"0778787878\"))).not.to.be.rejected;\n    const result = yield DAOTested.get(\"test1\");\n    assert.isNotNull(result);\n    expect(result.getRef()).to.equal(\"test1\");\n    expect(result.getCategoryID()).to.equal(1);\n    expect(result.getName()).to.equal(\"First test\");\n    expect(result.getVersion()).to.equal(\"1.0\");\n    expect(result.getPhoto()).to.equal(\"\");\n    expect(result.getPhone()).to.equal(\"0778787878\");\n});",
                  "err": {},
                  "uuid": "a75d5291-9672-4ba8-8201-4390952a9438",
                  "parentUUID": "6e2e4be6-d44e-4147-ac94-92c82d3ba44a",
                  "isHook": false,
                  "skipped": false
                }
              ],
              "suites": [],
              "passes": [
                "a75d5291-9672-4ba8-8201-4390952a9438"
              ],
              "failures": [],
              "pending": [],
              "skipped": [],
              "duration": 27,
              "root": false,
              "rootEmpty": false,
              "_timeout": 2000
            },
            {
              "uuid": "f08523e0-f384-49fd-9ad3-d7f8cfad9614",
              "title": "Tests on deleteDevice() method",
              "fullFile": "/home/yohan/Loaner/tests/daotests/dao_device_test.ts",
              "file": "/tests/daotests/dao_device_test.ts",
              "beforeHooks": [],
              "afterHooks": [],
              "tests": [
                {
                  "title": "Deleting the compliant device should not throw an error, and the devices should not be queryable",
                  "fullTitle": "Tests onf dao_device.ts Tests on deleteDevice() method Deleting the compliant device should not throw an error, and the devices should not be queryable",
                  "timedOut": false,
                  "duration": 1,
                  "state": "passed",
                  "speed": "fast",
                  "pass": true,
                  "fail": false,
                  "pending": false,
                  "context": null,
                  "code": "return __awaiter(this, void 0, void 0, function* () {\n    expect(DAOTested.deleteDevice(\"test1\")).not.to.be.rejected;\n});",
                  "err": {},
                  "uuid": "e3604333-54ae-4003-b778-0e2a338299c6",
                  "parentUUID": "f08523e0-f384-49fd-9ad3-d7f8cfad9614",
                  "isHook": false,
                  "skipped": false
                },
                {
                  "title": "Deleting all the invalid devices should throw an error, or they were created earlier",
                  "fullTitle": "Tests onf dao_device.ts Tests on deleteDevice() method Deleting all the invalid devices should throw an error, or they were created earlier",
                  "timedOut": false,
                  "duration": 2,
                  "state": "passed",
                  "speed": "fast",
                  "pass": true,
                  "fail": false,
                  "pending": false,
                  "context": null,
                  "code": "return __awaiter(this, void 0, void 0, function* () {\n    expect(DAOTested.deleteDevice(\"test\")).to.be.rejected;\n    expect(DAOTested.deleteDevice(\"test33\")).to.be.rejected;\n    expect(DAOTested.deleteDevice(\"test4\")).to.be.rejected;\n    expect(DAOTested.deleteDevice(\"test5\")).to.be.rejected;\n    expect(DAOTested.deleteDevice(\"test6\")).to.be.rejected;\n    expect(DAOTested.deleteDevice(\"test7\")).to.be.rejected;\n    expect(DAOTested.deleteDevice(\"test8\")).to.be.rejected;\n    expect(DAOTested.deleteDevice(\"test9\")).to.be.rejected;\n    expect(DAOTested.deleteDevice(\"test10\")).to.be.rejected;\n    expect(DAOTested.deleteDevice(\"test11\")).to.be.rejected;\n});",
                  "err": {},
                  "uuid": "da098b9d-1316-4697-b38d-a8b0eb20afb6",
                  "parentUUID": "f08523e0-f384-49fd-9ad3-d7f8cfad9614",
                  "isHook": false,
                  "skipped": false
                }
              ],
              "suites": [],
              "passes": [
                "e3604333-54ae-4003-b778-0e2a338299c6",
                "da098b9d-1316-4697-b38d-a8b0eb20afb6"
              ],
              "failures": [],
              "pending": [],
              "skipped": [],
              "duration": 3,
              "root": false,
              "rootEmpty": false,
              "_timeout": 2000
            },
            {
              "uuid": "e291bbfa-cb44-41fd-948e-54c735e2e609",
              "title": "Tests on borrowDevice() method",
              "fullFile": "/home/yohan/Loaner/tests/daotests/dao_device_test.ts",
              "file": "/tests/daotests/dao_device_test.ts",
              "beforeHooks": [],
              "afterHooks": [],
              "tests": [
                {
                  "title": "Adding a reservation with existing ID throw an error",
                  "fullTitle": "Tests onf dao_device.ts Tests on borrowDevice() method Adding a reservation with existing ID throw an error",
                  "timedOut": false,
                  "duration": 23,
                  "state": "passed",
                  "speed": "fast",
                  "pass": true,
                  "fail": false,
                  "pending": false,
                  "context": null,
                  "code": "return __awaiter(this, void 0, void 0, function* () {\n    const reservationID = yield DAObooking.getLastId();\n    expect(DAOTested.borrowDevice([new reservation_1.default(reservationID, \"TESTB\", \"ABCDEFG\", startDate, endDate)])).to.be.rejected;\n});",
                  "err": {},
                  "uuid": "3623890e-7be0-46d2-b379-dc92d2353230",
                  "parentUUID": "e291bbfa-cb44-41fd-948e-54c735e2e609",
                  "isHook": false,
                  "skipped": false
                },
                {
                  "title": "Booking a device should throw error",
                  "fullTitle": "Tests onf dao_device.ts Tests on borrowDevice() method Booking a device should throw error",
                  "timedOut": false,
                  "duration": 1,
                  "state": "passed",
                  "speed": "fast",
                  "pass": true,
                  "fail": false,
                  "pending": false,
                  "context": null,
                  "code": "return __awaiter(this, void 0, void 0, function* () {\n    const reservationID = yield DAObooking.getLastId();\n    expect(DAOTested.borrowDevice([new reservation_1.default(reservationID + 1, \"TESTB\", \"ABCDEFG\", startDate, endDate)])).to.not.be.rejected;\n});",
                  "err": {},
                  "uuid": "beb67087-d3ad-408a-aaa2-27fb7e0c0173",
                  "parentUUID": "e291bbfa-cb44-41fd-948e-54c735e2e609",
                  "isHook": false,
                  "skipped": false
                }
              ],
              "suites": [],
              "passes": [
                "3623890e-7be0-46d2-b379-dc92d2353230",
                "beb67087-d3ad-408a-aaa2-27fb7e0c0173"
              ],
              "failures": [],
              "pending": [],
              "skipped": [],
              "duration": 24,
              "root": false,
              "rootEmpty": false,
              "_timeout": 2000
            },
            {
              "uuid": "49a76c25-03d6-4644-b9b7-99ebd12ecf06",
              "title": "Tests on getDevicesByFilter() method",
              "fullFile": "/home/yohan/Loaner/tests/daotests/dao_device_test.ts",
              "file": "/tests/daotests/dao_device_test.ts",
              "beforeHooks": [],
              "afterHooks": [],
              "tests": [
                {
                  "title": "Research with empty filters should throw error",
                  "fullTitle": "Tests onf dao_device.ts Tests on getDevicesByFilter() method Research with empty filters should throw error",
                  "timedOut": false,
                  "duration": 1,
                  "state": "passed",
                  "speed": "fast",
                  "pass": true,
                  "fail": false,
                  "pending": false,
                  "context": null,
                  "code": "return __awaiter(this, void 0, void 0, function* () {\n    expect(DAOTested.getDevicesByFilter(\"\", \"\", -1)).to.be.rejected;\n});",
                  "err": {},
                  "uuid": "410c9502-752c-41ad-ba01-641f4b1f2b20",
                  "parentUUID": "49a76c25-03d6-4644-b9b7-99ebd12ecf06",
                  "isHook": false,
                  "skipped": false
                },
                {
                  "title": "Checking if all the filters works well",
                  "fullTitle": "Tests onf dao_device.ts Tests on getDevicesByFilter() method Checking if all the filters works well",
                  "timedOut": false,
                  "duration": 27,
                  "state": "passed",
                  "speed": "fast",
                  "pass": true,
                  "fail": false,
                  "pending": false,
                  "context": null,
                  "code": "return __awaiter(this, void 0, void 0, function* () {\n    yield DAOTested.addDevice.bind(DAOTested, new device_1.default(\"test1\", 1, \"Téléphones\", \"Test filters\", \"1.0\", \"\", \"0778787878\"));\n    let result = yield DAOTested.getDevicesByFilter(\"Test filters\", \"\", -1);\n    result.forEach(function (device) {\n        assert.equal(device.getName(), \"Test filters\");\n    });\n    result = yield DAOTested.getDevicesByFilter(\"\", \"test1\", -1);\n    result.forEach(function (device) {\n        assert.equal(device.getRef(), \"test1\");\n    });\n    result = yield DAOTested.getDevicesByFilter(\"\", \"\", 1);\n    expect(result.map((device) => { return device.getName(); })).to.have.members([\"Huawei P80\", \"Samsung Galaxy S1000\"]);\n    yield DAOTested.deleteDevice.bind(DAOTested, \"test1\");\n});",
                  "err": {},
                  "uuid": "ae4b3289-209d-4f17-aac6-e44a0b47a5a2",
                  "parentUUID": "49a76c25-03d6-4644-b9b7-99ebd12ecf06",
                  "isHook": false,
                  "skipped": false
                }
              ],
              "suites": [],
              "passes": [
                "410c9502-752c-41ad-ba01-641f4b1f2b20",
                "ae4b3289-209d-4f17-aac6-e44a0b47a5a2"
              ],
              "failures": [],
              "pending": [],
              "skipped": [],
              "duration": 28,
              "root": false,
              "rootEmpty": false,
              "_timeout": 2000
            }
          ],
          "passes": [],
          "failures": [],
          "pending": [],
          "skipped": [],
          "duration": 0,
          "root": false,
          "rootEmpty": false,
          "_timeout": 2000
        },
        {
          "uuid": "c652ce8f-78d5-4fed-a7ac-dab098f0fc11",
          "title": "Tests on dao_reservation.ts",
          "fullFile": "/home/yohan/Loaner/tests/daotests/dao_reservation_test.ts",
          "file": "/tests/daotests/dao_reservation_test.ts",
          "beforeHooks": [
            {
              "title": "\"before all\" hook in \"Tests on dao_reservation.ts\"",
              "fullTitle": "Tests on dao_reservation.ts \"before all\" hook in \"Tests on dao_reservation.ts\"",
              "timedOut": false,
              "duration": 13,
              "state": null,
              "speed": null,
              "pass": false,
              "fail": false,
              "pending": false,
              "context": null,
              "code": "__awaiter(this, void 0, void 0, function* () {\n        yield create_db_1.default();\n    })",
              "err": {},
              "uuid": "3f58261e-2f56-4baf-b5b4-f1b5a5be58e7",
              "parentUUID": "c652ce8f-78d5-4fed-a7ac-dab098f0fc11",
              "isHook": true,
              "skipped": false
            }
          ],
          "afterHooks": [],
          "tests": [],
          "suites": [
            {
              "uuid": "17b298b7-7533-4b08-aa56-6e3e213a4715",
              "title": "Tests on getLastid() method",
              "fullFile": "/home/yohan/Loaner/tests/daotests/dao_reservation_test.ts",
              "file": "/tests/daotests/dao_reservation_test.ts",
              "beforeHooks": [],
              "afterHooks": [],
              "tests": [
                {
                  "title": "The Id must be positive",
                  "fullTitle": "Tests on dao_reservation.ts Tests on getLastid() method The Id must be positive",
                  "timedOut": false,
                  "duration": 1,
                  "state": "passed",
                  "speed": "fast",
                  "pass": true,
                  "fail": false,
                  "pending": false,
                  "context": null,
                  "code": "return __awaiter(this, void 0, void 0, function* () {\n    const result = yield DAOTested.getLastId();\n    assert.isAbove(result, 0);\n});",
                  "err": {},
                  "uuid": "321c72d3-359b-4f71-b4ae-274fa6c442ce",
                  "parentUUID": "17b298b7-7533-4b08-aa56-6e3e213a4715",
                  "isHook": false,
                  "skipped": false
                }
              ],
              "suites": [],
              "passes": [
                "321c72d3-359b-4f71-b4ae-274fa6c442ce"
              ],
              "failures": [],
              "pending": [],
              "skipped": [],
              "duration": 1,
              "root": false,
              "rootEmpty": false,
              "_timeout": 2000
            },
            {
              "uuid": "6a745833-789f-42d4-9254-d14de0fe2e78",
              "title": "Tests on historyDevice() method",
              "fullFile": "/home/yohan/Loaner/tests/daotests/dao_reservation_test.ts",
              "file": "/tests/daotests/dao_reservation_test.ts",
              "beforeHooks": [],
              "afterHooks": [],
              "tests": [
                {
                  "title": "The users of a reservation must be registered",
                  "fullTitle": "Tests on dao_reservation.ts Tests on historyDevice() method The users of a reservation must be registered",
                  "timedOut": false,
                  "duration": 4,
                  "state": "passed",
                  "speed": "fast",
                  "pass": true,
                  "fail": false,
                  "pending": false,
                  "context": null,
                  "code": "return __awaiter(this, void 0, void 0, function* () {\n    const users = yield DAOuser.getAll();\n    const result = yield DAOTested.historyDevice(\"AN001\");\n    let check = false;\n    result.forEach(function (booking) {\n        users.forEach(function (user) {\n            if (booking.getUserID() == user.getId())\n                check = true;\n        });\n    });\n    assert.isTrue(check);\n});",
                  "err": {},
                  "uuid": "e5ce7dab-9e99-4ec4-916c-1fbade78a92a",
                  "parentUUID": "6a745833-789f-42d4-9254-d14de0fe2e78",
                  "isHook": false,
                  "skipped": false
                },
                {
                  "title": "The devices of a reservation must be registered",
                  "fullTitle": "Tests on dao_reservation.ts Tests on historyDevice() method The devices of a reservation must be registered",
                  "timedOut": false,
                  "duration": 12,
                  "state": "passed",
                  "speed": "fast",
                  "pass": true,
                  "fail": false,
                  "pending": false,
                  "context": null,
                  "code": "return __awaiter(this, void 0, void 0, function* () {\n    const devices = yield DAOdevice.getAll();\n    const result = yield DAOTested.historyDevice(\"AN001\");\n    let check = false;\n    result.forEach(function (booking) {\n        devices.forEach(function (device) {\n            if (booking.getDevice().match(device.getRef()))\n                check = true;\n        });\n    });\n    assert.isTrue(check);\n});",
                  "err": {},
                  "uuid": "0f48532f-64cf-4518-9248-8a9d3032d399",
                  "parentUUID": "6a745833-789f-42d4-9254-d14de0fe2e78",
                  "isHook": false,
                  "skipped": false
                },
                {
                  "title": "The start date must be earlier than the two others",
                  "fullTitle": "Tests on dao_reservation.ts Tests on historyDevice() method The start date must be earlier than the two others",
                  "timedOut": false,
                  "duration": 1,
                  "state": "passed",
                  "speed": "fast",
                  "pass": true,
                  "fail": false,
                  "pending": false,
                  "context": null,
                  "code": "return __awaiter(this, void 0, void 0, function* () {\n    const result = yield DAOTested.historyDevice(\"AN002\");\n    result.forEach(function (booking) {\n        assert.notDeepEqual(booking.getStartDate(), booking.getReturnDate());\n        assert.notDeepEqual(booking.getStartDate(), booking.getEndDate());\n        assert.isAbove(booking.getReturnDate().getTime(), booking.getStartDate().getTime());\n        assert.isAbove(booking.getEndDate().getTime(), booking.getStartDate().getTime());\n    });\n});",
                  "err": {},
                  "uuid": "abefa282-a4e3-432b-aad7-6b4f2170597e",
                  "parentUUID": "6a745833-789f-42d4-9254-d14de0fe2e78",
                  "isHook": false,
                  "skipped": false
                }
              ],
              "suites": [],
              "passes": [
                "e5ce7dab-9e99-4ec4-916c-1fbade78a92a",
                "0f48532f-64cf-4518-9248-8a9d3032d399",
                "abefa282-a4e3-432b-aad7-6b4f2170597e"
              ],
              "failures": [],
              "pending": [],
              "skipped": [],
              "duration": 17,
              "root": false,
              "rootEmpty": false,
              "_timeout": 2000
            },
            {
              "uuid": "c62afe99-e9a8-421c-bef2-935a7a277b06",
              "title": "Tests on getUserHistory() method",
              "fullFile": "/home/yohan/Loaner/tests/daotests/dao_reservation_test.ts",
              "file": "/tests/daotests/dao_reservation_test.ts",
              "beforeHooks": [],
              "afterHooks": [],
              "tests": [
                {
                  "title": "The result type must be an array",
                  "fullTitle": "Tests on dao_reservation.ts Tests on getUserHistory() method The result type must be an array",
                  "timedOut": false,
                  "duration": 1,
                  "state": "passed",
                  "speed": "fast",
                  "pass": true,
                  "fail": false,
                  "pending": false,
                  "context": null,
                  "code": "return __awaiter(this, void 0, void 0, function* () {\n    const result = yield DAOTested.getUserHistory(\"HIJKLMN\");\n    assert.isTrue(Array.isArray(result));\n});",
                  "err": {},
                  "uuid": "176c1a6b-a77e-4c79-806c-9e7d08b505ab",
                  "parentUUID": "c62afe99-e9a8-421c-bef2-935a7a277b06",
                  "isHook": false,
                  "skipped": false
                },
                {
                  "title": "The id reservation must be positive",
                  "fullTitle": "Tests on dao_reservation.ts Tests on getUserHistory() method The id reservation must be positive",
                  "timedOut": false,
                  "duration": 1,
                  "state": "passed",
                  "speed": "fast",
                  "pass": true,
                  "fail": false,
                  "pending": false,
                  "context": null,
                  "code": "return __awaiter(this, void 0, void 0, function* () {\n    const result = yield DAOTested.getUserHistory(\"HIJKLMN\");\n    result.forEach((reservation) => {\n        assert.isAbove(reservation.getID(), 0);\n    });\n});",
                  "err": {},
                  "uuid": "08250034-8513-4872-9ba2-99c3d4265fc6",
                  "parentUUID": "c62afe99-e9a8-421c-bef2-935a7a277b06",
                  "isHook": false,
                  "skipped": false
                },
                {
                  "title": "The start date must be earlier than the two others",
                  "fullTitle": "Tests on dao_reservation.ts Tests on getUserHistory() method The start date must be earlier than the two others",
                  "timedOut": false,
                  "duration": 1,
                  "state": "passed",
                  "speed": "fast",
                  "pass": true,
                  "fail": false,
                  "pending": false,
                  "context": null,
                  "code": "return __awaiter(this, void 0, void 0, function* () {\n    const result = yield DAOTested.getUserHistory(\"ABCDEFG\");\n    result.forEach(function (booking) {\n        assert.notDeepEqual(booking.getStartDate(), booking.getReturnDate());\n        assert.notDeepEqual(booking.getStartDate(), booking.getEndDate());\n        if (!booking.getReturnDate()) {\n            assert.isAbove(booking.getReturnDate().getTime(), booking.getStartDate().getTime());\n        }\n        assert.isAbove(booking.getEndDate().getTime(), booking.getStartDate().getTime());\n    });\n});",
                  "err": {},
                  "uuid": "d41db937-9c8a-4d82-b1d3-38e77821b806",
                  "parentUUID": "c62afe99-e9a8-421c-bef2-935a7a277b06",
                  "isHook": false,
                  "skipped": false
                }
              ],
              "suites": [],
              "passes": [
                "176c1a6b-a77e-4c79-806c-9e7d08b505ab",
                "08250034-8513-4872-9ba2-99c3d4265fc6",
                "d41db937-9c8a-4d82-b1d3-38e77821b806"
              ],
              "failures": [],
              "pending": [],
              "skipped": [],
              "duration": 3,
              "root": false,
              "rootEmpty": false,
              "_timeout": 2000
            },
            {
              "uuid": "f9ad51b2-5ec0-4ea3-af46-2ca636da9955",
              "title": "Tests on getAllReservationsDevice() method",
              "fullFile": "/home/yohan/Loaner/tests/daotests/dao_reservation_test.ts",
              "file": "/tests/daotests/dao_reservation_test.ts",
              "beforeHooks": [],
              "afterHooks": [],
              "tests": [
                {
                  "title": "The result type must be an array",
                  "fullTitle": "Tests on dao_reservation.ts Tests on getAllReservationsDevice() method The result type must be an array",
                  "timedOut": false,
                  "duration": 0,
                  "state": "passed",
                  "speed": "fast",
                  "pass": true,
                  "fail": false,
                  "pending": false,
                  "context": null,
                  "code": "return __awaiter(this, void 0, void 0, function* () {\n    const result = yield DAOTested.getAllReservationsDevice(\"AN002\");\n    assert.isTrue(Array.isArray(result));\n});",
                  "err": {},
                  "uuid": "1fbba8e8-29fd-4ec0-b0b2-2782d30d5146",
                  "parentUUID": "f9ad51b2-5ec0-4ea3-af46-2ca636da9955",
                  "isHook": false,
                  "skipped": false
                },
                {
                  "title": "The id reservation must be positive",
                  "fullTitle": "Tests on dao_reservation.ts Tests on getAllReservationsDevice() method The id reservation must be positive",
                  "timedOut": false,
                  "duration": 0,
                  "state": "passed",
                  "speed": "fast",
                  "pass": true,
                  "fail": false,
                  "pending": false,
                  "context": null,
                  "code": "return __awaiter(this, void 0, void 0, function* () {\n    const result = yield DAOTested.getAllReservationsDevice(\"AN002\");\n    result.forEach((reservation) => {\n        assert.isAbove(reservation.getID(), 0);\n    });\n});",
                  "err": {},
                  "uuid": "c414dfdd-bddc-494e-8e56-5a634e04d640",
                  "parentUUID": "f9ad51b2-5ec0-4ea3-af46-2ca636da9955",
                  "isHook": false,
                  "skipped": false
                },
                {
                  "title": "The start date must be earlier than the two others",
                  "fullTitle": "Tests on dao_reservation.ts Tests on getAllReservationsDevice() method The start date must be earlier than the two others",
                  "timedOut": false,
                  "duration": 0,
                  "state": "passed",
                  "speed": "fast",
                  "pass": true,
                  "fail": false,
                  "pending": false,
                  "context": null,
                  "code": "return __awaiter(this, void 0, void 0, function* () {\n    const result = yield DAOTested.getAllReservationsDevice(\"AN002\");\n    result.forEach(function (booking) {\n        assert.notDeepEqual(booking.getStartDate(), booking.getReturnDate());\n        assert.notDeepEqual(booking.getStartDate(), booking.getEndDate());\n        assert.isAbove(booking.getReturnDate().getTime(), booking.getStartDate().getTime());\n        assert.isAbove(booking.getEndDate().getTime(), booking.getStartDate().getTime());\n    });\n});",
                  "err": {},
                  "uuid": "b154bf3b-ecaf-4355-9137-b83d37c38fbd",
                  "parentUUID": "f9ad51b2-5ec0-4ea3-af46-2ca636da9955",
                  "isHook": false,
                  "skipped": false
                }
              ],
              "suites": [],
              "passes": [
                "1fbba8e8-29fd-4ec0-b0b2-2782d30d5146",
                "c414dfdd-bddc-494e-8e56-5a634e04d640",
                "b154bf3b-ecaf-4355-9137-b83d37c38fbd"
              ],
              "failures": [],
              "pending": [],
              "skipped": [],
              "duration": 0,
              "root": false,
              "rootEmpty": false,
              "_timeout": 2000
            },
            {
              "uuid": "e3dd5c55-0e74-495c-9238-fc4bccdb0356",
              "title": "Tests on hasReservationWithInfos() method",
              "fullFile": "/home/yohan/Loaner/tests/daotests/dao_reservation_test.ts",
              "file": "/tests/daotests/dao_reservation_test.ts",
              "beforeHooks": [],
              "afterHooks": [],
              "tests": [
                {
                  "title": "An existing reservation must be seen in the database",
                  "fullTitle": "Tests on dao_reservation.ts Tests on hasReservationWithInfos() method An existing reservation must be seen in the database",
                  "timedOut": false,
                  "duration": 3,
                  "state": "passed",
                  "speed": "fast",
                  "pass": true,
                  "fail": false,
                  "pending": false,
                  "context": null,
                  "code": "return __awaiter(this, void 0, void 0, function* () {\n    const result = yield DAOTested.hasReservationWithInfos(\"AN001\", new Date(2021, 0, 5), new Date(2021, 0, 8));\n    expect(result).to.be.true;\n});",
                  "err": {},
                  "uuid": "7574f53f-2287-4622-a197-aaae7516a469",
                  "parentUUID": "e3dd5c55-0e74-495c-9238-fc4bccdb0356",
                  "isHook": false,
                  "skipped": false
                },
                {
                  "title": "An inexisting reservation must not appear in the database",
                  "fullTitle": "Tests on dao_reservation.ts Tests on hasReservationWithInfos() method An inexisting reservation must not appear in the database",
                  "timedOut": false,
                  "duration": 2,
                  "state": "passed",
                  "speed": "fast",
                  "pass": true,
                  "fail": false,
                  "pending": false,
                  "context": null,
                  "code": "return __awaiter(this, void 0, void 0, function* () {\n    expect(yield DAOTested.hasReservationWithInfos(\"AN003\", new Date(2021, 0, 5), new Date(2021, 0, 8))).to.be.false;\n    expect(yield DAOTested.hasReservationWithInfos(\"AN001\", new Date(2021, 0, 1), new Date(2021, 0, 4))).to.be.false;\n    expect(yield DAOTested.hasReservationWithInfos(\"AN001\", new Date(2021, 1, 9), new Date(2021, 1, 20))).to.be.false;\n    expect(yield DAOTested.hasReservationWithInfos(\"AN003\", new Date(2021, 0, 6), new Date(2021, 0, 8))).to.be.false;\n    expect(yield DAOTested.hasReservationWithInfos(\"AN003\", new Date(2021, 0, 5), new Date(2021, 1, 12))).to.be.false;\n    expect(yield DAOTested.hasReservationWithInfos(\"AN003\", new Date(2021, 2, 27), new Date(2021, 0, 8))).to.be.false;\n});",
                  "err": {},
                  "uuid": "78394917-e280-4490-b9f8-efb01da5dd16",
                  "parentUUID": "e3dd5c55-0e74-495c-9238-fc4bccdb0356",
                  "isHook": false,
                  "skipped": false
                }
              ],
              "suites": [],
              "passes": [
                "7574f53f-2287-4622-a197-aaae7516a469",
                "78394917-e280-4490-b9f8-efb01da5dd16"
              ],
              "failures": [],
              "pending": [],
              "skipped": [],
              "duration": 5,
              "root": false,
              "rootEmpty": false,
              "_timeout": 2000
            }
          ],
          "passes": [],
          "failures": [],
          "pending": [],
          "skipped": [],
          "duration": 0,
          "root": false,
          "rootEmpty": false,
          "_timeout": 2000
        },
        {
          "uuid": "1d749ac9-80fc-4518-a9e6-7bb697902ee9",
          "title": "Tests on dao_user.ts",
          "fullFile": "/home/yohan/Loaner/tests/daotests/dao_user_test.ts",
          "file": "/tests/daotests/dao_user_test.ts",
          "beforeHooks": [
            {
              "title": "\"before all\" hook in \"Tests on dao_user.ts\"",
              "fullTitle": "Tests on dao_user.ts \"before all\" hook in \"Tests on dao_user.ts\"",
              "timedOut": false,
              "duration": 12,
              "state": null,
              "speed": null,
              "pass": false,
              "fail": false,
              "pending": false,
              "context": null,
              "code": "__awaiter(this, void 0, void 0, function* () {\n        yield create_db_1.default();\n    })",
              "err": {},
              "uuid": "13fa9fed-f7f5-4195-a3af-aec71bd3a7c1",
              "parentUUID": "1d749ac9-80fc-4518-a9e6-7bb697902ee9",
              "isHook": true,
              "skipped": false
            }
          ],
          "afterHooks": [],
          "tests": [],
          "suites": [
            {
              "uuid": "67cc27d1-bf77-4bf9-bce8-278c1d69c9bc",
              "title": "Tests on getAll() method",
              "fullFile": "/home/yohan/Loaner/tests/daotests/dao_user_test.ts",
              "file": "/tests/daotests/dao_user_test.ts",
              "beforeHooks": [],
              "afterHooks": [],
              "tests": [
                {
                  "title": "The result type must be an array of user",
                  "fullTitle": "Tests on dao_user.ts Tests on getAll() method The result type must be an array of user",
                  "timedOut": false,
                  "duration": 1,
                  "state": "passed",
                  "speed": "fast",
                  "pass": true,
                  "fail": false,
                  "pending": false,
                  "context": null,
                  "code": "return __awaiter(this, void 0, void 0, function* () {\n    const result = yield DAOTested.getAll();\n    expect(Array.isArray(result)).to.equal(true);\n});",
                  "err": {},
                  "uuid": "ece2b476-df97-4703-8a1f-bddae9020fa3",
                  "parentUUID": "67cc27d1-bf77-4bf9-bce8-278c1d69c9bc",
                  "isHook": false,
                  "skipped": false
                },
                {
                  "title": "The users must have a 7 characters ID",
                  "fullTitle": "Tests on dao_user.ts Tests on getAll() method The users must have a 7 characters ID",
                  "timedOut": false,
                  "duration": 0,
                  "state": "passed",
                  "speed": "fast",
                  "pass": true,
                  "fail": false,
                  "pending": false,
                  "context": null,
                  "code": "return __awaiter(this, void 0, void 0, function* () {\n    const result = yield DAOTested.getAll();\n    result.map((user) => {\n        assert.equal(user.getId().length, 7);\n    });\n});",
                  "err": {},
                  "uuid": "b476fe38-f639-4c2e-a36d-49f0c4460f6a",
                  "parentUUID": "67cc27d1-bf77-4bf9-bce8-278c1d69c9bc",
                  "isHook": false,
                  "skipped": false
                },
                {
                  "title": "The users must not have empty names or surname",
                  "fullTitle": "Tests on dao_user.ts Tests on getAll() method The users must not have empty names or surname",
                  "timedOut": false,
                  "duration": 1,
                  "state": "passed",
                  "speed": "fast",
                  "pass": true,
                  "fail": false,
                  "pending": false,
                  "context": null,
                  "code": "return __awaiter(this, void 0, void 0, function* () {\n    const result = yield DAOTested.getAll();\n    result.map((user) => {\n        assert.isNotEmpty(user.getFirstName());\n        assert.isNotEmpty(user.getLastName());\n    });\n});",
                  "err": {},
                  "uuid": "54338498-7a03-49fa-a3a6-ac5973f82a66",
                  "parentUUID": "67cc27d1-bf77-4bf9-bce8-278c1d69c9bc",
                  "isHook": false,
                  "skipped": false
                },
                {
                  "title": "The users must have a valid email",
                  "fullTitle": "Tests on dao_user.ts Tests on getAll() method The users must have a valid email",
                  "timedOut": false,
                  "duration": 2,
                  "state": "passed",
                  "speed": "fast",
                  "pass": true,
                  "fail": false,
                  "pending": false,
                  "context": null,
                  "code": "return __awaiter(this, void 0, void 0, function* () {\n    const result = yield DAOTested.getAll();\n    result.map((user) => {\n        assert.match(user.getEmail(), /^[^@\\s]+@[^@\\s]+\\.[^@\\s]+$/);\n    });\n});",
                  "err": {},
                  "uuid": "4017d976-082f-4c3a-8834-1fff3ffbdf57",
                  "parentUUID": "67cc27d1-bf77-4bf9-bce8-278c1d69c9bc",
                  "isHook": false,
                  "skipped": false
                }
              ],
              "suites": [],
              "passes": [
                "ece2b476-df97-4703-8a1f-bddae9020fa3",
                "b476fe38-f639-4c2e-a36d-49f0c4460f6a",
                "54338498-7a03-49fa-a3a6-ac5973f82a66",
                "4017d976-082f-4c3a-8834-1fff3ffbdf57"
              ],
              "failures": [],
              "pending": [],
              "skipped": [],
              "duration": 4,
              "root": false,
              "rootEmpty": false,
              "_timeout": 2000
            },
            {
              "uuid": "e837caea-7e67-45c7-8fed-1dc4730d4805",
              "title": "Tests on getUser() method",
              "fullFile": "/home/yohan/Loaner/tests/daotests/dao_user_test.ts",
              "file": "/tests/daotests/dao_user_test.ts",
              "beforeHooks": [],
              "afterHooks": [],
              "tests": [
                {
                  "title": "The user get must not have empty name or surname",
                  "fullTitle": "Tests on dao_user.ts Tests on getUser() method The user get must not have empty name or surname",
                  "timedOut": false,
                  "duration": 1,
                  "state": "passed",
                  "speed": "fast",
                  "pass": true,
                  "fail": false,
                  "pending": false,
                  "context": null,
                  "code": "return __awaiter(this, void 0, void 0, function* () {\n    const result = yield DAOTested.getUser(\"ABCDEFG\");\n    assert.isNotEmpty(result.getFirstName());\n    assert.isNotEmpty(result.getLastName());\n});",
                  "err": {},
                  "uuid": "f78149c0-974f-423a-818e-c7660cfe0e73",
                  "parentUUID": "e837caea-7e67-45c7-8fed-1dc4730d4805",
                  "isHook": false,
                  "skipped": false
                },
                {
                  "title": "The user must have a valid email",
                  "fullTitle": "Tests on dao_user.ts Tests on getUser() method The user must have a valid email",
                  "timedOut": false,
                  "duration": 0,
                  "state": "passed",
                  "speed": "fast",
                  "pass": true,
                  "fail": false,
                  "pending": false,
                  "context": null,
                  "code": "return __awaiter(this, void 0, void 0, function* () {\n    const result = yield DAOTested.getUser(\"ABCDEFG\");\n    assert.match(result.getEmail(), /^[^@\\s]+@[^@\\s]+\\.[^@\\s]+$/);\n});",
                  "err": {},
                  "uuid": "15f50f52-95ca-4b1e-b885-2613ed1749ea",
                  "parentUUID": "e837caea-7e67-45c7-8fed-1dc4730d4805",
                  "isHook": false,
                  "skipped": false
                }
              ],
              "suites": [],
              "passes": [
                "f78149c0-974f-423a-818e-c7660cfe0e73",
                "15f50f52-95ca-4b1e-b885-2613ed1749ea"
              ],
              "failures": [],
              "pending": [],
              "skipped": [],
              "duration": 1,
              "root": false,
              "rootEmpty": false,
              "_timeout": 2000
            },
            {
              "uuid": "5080d5fc-5b17-47f8-8126-8a9e02adbff7",
              "title": "Tests on getLastId() method",
              "fullFile": "/home/yohan/Loaner/tests/daotests/dao_user_test.ts",
              "file": "/tests/daotests/dao_user_test.ts",
              "beforeHooks": [],
              "afterHooks": [],
              "tests": [
                {
                  "title": "The last id must not be empty",
                  "fullTitle": "Tests on dao_user.ts Tests on getLastId() method The last id must not be empty",
                  "timedOut": false,
                  "duration": 1,
                  "state": "passed",
                  "speed": "fast",
                  "pass": true,
                  "fail": false,
                  "pending": false,
                  "context": null,
                  "code": "return __awaiter(this, void 0, void 0, function* () {\n    const result = yield DAOTested.getLastId();\n    assert.isNotEmpty(result.getId());\n});",
                  "err": {},
                  "uuid": "e5bc94f5-3da6-44ec-8c8b-1837e909273b",
                  "parentUUID": "5080d5fc-5b17-47f8-8126-8a9e02adbff7",
                  "isHook": false,
                  "skipped": false
                }
              ],
              "suites": [],
              "passes": [
                "e5bc94f5-3da6-44ec-8c8b-1837e909273b"
              ],
              "failures": [],
              "pending": [],
              "skipped": [],
              "duration": 1,
              "root": false,
              "rootEmpty": false,
              "_timeout": 2000
            },
[...]
              "speed": "fast",
              "pass": true,
              "fail": false,
              "pending": false,
              "context": null,
              "code": "supertest_1.default(server_1.app)\n    .post('/api/users/modify')\n    .set('Content-Type', 'application/json')\n    .set(\"x-access-token\", helper.getToken())\n    .send({\n    id: \"INVALID\",\n    firstName: \"Jean\",\n    lastName: \"Dupont\",\n    email: \"jdupont@mail.fr\",\n    admin: false\n})\n    .expect('Content-Type', /json/)\n    .expect(400, {\n    error: true,\n    message: \"User with this ID doesn't exists\"\n}, done);",
              "err": {},
              "uuid": "6b14632b-0876-4885-801c-134ee1f404cc",
              "parentUUID": "fd309604-8905-4537-bd59-6fc1eb2ec57a",
              "isHook": false,
              "skipped": false
            },
            {
              "title": "responds error for invalid user with already existing email",
              "fullTitle": "POST /user/modify responds error for invalid user with already existing email",
              "timedOut": false,
              "duration": 5,
              "state": "passed",
              "speed": "fast",
              "pass": true,
              "fail": false,
              "pending": false,
              "context": null,
              "code": "supertest_1.default(server_1.app)\n    .post('/api/users/modify')\n    .set('Content-Type', 'application/json')\n    .set(\"x-access-token\", helper.getToken())\n    .send({\n    id: \"HIJKLMN\",\n    firstName: \"Jean\",\n    lastName: \"Dupont\",\n    email: \"lilianb@mail.fr\",\n    admin: false\n})\n    .expect('Content-Type', /json/)\n    .expect(400, {\n    error: true,\n    message: \"User with this email already exists\"\n}, done);",
              "err": {},
              "uuid": "13a028d5-f290-4d0a-a572-366e70db59fd",
              "parentUUID": "fd309604-8905-4537-bd59-6fc1eb2ec57a",
              "isHook": false,
              "skipped": false
            },
            {
              "title": "responds error with no token",
              "fullTitle": "POST /user/modify responds error with no token",
              "timedOut": false,
              "duration": 4,
              "state": "passed",
              "speed": "fast",
              "pass": true,
              "fail": false,
              "pending": false,
              "context": null,
              "code": "test.set('Accept', 'application/json')\n    .expect('Content-Type', /json/)\n    .expect(401, {\n    error: true,\n    message: \"No token specified\"\n}, done);",
              "err": {},
              "uuid": "cd4c11a1-7ae5-4760-8dfd-c310eab3b70e",
              "parentUUID": "fd309604-8905-4537-bd59-6fc1eb2ec57a",
              "isHook": false,
              "skipped": false
            },
            {
              "title": "responds error with invalid token",
              "fullTitle": "POST /user/modify responds error with invalid token",
              "timedOut": false,
              "duration": 10,
              "state": "passed",
              "speed": "fast",
              "pass": true,
              "fail": false,
              "pending": false,
              "context": null,
              "code": "test\n    .set('Accept', 'application/json')\n    .set(\"x-access-token\", invalidToken)\n    .expect('Content-Type', /json/)\n    .expect(401, {\n    error: true,\n    message: \"Invalid token\"\n}, done);",
              "err": {},
              "uuid": "809831ae-6b8d-45bb-a2ee-1f16ea8a4901",
              "parentUUID": "fd309604-8905-4537-bd59-6fc1eb2ec57a",
              "isHook": false,
              "skipped": false
            },
            {
              "title": "responds error with not admin privileges token",
              "fullTitle": "POST /user/modify responds error with not admin privileges token",
              "timedOut": false,
              "duration": 7,
              "state": "passed",
              "speed": "fast",
              "pass": true,
              "fail": false,
              "pending": false,
              "context": null,
              "code": "test\n    .set('Accept', 'application/json')\n    .set(\"x-access-token\", tokenNoAdmin)\n    .expect('Content-Type', /json/)\n    .expect(401, {\n    error: true,\n    message: \"This endpoint requires admin privileges\"\n}, done);",
              "err": {},
              "uuid": "21b4aef0-feea-446a-8e9c-3330be43ac9f",
              "parentUUID": "fd309604-8905-4537-bd59-6fc1eb2ec57a",
              "isHook": false,
              "skipped": false
            },
            {
              "title": "user modification works",
              "fullTitle": "POST /user/modify user modification works",
              "timedOut": false,
              "duration": 36,
              "state": "passed",
              "speed": "fast",
              "pass": true,
              "fail": false,
              "pending": false,
              "context": null,
              "code": "supertest_1.default(server_1.app)\n    .post('/api/users/modify')\n    .set('Content-Type', 'application/json')\n    .set(\"x-access-token\", helper.getToken())\n    .send({\n    id: \"HIJKLMN\",\n    firstName: \"M\",\n    lastName: \"P\",\n    email: \"psqrm@mail.fr\",\n    admin: false\n})\n    .expect('Content-Type', /json/)\n    .expect(201, () => {\n    supertest_1.default(server_1.app)\n        .get('/api/users/HIJKLMN')\n        .set('Accept', 'application/json')\n        .set(\"x-access-token\", helper.getToken())\n        .expect('Content-Type', /json/)\n        .expect(200, {\n        id: \"HIJKLMN\",\n        firstName: \"M\",\n        lastName: \"P\",\n        email: \"psqrm@mail.fr\",\n        admin: false,\n        temporaryPassword: false\n    }, done);\n});",
              "err": {},
              "uuid": "4a03552e-df15-464b-97d6-713be5a013d9",
              "parentUUID": "fd309604-8905-4537-bd59-6fc1eb2ec57a",
              "isHook": false,
              "skipped": false
            }
          ],
          "suites": [],
          "passes": [
            "6b14632b-0876-4885-801c-134ee1f404cc",
            "13a028d5-f290-4d0a-a572-366e70db59fd",
            "cd4c11a1-7ae5-4760-8dfd-c310eab3b70e",
            "809831ae-6b8d-45bb-a2ee-1f16ea8a4901",
            "21b4aef0-feea-446a-8e9c-3330be43ac9f",
            "4a03552e-df15-464b-97d6-713be5a013d9"
          ],
          "failures": [],
          "pending": [],
          "skipped": [],
          "duration": 69,
          "root": false,
          "rootEmpty": false,
          "_timeout": 2000
        },
        {
          "uuid": "704cc8d1-0eec-4080-a065-b946c8af8364",
          "title": "DELETE /user/delete/:userId",
          "fullFile": "/home/yohan/Loaner/tests/routestests/user_route_test.ts",
          "file": "/tests/routestests/user_route_test.ts",
          "beforeHooks": [
            {
              "title": "\"before each\" hook in \"DELETE /user/delete/:userId\"",
              "fullTitle": "DELETE /user/delete/:userId \"before each\" hook in \"DELETE /user/delete/:userId\"",
              "timedOut": false,
              "duration": 16,
              "state": null,
              "speed": null,
              "pass": false,
              "fail": false,
              "pending": false,
              "context": null,
              "code": "__awaiter(this, void 0, void 0, function* () {\n        yield create_db_1.default();\n    })",
              "err": {},
              "uuid": "6eff9b94-2f81-4c6c-89ff-d4e70d48ee62",
              "parentUUID": "704cc8d1-0eec-4080-a065-b946c8af8364",
              "isHook": true,
              "skipped": false
            }
          ],
          "afterHooks": [],
          "tests": [
            {
              "title": "responds error with invalid user id",
              "fullTitle": "DELETE /user/delete/:userId responds error with invalid user id",
              "timedOut": false,
              "duration": 7,
              "state": "passed",
              "speed": "fast",
              "pass": true,
              "fail": false,
              "pending": false,
              "context": null,
              "code": "supertest_1.default(server_1.app)\n    .delete('/api/users/delete/INVALID')\n    .set('Accept', 'application/json')\n    .set(\"x-access-token\", helper.getToken())\n    .expect('Content-Type', /json/)\n    .expect(400, {\n    error: true,\n    message: \"User with this ID doesn't exists\"\n}, done);",
              "err": {},
              "uuid": "00240a88-f85a-4d2a-a5e5-d022581a1172",
              "parentUUID": "704cc8d1-0eec-4080-a065-b946c8af8364",
              "isHook": false,
              "skipped": false
            },
            {
              "title": "responds error with no token",
              "fullTitle": "DELETE /user/delete/:userId responds error with no token",
              "timedOut": false,
              "duration": 4,
              "state": "passed",
              "speed": "fast",
              "pass": true,
              "fail": false,
              "pending": false,
              "context": null,
              "code": "test.set('Accept', 'application/json')\n    .expect('Content-Type', /json/)\n    .expect(401, {\n    error: true,\n    message: \"No token specified\"\n}, done);",
              "err": {},
              "uuid": "1f63c83a-5d8d-463d-bd95-e6ff63a8c8c7",
              "parentUUID": "704cc8d1-0eec-4080-a065-b946c8af8364",
              "isHook": false,
              "skipped": false
            },
            {
              "title": "responds error with invalid token",
              "fullTitle": "DELETE /user/delete/:userId responds error with invalid token",
              "timedOut": false,
              "duration": 3,
              "state": "passed",
              "speed": "fast",
              "pass": true,
              "fail": false,
              "pending": false,
              "context": null,
              "code": "test\n    .set('Accept', 'application/json')\n    .set(\"x-access-token\", invalidToken)\n    .expect('Content-Type', /json/)\n    .expect(401, {\n    error: true,\n    message: \"Invalid token\"\n}, done);",
              "err": {},
              "uuid": "10bd613c-efb1-43ba-afc7-92043272e0a3",
              "parentUUID": "704cc8d1-0eec-4080-a065-b946c8af8364",
              "isHook": false,
              "skipped": false
            },
            {
              "title": "responds error with not admin privileges token",
              "fullTitle": "DELETE /user/delete/:userId responds error with not admin privileges token",
              "timedOut": false,
              "duration": 4,
              "state": "passed",
              "speed": "fast",
              "pass": true,
              "fail": false,
              "pending": false,
              "context": null,
              "code": "test\n    .set('Accept', 'application/json')\n    .set(\"x-access-token\", tokenNoAdmin)\n    .expect('Content-Type', /json/)\n    .expect(401, {\n    error: true,\n    message: \"This endpoint requires admin privileges\"\n}, done);",
              "err": {},
              "uuid": "a69ce7ba-0b83-412c-b363-54a48066f7b3",
              "parentUUID": "704cc8d1-0eec-4080-a065-b946c8af8364",
              "isHook": false,
              "skipped": false
            },
            {
              "title": "user deletion works",
              "fullTitle": "DELETE /user/delete/:userId user deletion works",
              "timedOut": false,
              "duration": 28,
              "state": "passed",
              "speed": "fast",
              "pass": true,
              "fail": false,
              "pending": false,
              "context": null,
              "code": "supertest_1.default(server_1.app)\n    .delete('/api/users/delete/HIJKLMN')\n    .set('Accept', 'application/json')\n    .set(\"x-access-token\", helper.getToken())\n    .expect('Content-Type', /json/)\n    .expect(201, () => {\n    supertest_1.default(server_1.app)\n        .get('/api/users/HIJKLMN')\n        .set('Accept', 'application/json')\n        .set(\"x-access-token\", helper.getToken())\n        .expect('Content-Type', /json/)\n        .expect(400, {\n        error: true,\n        message: \"Cannot find results\"\n    }, done);\n});",
              "err": {},
              "uuid": "926c046a-cf8f-481a-981f-d92793e0ffcb",
              "parentUUID": "704cc8d1-0eec-4080-a065-b946c8af8364",
              "isHook": false,
              "skipped": false
            }
          ],
          "suites": [],
          "passes": [
            "00240a88-f85a-4d2a-a5e5-d022581a1172",
            "1f63c83a-5d8d-463d-bd95-e6ff63a8c8c7",
            "10bd613c-efb1-43ba-afc7-92043272e0a3",
            "a69ce7ba-0b83-412c-b363-54a48066f7b3",
            "926c046a-cf8f-481a-981f-d92793e0ffcb"
          ],
          "failures": [],
          "pending": [],
          "skipped": [],
          "duration": 46,
          "root": false,
          "rootEmpty": false,
          "_timeout": 2000
        },
        {
          "uuid": "4f0aeae1-3ed0-4b2d-b640-ab6bbdf07fa4",
          "title": "GET /user/:userId/history",
          "fullFile": "/home/yohan/Loaner/tests/routestests/user_route_test.ts",
          "file": "/tests/routestests/user_route_test.ts",
          "beforeHooks": [
            {
              "title": "\"before each\" hook in \"GET /user/:userId/history\"",
              "fullTitle": "GET /user/:userId/history \"before each\" hook in \"GET /user/:userId/history\"",
              "timedOut": false,
              "duration": 18,
              "state": null,
              "speed": null,
              "pass": false,
              "fail": false,
              "pending": false,
              "context": null,
              "code": "__awaiter(this, void 0, void 0, function* () {\n        yield create_db_1.default();\n    })",
              "err": {},
              "uuid": "20ba054b-97e4-4952-8090-079449fece49",
              "parentUUID": "4f0aeae1-3ed0-4b2d-b640-ab6bbdf07fa4",
              "isHook": true,
              "skipped": false
            }
          ],
          "afterHooks": [],
          "tests": [
            {
              "title": "responds error with invalid user id",
              "fullTitle": "GET /user/:userId/history responds error with invalid user id",
              "timedOut": false,
              "duration": 7,
              "state": "passed",
              "speed": "fast",
              "pass": true,
              "fail": false,
              "pending": false,
              "context": null,
              "code": "supertest_1.default(server_1.app)\n    .get('/api/users/INVALID/history')\n    .set('Accept', 'application/json')\n    .set(\"x-access-token\", helper.getToken())\n    .expect('Content-Type', /json/)\n    .expect(400, {\n    error: true,\n    message: \"User with this ID doesn't exists\"\n}, done);",
              "err": {},
              "uuid": "346b82d9-c081-41a6-b89f-8df1d4929dad",
              "parentUUID": "4f0aeae1-3ed0-4b2d-b640-ab6bbdf07fa4",
              "isHook": false,
              "skipped": false
            },
            {
              "title": "responds error with no token",
              "fullTitle": "GET /user/:userId/history responds error with no token",
              "timedOut": false,
              "duration": 7,
              "state": "passed",
              "speed": "fast",
              "pass": true,
              "fail": false,
              "pending": false,
              "context": null,
              "code": "test.set('Accept', 'application/json')\n    .expect('Content-Type', /json/)\n    .expect(401, {\n    error: true,\n    message: \"No token specified\"\n}, done);",
              "err": {},
              "uuid": "a4868e0e-fd37-47ae-adc3-b947fdb06004",
              "parentUUID": "4f0aeae1-3ed0-4b2d-b640-ab6bbdf07fa4",
              "isHook": false,
              "skipped": false
            },
            {
              "title": "responds error with invalid token",
              "fullTitle": "GET /user/:userId/history responds error with invalid token",
              "timedOut": false,
              "duration": 4,
              "state": "passed",
              "speed": "fast",
              "pass": true,
              "fail": false,
              "pending": false,
              "context": null,
              "code": "test\n    .set('Accept', 'application/json')\n    .set(\"x-access-token\", invalidToken)\n    .expect('Content-Type', /json/)\n    .expect(401, {\n    error: true,\n    message: \"Invalid token\"\n}, done);",
              "err": {},
              "uuid": "8ca0c5f4-f4bb-44e2-8eea-8d8d980a38a0",
              "parentUUID": "4f0aeae1-3ed0-4b2d-b640-ab6bbdf07fa4",
              "isHook": false,
              "skipped": false
            },
            {
              "title": "responds error with not admin privileges token",
              "fullTitle": "GET /user/:userId/history responds error with not admin privileges token",
              "timedOut": false,
              "duration": 7,
              "state": "passed",
              "speed": "fast",
              "pass": true,
              "fail": false,
              "pending": false,
              "context": null,
              "code": "test\n    .set('Accept', 'application/json')\n    .set(\"x-access-token\", tokenNoAdmin)\n    .expect('Content-Type', /json/)\n    .expect(401, {\n    error: true,\n    message: \"This endpoint requires admin privileges\"\n}, done);",
              "err": {},
              "uuid": "1f5d8d5d-6333-44f0-a9f8-88e02d21ec4c",
              "parentUUID": "4f0aeae1-3ed0-4b2d-b640-ab6bbdf07fa4",
              "isHook": false,
              "skipped": false
            },
            {
              "title": "user history works",
              "fullTitle": "GET /user/:userId/history user history works",
              "timedOut": false,
              "duration": 7,
              "state": "passed",
              "speed": "fast",
              "pass": true,
              "fail": false,
              "pending": false,
              "context": null,
              "code": "supertest_1.default(server_1.app)\n    .get('/api/users/ABCDEFG/history')\n    .set('Accept', 'application/json')\n    .set(\"x-access-token\", helper.getToken())\n    .expect('Content-Type', /json/)\n    .expect(200, [{\n        ID: 2,\n        endDate: \"2021-01-12\",\n        idUser: \"ABCDEFG\",\n        refDevice: \"PC001\",\n        returnDate: \"2021-02-04\",\n        startDate: \"2021-01-04\"\n    }], done);",
              "err": {},
              "uuid": "8921f4d2-952e-42a2-b95e-de7fc4e9dfba",
              "parentUUID": "4f0aeae1-3ed0-4b2d-b640-ab6bbdf07fa4",
              "isHook": false,
              "skipped": false
            }
          ],
          "suites": [],
          "passes": [
            "346b82d9-c081-41a6-b89f-8df1d4929dad",
            "a4868e0e-fd37-47ae-adc3-b947fdb06004",
            "8ca0c5f4-f4bb-44e2-8eea-8d8d980a38a0",
            "1f5d8d5d-6333-44f0-a9f8-88e02d21ec4c",
            "8921f4d2-952e-42a2-b95e-de7fc4e9dfba"
          ],
          "failures": [],
          "pending": [],
          "skipped": [],
          "duration": 32,
          "root": false,
          "rootEmpty": false,
          "_timeout": 2000
        }
      ],
      "passes": [],
      "failures": [],
      "pending": [],
      "skipped": [],
      "duration": 0,
      "root": true,
      "rootEmpty": true,
      "_timeout": 2000
    }
  ],
  "meta": {
    "mocha": {
      "version": "8.2.1"
    },
    "mochawesome": {
      "options": {
        "quiet": false,
        "reportFilename": "mochawesome",
        "saveHtml": true,
        "saveJson": true,
        "consoleReporter": "spec",
        "useInlineDiffs": false,
        "code": true
      },
      "version": "6.2.1"
    },
    "marge": {
      "options": null,
      "version": "5.1.0"
    }
  }
}