{
  "stats": {
    "suites": 51,
    "tests": 194,
    "passes": 194,
    "pending": 0,
    "failures": 0,
    "start": "2021-01-09T17:58:37.015Z",
    "end": "2021-01-09T17:58:40.463Z",
    "duration": 3448,
    "testsRegistered": 201,
    "passPercent": 96.51741293532339,
    "pendingPercent": 0,
    "other": 0,
    "hasOther": false,
    "skipped": 7,
    "hasSkipped": true
  },
  "results": [
    {
      "uuid": "b8bffe3f-f9cf-4fea-b1ab-5cb0921c58a8",
      "title": "",
      "fullFile": "",
      "file": "",
      "beforeHooks": [],
      "afterHooks": [],
      "tests": [
        {
          "title": "The device must match an existing category",
          "fullTitle": "The device must match an existing category",
          "timedOut": false,
          "duration": 0,
          "state": null,
          "speed": null,
          "pass": false,
          "fail": false,
          "pending": false,
          "context": null,
          "code": "return __awaiter(this, void 0, void 0, function* () {\n    const existingCategories = yield DAOcat.getAll();\n    let check = false;\n    //Testing that its category is member of the categories of the database\n    existingCategories.forEach(function (category) {\n        if (device.getCategoryID() == category.getID())\n            check = true;\n    });\n    assert.isTrue(check);\n});",
          "err": {},
          "uuid": "8fadb271-bfd5-4a8a-92be-70a81d9e04e4",
          "parentUUID": "b8bffe3f-f9cf-4fea-b1ab-5cb0921c58a8",
          "isHook": false,
          "skipped": true
        },
        {
          "title": "The device must have a five character reference",
          "fullTitle": "The device must have a five character reference",
          "timedOut": false,
          "duration": 0,
          "state": null,
          "speed": null,
          "pass": false,
          "fail": false,
          "pending": false,
          "context": null,
          "code": "return __awaiter(this, void 0, void 0, function* () {\n    assert.equal(device.getRef().length, 5);\n});",
          "err": {},
          "uuid": "6d66b891-0d8b-4845-8f6c-0fdabb59da73",
          "parentUUID": "b8bffe3f-f9cf-4fea-b1ab-5cb0921c58a8",
          "isHook": false,
          "skipped": true
        },
        {
          "title": "The device must not have an empty name or a null name",
          "fullTitle": "The device must not have an empty name or a null name",
          "timedOut": false,
          "duration": 0,
          "state": null,
          "speed": null,
          "pass": false,
          "fail": false,
          "pending": false,
          "context": null,
          "code": "return __awaiter(this, void 0, void 0, function* () {\n    assert.isNotNull(device.getName());\n    assert.isAbove(device.getName().length, 0);\n});",
          "err": {},
          "uuid": "45e7b87e-e6f1-4d73-81c7-6b49459b2f87",
          "parentUUID": "b8bffe3f-f9cf-4fea-b1ab-5cb0921c58a8",
          "isHook": false,
          "skipped": true
        },
        {
          "title": "The device must have a version number between 3 and 15 characters",
          "fullTitle": "The device must have a version number between 3 and 15 characters",
          "timedOut": false,
          "duration": 0,
          "state": null,
          "speed": null,
          "pass": false,
          "fail": false,
          "pending": false,
          "context": null,
          "code": "return __awaiter(this, void 0, void 0, function* () {\n    assert.isAbove(device.getVersion().length, 2);\n    assert.isBelow(device.getVersion().length, 16);\n});",
          "err": {},
          "uuid": "c5555752-4a1b-4494-9934-fa85b8c036e4",
          "parentUUID": "b8bffe3f-f9cf-4fea-b1ab-5cb0921c58a8",
          "isHook": false,
          "skipped": true
        },
        {
          "title": "The device must have a correct version number",
          "fullTitle": "The device must have a correct version number",
          "timedOut": false,
          "duration": 0,
          "state": null,
          "speed": null,
          "pass": false,
          "fail": false,
          "pending": false,
          "context": null,
          "code": "return __awaiter(this, void 0, void 0, function* () {\n    expect(device.getVersion()).to.match(/^[0-9]*\\.[0-9]*$/);\n});",
          "err": {},
          "uuid": "6f9f9bf4-68b9-42a1-9694-7a968cb2b67e",
          "parentUUID": "b8bffe3f-f9cf-4fea-b1ab-5cb0921c58a8",
          "isHook": false,
          "skipped": true
        },
        {
          "title": "The device must have a grater version than 0.0",
          "fullTitle": "The device must have a grater version than 0.0",
          "timedOut": false,
          "duration": 0,
          "state": null,
          "speed": null,
          "pass": false,
          "fail": false,
          "pending": false,
          "context": null,
          "code": "return __awaiter(this, void 0, void 0, function* () {\n    const numbers = device.getVersion().split('.');\n    assert.isAbove(parseInt(numbers[0]), 0);\n    assert.isAbove(parseInt(numbers[1]), -1);\n});",
          "err": {},
          "uuid": "f35cf4e8-9bf4-4e4a-bf63-1bd4f9c8f95c",
          "parentUUID": "b8bffe3f-f9cf-4fea-b1ab-5cb0921c58a8",
          "isHook": false,
          "skipped": true
        },
        {
          "title": "The device with a phone number must have a correct phone number",
          "fullTitle": "The device with a phone number must have a correct phone number",
          "timedOut": false,
          "duration": 0,
          "state": null,
          "speed": null,
          "pass": false,
          "fail": false,
          "pending": false,
          "context": null,
          "code": "return __awaiter(this, void 0, void 0, function* () {\n    if (device.getPhone()) {\n        expect(device.getPhone()).to.match(/^\\+?[0-9]{0,15}$/);\n    }\n});",
          "err": {},
          "uuid": "865ec80b-ce91-47fd-85f4-63cac56414d6",
          "parentUUID": "b8bffe3f-f9cf-4fea-b1ab-5cb0921c58a8",
          "isHook": false,
          "skipped": true
        }
      ],
      "suites": [
        {
          "uuid": "72468e50-f31b-4498-88a4-b014f3266d20",
          "title": "Tests on dao_category.ts",
          "fullFile": "/Users/easycash/Loaner/tests/daotests/dao_category_test.ts",
          "file": "/tests/daotests/dao_category_test.ts",
          "beforeHooks": [
            {
              "title": "\"before all\" hook in \"Tests on dao_category.ts\"",
              "fullTitle": "Tests on dao_category.ts \"before all\" hook in \"Tests on dao_category.ts\"",
              "timedOut": false,
              "duration": 27,
              "state": null,
              "speed": null,
              "pass": false,
              "fail": false,
              "pending": false,
              "context": null,
              "code": "__awaiter(this, void 0, void 0, function* () {\n        yield create_db_1.default();\n    })",
              "err": {},
              "uuid": "bc1d5a80-345a-4ad8-b88d-810bc50bd2df",
              "parentUUID": "72468e50-f31b-4498-88a4-b014f3266d20",
              "isHook": true,
              "skipped": false
            }
          ],
          "afterHooks": [],
          "tests": [],
          "suites": [
            {
              "uuid": "ec5a5db6-b4a3-4fbd-aae7-bfe6be490462",
              "title": "Tests on getAll() method",
              "fullFile": "/Users/easycash/Loaner/tests/daotests/dao_category_test.ts",
              "file": "/tests/daotests/dao_category_test.ts",
              "beforeHooks": [],
              "afterHooks": [],
              "tests": [
                {
                  "title": "The result type must be an array of category",
                  "fullTitle": "Tests on dao_category.ts Tests on getAll() method The result type must be an array of category",
                  "timedOut": false,
                  "duration": 7,
                  "state": "passed",
                  "speed": "fast",
                  "pass": true,
                  "fail": false,
                  "pending": false,
                  "context": null,
                  "code": "return __awaiter(this, void 0, void 0, function* () {\n    const result = yield resultAllCategories();\n    expect(Array.isArray(result)).to.equal(true);\n});",
                  "err": {},
                  "uuid": "14cc0e39-e4e8-4a5b-9d73-a4ac8eb4ceed",
                  "parentUUID": "ec5a5db6-b4a3-4fbd-aae7-bfe6be490462",
                  "isHook": false,
                  "skipped": false
                },
                {
                  "title": "The result must not be empty, there have to be at least one category in the program",
                  "fullTitle": "Tests on dao_category.ts Tests on getAll() method The result must not be empty, there have to be at least one category in the program",
                  "timedOut": false,
                  "duration": 2,
                  "state": "passed",
                  "speed": "fast",
                  "pass": true,
                  "fail": false,
                  "pending": false,
                  "context": null,
                  "code": "return __awaiter(this, void 0, void 0, function* () {\n    const result = yield resultAllCategories();\n    assert.isAbove(result.length, 0, \"There must be at least one category\");\n});",
                  "err": {},
                  "uuid": "33602509-bbd1-465b-bd8b-4ba515ee0991",
                  "parentUUID": "ec5a5db6-b4a3-4fbd-aae7-bfe6be490462",
                  "isHook": false,
                  "skipped": false
                },
                {
                  "title": "The names of the categories must not exceed 255 characters",
                  "fullTitle": "Tests on dao_category.ts Tests on getAll() method The names of the categories must not exceed 255 characters",
                  "timedOut": false,
                  "duration": 3,
                  "state": "passed",
                  "speed": "fast",
                  "pass": true,
                  "fail": false,
                  "pending": false,
                  "context": null,
                  "code": "return __awaiter(this, void 0, void 0, function* () {\n    const result = yield resultAllCategories();\n    result.forEach(function (category) {\n        assert.isBelow(category.getName().length, 255);\n    });\n});",
                  "err": {},
                  "uuid": "8cc82295-bbda-405f-adbe-7fe5d30ed8d0",
                  "parentUUID": "ec5a5db6-b4a3-4fbd-aae7-bfe6be490462",
                  "isHook": false,
                  "skipped": false
                },
                {
                  "title": "ID of Categories must be strictly postives",
                  "fullTitle": "Tests on dao_category.ts Tests on getAll() method ID of Categories must be strictly postives",
                  "timedOut": false,
                  "duration": 1,
                  "state": "passed",
                  "speed": "fast",
                  "pass": true,
                  "fail": false,
                  "pending": false,
                  "context": null,
                  "code": "return __awaiter(this, void 0, void 0, function* () {\n    const result = yield resultAllCategories();\n    result.forEach(function (category) {\n        assert.isAbove(category.getID(), 0);\n    });\n});",
                  "err": {},
                  "uuid": "12c6d5ad-c534-4052-8ec8-7286fe92b11a",
                  "parentUUID": "ec5a5db6-b4a3-4fbd-aae7-bfe6be490462",
                  "isHook": false,
                  "skipped": false
                }
              ],
              "suites": [],
              "passes": [
                "14cc0e39-e4e8-4a5b-9d73-a4ac8eb4ceed",
                "33602509-bbd1-465b-bd8b-4ba515ee0991",
                "8cc82295-bbda-405f-adbe-7fe5d30ed8d0",
                "12c6d5ad-c534-4052-8ec8-7286fe92b11a"
              ],
              "failures": [],
              "pending": [],
              "skipped": [],
              "duration": 13,
              "root": false,
              "rootEmpty": false,
              "_timeout": 2000
            },
            {
              "uuid": "ea4e518a-bf54-4bdc-8866-2bdefa13ff35",
              "title": "Tests on getByName() method",
              "fullFile": "/Users/easycash/Loaner/tests/daotests/dao_category_test.ts",
              "file": "/tests/daotests/dao_category_test.ts",
              "beforeHooks": [],
              "afterHooks": [],
              "tests": [
                {
                  "title": "The result type must be a category",
                  "fullTitle": "Tests on dao_category.ts Tests on getByName() method The result type must be a category",
                  "timedOut": false,
                  "duration": 1,
                  "state": "passed",
                  "speed": "fast",
                  "pass": true,
                  "fail": false,
                  "pending": false,
                  "context": null,
                  "code": "return __awaiter(this, void 0, void 0, function* () {\n    const result = yield resultGetCategory(\"Téléphones\");\n    assert.isTrue(result instanceof category_1.default);\n});",
                  "err": {},
                  "uuid": "a92c1f19-9c0a-466f-8beb-cbd9b7403405",
                  "parentUUID": "ea4e518a-bf54-4bdc-8866-2bdefa13ff35",
                  "isHook": false,
                  "skipped": false
                },
                {
                  "title": "The database must have the smartphone category",
                  "fullTitle": "Tests on dao_category.ts Tests on getByName() method The database must have the smartphone category",
                  "timedOut": false,
                  "duration": 4,
                  "state": "passed",
                  "speed": "fast",
                  "pass": true,
                  "fail": false,
                  "pending": false,
                  "context": null,
                  "code": "return __awaiter(this, void 0, void 0, function* () {\n    const result = yield resultGetCategory(\"Téléphones\");\n    assert.isNotNull(result);\n});",
                  "err": {},
                  "uuid": "ad582ab8-edbd-4e3d-bddf-7e2a079fad48",
                  "parentUUID": "ea4e518a-bf54-4bdc-8866-2bdefa13ff35",
                  "isHook": false,
                  "skipped": false
                },
                {
                  "title": "The names of the category must not have any number",
                  "fullTitle": "Tests on dao_category.ts Tests on getByName() method The names of the category must not have any number",
                  "timedOut": false,
                  "duration": 1,
                  "state": "passed",
                  "speed": "fast",
                  "pass": true,
                  "fail": false,
                  "pending": false,
                  "context": null,
                  "code": "return __awaiter(this, void 0, void 0, function* () {\n    const result = yield resultGetCategory(\"Téléphones\");\n    expect(result.getName()).not.to.match(/^([0-9_])$/);\n});",
                  "err": {},
                  "uuid": "d9f2bdf3-2d8b-4f1f-86d1-22e673cbf9df",
                  "parentUUID": "ea4e518a-bf54-4bdc-8866-2bdefa13ff35",
                  "isHook": false,
                  "skipped": false
                },
                {
                  "title": "The names of the category must contain only letters or '-'",
                  "fullTitle": "Tests on dao_category.ts Tests on getByName() method The names of the category must contain only letters or '-'",
                  "timedOut": false,
                  "duration": 6,
                  "state": "passed",
                  "speed": "fast",
                  "pass": true,
                  "fail": false,
                  "pending": false,
                  "context": null,
                  "code": "return __awaiter(this, void 0, void 0, function* () {\n    const result = yield resultGetCategory(\"Téléphones\");\n    expect(result.getName()).to.match(/^[a-zA-Z\\-éèà]{0,255}$/);\n});",
                  "err": {},
                  "uuid": "dec4e0e0-3846-4d44-9a8f-47255dc62f03",
                  "parentUUID": "ea4e518a-bf54-4bdc-8866-2bdefa13ff35",
                  "isHook": false,
                  "skipped": false
                }
              ],
              "suites": [],
              "passes": [
                "a92c1f19-9c0a-466f-8beb-cbd9b7403405",
                "ad582ab8-edbd-4e3d-bddf-7e2a079fad48",
                "d9f2bdf3-2d8b-4f1f-86d1-22e673cbf9df",
                "dec4e0e0-3846-4d44-9a8f-47255dc62f03"
              ],
              "failures": [],
              "pending": [],
              "skipped": [],
              "duration": 12,
              "root": false,
              "rootEmpty": false,
              "_timeout": 2000
            },
            {
              "uuid": "0411e990-4462-450a-8fcb-eb38ad37effb",
              "title": "Tests on getLastId() method",
              "fullFile": "/Users/easycash/Loaner/tests/daotests/dao_category_test.ts",
              "file": "/tests/daotests/dao_category_test.ts",
              "beforeHooks": [],
              "afterHooks": [],
              "tests": [
                {
                  "title": "There must be at least one id, or there would be no categories",
                  "fullTitle": "Tests on dao_category.ts Tests on getLastId() method There must be at least one id, or there would be no categories",
                  "timedOut": false,
                  "duration": 1,
                  "state": "passed",
                  "speed": "fast",
                  "pass": true,
                  "fail": false,
                  "pending": false,
                  "context": null,
                  "code": "return __awaiter(this, void 0, void 0, function* () {\n    const result = yield resultGetLastId();\n    assert.isNotNull(result);\n});",
                  "err": {},
                  "uuid": "9cbde2da-6dd9-4cdf-b23f-da3b5b5bfe84",
                  "parentUUID": "0411e990-4462-450a-8fcb-eb38ad37effb",
                  "isHook": false,
                  "skipped": false
                },
                {
                  "title": "Last Id created must be positive",
                  "fullTitle": "Tests on dao_category.ts Tests on getLastId() method Last Id created must be positive",
                  "timedOut": false,
                  "duration": 0,
                  "state": "passed",
                  "speed": "fast",
                  "pass": true,
                  "fail": false,
                  "pending": false,
                  "context": null,
                  "code": "return __awaiter(this, void 0, void 0, function* () {\n    const result = yield resultGetLastId();\n    assert.isAbove(result, 0);\n});",
                  "err": {},
                  "uuid": "66ebd4fd-0c15-4f88-9329-5caf9dc337fa",
                  "parentUUID": "0411e990-4462-450a-8fcb-eb38ad37effb",
                  "isHook": false,
                  "skipped": false
                }
              ],
              "suites": [],
              "passes": [
                "9cbde2da-6dd9-4cdf-b23f-da3b5b5bfe84",
                "66ebd4fd-0c15-4f88-9329-5caf9dc337fa"
              ],
              "failures": [],
              "pending": [],
              "skipped": [],
              "duration": 1,
              "root": false,
              "rootEmpty": false,
              "_timeout": 2000
            },
            {
              "uuid": "ab485cf6-066e-448d-91dd-a2b4b45abd8a",
              "title": "Tests on addCategory() method",
              "fullFile": "/Users/easycash/Loaner/tests/daotests/dao_category_test.ts",
              "file": "/tests/daotests/dao_category_test.ts",
              "beforeHooks": [],
              "afterHooks": [],
              "tests": [
                {
                  "title": "A new category added should be seen in a SELECT request later",
                  "fullTitle": "Tests on dao_category.ts Tests on addCategory() method A new category added should be seen in a SELECT request later",
                  "timedOut": false,
                  "duration": 15,
                  "state": "passed",
                  "speed": "fast",
                  "pass": true,
                  "fail": false,
                  "pending": false,
                  "context": null,
                  "code": "return __awaiter(this, void 0, void 0, function* () {\n    DAOCategTested.addCategory(new category_1.default(9999, \"TestCategory\"));\n    const result = yield resultGetCategory(\"TestCategory\");\n    assert.isNotNull(result);\n    expect(result.getID()).to.equal(9999);\n    expect(result.getName()).to.equal(\"TestCategory\");\n});",
                  "err": {},
                  "uuid": "5d660b9f-017a-48e1-8396-ce4ac7aeb4e6",
                  "parentUUID": "ab485cf6-066e-448d-91dd-a2b4b45abd8a",
                  "isHook": false,
                  "skipped": false
                }
              ],
              "suites": [],
              "passes": [
                "5d660b9f-017a-48e1-8396-ce4ac7aeb4e6"
              ],
              "failures": [],
              "pending": [],
              "skipped": [],
              "duration": 15,
              "root": false,
              "rootEmpty": false,
              "_timeout": 2000
            },
            {
              "uuid": "3cbe9d8a-58d1-4f4e-a8a5-542ec9e12489",
              "title": "Tests on deleteCategory() method",
              "fullFile": "/Users/easycash/Loaner/tests/daotests/dao_category_test.ts",
              "file": "/tests/daotests/dao_category_test.ts",
              "beforeHooks": [],
              "afterHooks": [],
              "tests": [
                {
                  "title": "A deleted category should not be in a query later",
                  "fullTitle": "Tests on dao_category.ts Tests on deleteCategory() method A deleted category should not be in a query later",
                  "timedOut": false,
                  "duration": 2,
                  "state": "passed",
                  "speed": "fast",
                  "pass": true,
                  "fail": false,
                  "pending": false,
                  "context": null,
                  "code": "return __awaiter(this, void 0, void 0, function* () {\n    expect(yield DAOCategTested.deleteCategory.bind(DAOCategTested, 9999)).not.to.throw(Error);\n});",
                  "err": {},
                  "uuid": "f0da1fd5-17cd-40e4-b854-a7f16aa66779",
                  "parentUUID": "3cbe9d8a-58d1-4f4e-a8a5-542ec9e12489",
                  "isHook": false,
                  "skipped": false
                },
                {
                  "title": "The category we tried to added, should throw an error at its deletion, or it is deleted from the database",
                  "fullTitle": "Tests on dao_category.ts Tests on deleteCategory() method The category we tried to added, should throw an error at its deletion, or it is deleted from the database",
                  "timedOut": false,
                  "duration": 1,
                  "state": "passed",
                  "speed": "fast",
                  "pass": true,
                  "fail": false,
                  "pending": false,
                  "context": null,
                  "code": "return __awaiter(this, void 0, void 0, function* () {\n    expect(DAOCategTested.deleteCategory(-1)).to.be.rejected;\n});",
                  "err": {},
                  "uuid": "25bfad3a-5932-4dd7-b7e9-12c4e059f11b",
                  "parentUUID": "3cbe9d8a-58d1-4f4e-a8a5-542ec9e12489",
                  "isHook": false,
                  "skipped": false
                }
              ],
              "suites": [],
              "passes": [
                "f0da1fd5-17cd-40e4-b854-a7f16aa66779",
                "25bfad3a-5932-4dd7-b7e9-12c4e059f11b"
              ],
              "failures": [],
              "pending": [],
              "skipped": [],
              "duration": 3,
              "root": false,
              "rootEmpty": false,
              "_timeout": 2000
            }
          ],
          "passes": [],
          "failures": [],
          "pending": [],
          "skipped": [],
          "duration": 0,
          "root": false,
          "rootEmpty": false,
          "_timeout": 2000
        },
        {
          "uuid": "d58256ae-7ced-4697-a4e5-b6a01c163778",
          "title": "Tests onf dao_device.ts",
          "fullFile": "/Users/easycash/Loaner/tests/daotests/dao_device_test.ts",
          "file": "/tests/daotests/dao_device_test.ts",
          "beforeHooks": [
            {
              "title": "\"before all\" hook in \"Tests onf dao_device.ts\"",
              "fullTitle": "Tests onf dao_device.ts \"before all\" hook in \"Tests onf dao_device.ts\"",
              "timedOut": false,
              "duration": 17,
              "state": null,
              "speed": null,
              "pass": false,
              "fail": false,
              "pending": false,
              "context": null,
              "code": "__awaiter(this, void 0, void 0, function* () {\n        yield create_db_1.default();\n    })",
              "err": {},
              "uuid": "032d63c8-4fce-44a5-92cd-0a01175376e7",
              "parentUUID": "d58256ae-7ced-4697-a4e5-b6a01c163778",
              "isHook": true,
              "skipped": false
            }
          ],
          "afterHooks": [],
          "tests": [],
          "suites": [
            {
              "uuid": "92f8d3ab-60e2-4db6-a808-393d99f152a2",
              "title": "Tests on getAll() method",
              "fullFile": "/Users/easycash/Loaner/tests/daotests/dao_device_test.ts",
              "file": "/tests/daotests/dao_device_test.ts",
              "beforeHooks": [],
              "afterHooks": [],
              "tests": [
                {
                  "title": "The result type must be an array of devices",
                  "fullTitle": "Tests onf dao_device.ts Tests on getAll() method The result type must be an array of devices",
                  "timedOut": false,
                  "duration": 8,
                  "state": "passed",
                  "speed": "fast",
                  "pass": true,
                  "fail": false,
                  "pending": false,
                  "context": null,
                  "code": "return __awaiter(this, void 0, void 0, function* () {\n    const result = yield resultAllDevices();\n    expect(Array.isArray(result)).to.equal(true);\n});",
                  "err": {},
                  "uuid": "868f7702-d7e0-4abe-884a-af97e55a29b1",
                  "parentUUID": "92f8d3ab-60e2-4db6-a808-393d99f152a2",
                  "isHook": false,
                  "skipped": false
                },
                {
                  "title": "The devices must match an existing category",
                  "fullTitle": "Tests onf dao_device.ts Tests on getAll() method The devices must match an existing category",
                  "timedOut": false,
                  "duration": 5,
                  "state": "passed",
                  "speed": "fast",
                  "pass": true,
                  "fail": false,
                  "pending": false,
                  "context": null,
                  "code": "return __awaiter(this, void 0, void 0, function* () {\n    const existingCategories = yield DAOcat.getAll();\n    const result = yield resultAllDevices();\n    let check = false;\n    //Testing for every device that its category is member of the categories of the database\n    result.map((device) => {\n        existingCategories.map((category) => {\n            if (device.getCategoryID() == category.getID())\n                check = true;\n        });\n    });\n    assert.isTrue(check);\n});",
                  "err": {},
                  "uuid": "a99e143e-b4c4-46da-8e1a-4435d91fd1f8",
                  "parentUUID": "92f8d3ab-60e2-4db6-a808-393d99f152a2",
                  "isHook": false,
                  "skipped": false
                },
                {
                  "title": "The devices must have a five character reference",
                  "fullTitle": "Tests onf dao_device.ts Tests on getAll() method The devices must have a five character reference",
                  "timedOut": false,
                  "duration": 2,
                  "state": "passed",
                  "speed": "fast",
                  "pass": true,
                  "fail": false,
                  "pending": false,
                  "context": null,
                  "code": "return __awaiter(this, void 0, void 0, function* () {\n    const result = yield resultAllDevices();\n    result.forEach(function (device) {\n        assert.equal(device.getRef().length, 5);\n    });\n});",
                  "err": {},
                  "uuid": "55e856e7-b3b1-4dc0-b110-24affe85dff1",
                  "parentUUID": "92f8d3ab-60e2-4db6-a808-393d99f152a2",
                  "isHook": false,
                  "skipped": false
                },
                {
                  "title": "The devices must not have an empty name or a null name",
                  "fullTitle": "Tests onf dao_device.ts Tests on getAll() method The devices must not have an empty name or a null name",
                  "timedOut": false,
                  "duration": 11,
                  "state": "passed",
                  "speed": "fast",
                  "pass": true,
                  "fail": false,
                  "pending": false,
                  "context": null,
                  "code": "return __awaiter(this, void 0, void 0, function* () {\n    const result = yield resultAllDevices();\n    result.forEach(function (device) {\n        assert.isNotNull(device.getName());\n        assert.isAbove(device.getName().length, 0);\n    });\n});",
                  "err": {},
                  "uuid": "7be206c5-c668-4576-9ddf-ed9c225260ef",
                  "parentUUID": "92f8d3ab-60e2-4db6-a808-393d99f152a2",
                  "isHook": false,
                  "skipped": false
                },
                {
                  "title": "The devices must have a version number between 3 and 15 characters",
                  "fullTitle": "Tests onf dao_device.ts Tests on getAll() method The devices must have a version number between 3 and 15 characters",
                  "timedOut": false,
                  "duration": 6,
                  "state": "passed",
                  "speed": "fast",
                  "pass": true,
                  "fail": false,
                  "pending": false,
                  "context": null,
                  "code": "return __awaiter(this, void 0, void 0, function* () {\n    const result = yield resultAllDevices();\n    result.forEach(function (device) {\n        assert.isAbove(device.getVersion().length, 2);\n        assert.isBelow(device.getVersion().length, 16);\n    });\n});",
                  "err": {},
                  "uuid": "5e11cd44-2580-4fcf-ac04-9bd897e22ce2",
                  "parentUUID": "92f8d3ab-60e2-4db6-a808-393d99f152a2",
                  "isHook": false,
                  "skipped": false
                },
                {
                  "title": "The devices must have a correct version number",
                  "fullTitle": "Tests onf dao_device.ts Tests on getAll() method The devices must have a correct version number",
                  "timedOut": false,
                  "duration": 2,
                  "state": "passed",
                  "speed": "fast",
                  "pass": true,
                  "fail": false,
                  "pending": false,
                  "context": null,
                  "code": "return __awaiter(this, void 0, void 0, function* () {\n    const result = yield resultAllDevices();\n    result.forEach(function (device) {\n        expect(device.getVersion()).to.match(/^[0-9]*\\.[0-9]*$/);\n    });\n});",
                  "err": {},
                  "uuid": "c3429f17-9367-465a-b06e-f390b97d66e3",
                  "parentUUID": "92f8d3ab-60e2-4db6-a808-393d99f152a2",
                  "isHook": false,
                  "skipped": false
                },
                {
                  "title": "The devices must have a grater version than 0.0",
                  "fullTitle": "Tests onf dao_device.ts Tests on getAll() method The devices must have a grater version than 0.0",
                  "timedOut": false,
                  "duration": 5,
                  "state": "passed",
                  "speed": "fast",
                  "pass": true,
                  "fail": false,
                  "pending": false,
                  "context": null,
                  "code": "return __awaiter(this, void 0, void 0, function* () {\n    const result = yield resultAllDevices();\n    result.forEach(function (device) {\n        const numbers = device.getVersion().split('.');\n        assert.isAbove(parseInt(numbers[0]), 0);\n        assert.isAbove(parseInt(numbers[1]), -1);\n    });\n});",
                  "err": {},
                  "uuid": "7c144883-0f28-4c7e-8f0e-82a46ab4dad6",
                  "parentUUID": "92f8d3ab-60e2-4db6-a808-393d99f152a2",
                  "isHook": false,
                  "skipped": false
                },
                {
                  "title": "The devices with a phone number must have a correct phone number",
                  "fullTitle": "Tests onf dao_device.ts Tests on getAll() method The devices with a phone number must have a correct phone number",
                  "timedOut": false,
                  "duration": 2,
                  "state": "passed",
                  "speed": "fast",
                  "pass": true,
                  "fail": false,
                  "pending": false,
                  "context": null,
                  "code": "return __awaiter(this, void 0, void 0, function* () {\n    const result = yield resultAllDevices();\n    result.forEach(function (device) {\n        if (device.getPhone()) {\n            expect(device.getPhone()).to.match(/^\\+?[0-9]{0,15}$/);\n        }\n    });\n});",
                  "err": {},
                  "uuid": "b1071f60-d12a-4272-b349-c00e9579b72c",
                  "parentUUID": "92f8d3ab-60e2-4db6-a808-393d99f152a2",
                  "isHook": false,
                  "skipped": false
                }
              ],
              "suites": [],
              "passes": [
                "868f7702-d7e0-4abe-884a-af97e55a29b1",
                "a99e143e-b4c4-46da-8e1a-4435d91fd1f8",
                "55e856e7-b3b1-4dc0-b110-24affe85dff1",
                "7be206c5-c668-4576-9ddf-ed9c225260ef",
                "5e11cd44-2580-4fcf-ac04-9bd897e22ce2",
                "c3429f17-9367-465a-b06e-f390b97d66e3",
                "7c144883-0f28-4c7e-8f0e-82a46ab4dad6",
                "b1071f60-d12a-4272-b349-c00e9579b72c"
              ],
              "failures": [],
              "pending": [],
              "skipped": [],
              "duration": 41,
              "root": false,
              "rootEmpty": false,
              "_timeout": 2000
            },
            {
              "uuid": "6c49c3f4-657b-4e0c-af97-a4c1f0bdef17",
              "title": "Tests on addDevice() method",
              "fullFile": "/Users/easycash/Loaner/tests/daotests/dao_device_test.ts",
              "file": "/tests/daotests/dao_device_test.ts",
              "beforeHooks": [],
              "afterHooks": [],
              "tests": [
                {
                  "title": "Adding a compliant device should not throw exception, and the added device must be seen in queries",
                  "fullTitle": "Tests onf dao_device.ts Tests on addDevice() method Adding a compliant device should not throw exception, and the added device must be seen in queries",
                  "timedOut": false,
                  "duration": 4,
                  "state": "passed",
                  "speed": "fast",
                  "pass": true,
                  "fail": false,
                  "pending": false,
                  "context": null,
                  "code": "return __awaiter(this, void 0, void 0, function* () {\n    //This device is compliant to the specifications\n    expect(DAOTested.addDevice(new device_1.default(\"test1\", 1, \"Téléphones\", \"First test\", \"1.0\", \"\", \"0778787878\"))).not.to.be.rejected;\n    const result = yield DAOTested.get(\"test1\");\n    assert.isNotNull(result);\n    expect(result.getRef()).to.equal(\"test1\");\n    expect(result.getCategoryID()).to.equal(1);\n    expect(result.getName()).to.equal(\"First test\");\n    expect(result.getVersion()).to.equal(\"1.0\");\n    expect(result.getPhoto()).to.equal(\"\");\n    expect(result.getPhone()).to.equal(\"0778787878\");\n});",
                  "err": {},
                  "uuid": "8bf3efec-5915-4f0f-ae83-77d7f2f52d4f",
                  "parentUUID": "6c49c3f4-657b-4e0c-af97-a4c1f0bdef17",
                  "isHook": false,
                  "skipped": false
                }
              ],
              "suites": [],
              "passes": [
                "8bf3efec-5915-4f0f-ae83-77d7f2f52d4f"
              ],
              "failures": [],
              "pending": [],
              "skipped": [],
              "duration": 4,
              "root": false,
              "rootEmpty": false,
              "_timeout": 2000
            },
            {
              "uuid": "37ba55db-75ea-44cd-99fa-55c6342d1a4d",
              "title": "Tests on deleteDevice() method",
              "fullFile": "/Users/easycash/Loaner/tests/daotests/dao_device_test.ts",
              "file": "/tests/daotests/dao_device_test.ts",
              "beforeHooks": [],
              "afterHooks": [],
              "tests": [
                {
                  "title": "Deleting the compliant device should not throw an error, and the devices should not be queryable",
                  "fullTitle": "Tests onf dao_device.ts Tests on deleteDevice() method Deleting the compliant device should not throw an error, and the devices should not be queryable",
                  "timedOut": false,
                  "duration": 2,
                  "state": "passed",
                  "speed": "fast",
                  "pass": true,
                  "fail": false,
                  "pending": false,
                  "context": null,
                  "code": "return __awaiter(this, void 0, void 0, function* () {\n    expect(DAOTested.deleteDevice(\"test1\")).not.to.be.rejected;\n});",
                  "err": {},
                  "uuid": "48a42e56-5b28-4a07-bcc7-314525be5165",
                  "parentUUID": "37ba55db-75ea-44cd-99fa-55c6342d1a4d",
                  "isHook": false,
                  "skipped": false
                },
                {
                  "title": "Deleting all the invalid devices should throw an error, or they were created earlier",
                  "fullTitle": "Tests onf dao_device.ts Tests on deleteDevice() method Deleting all the invalid devices should throw an error, or they were created earlier",
                  "timedOut": false,
                  "duration": 4,
                  "state": "passed",
                  "speed": "fast",
                  "pass": true,
                  "fail": false,
                  "pending": false,
                  "context": null,
                  "code": "return __awaiter(this, void 0, void 0, function* () {\n    expect(DAOTested.deleteDevice(\"test\")).to.be.rejected;\n    expect(DAOTested.deleteDevice(\"test33\")).to.be.rejected;\n    expect(DAOTested.deleteDevice(\"test4\")).to.be.rejected;\n    expect(DAOTested.deleteDevice(\"test5\")).to.be.rejected;\n    expect(DAOTested.deleteDevice(\"test6\")).to.be.rejected;\n    expect(DAOTested.deleteDevice(\"test7\")).to.be.rejected;\n    expect(DAOTested.deleteDevice(\"test8\")).to.be.rejected;\n    expect(DAOTested.deleteDevice(\"test9\")).to.be.rejected;\n    expect(DAOTested.deleteDevice(\"test10\")).to.be.rejected;\n    expect(DAOTested.deleteDevice(\"test11\")).to.be.rejected;\n});",
                  "err": {},
                  "uuid": "bb770af5-fede-489f-b8ee-c65d9742f8fe",
                  "parentUUID": "37ba55db-75ea-44cd-99fa-55c6342d1a4d",
                  "isHook": false,
                  "skipped": false
                }
              ],
              "suites": [],
              "passes": [
                "48a42e56-5b28-4a07-bcc7-314525be5165",
                "bb770af5-fede-489f-b8ee-c65d9742f8fe"
              ],
              "failures": [],
              "pending": [],
              "skipped": [],
              "duration": 6,
              "root": false,
              "rootEmpty": false,
              "_timeout": 2000
            },
            {
              "uuid": "a6fbda0f-ea0f-4a50-af84-95c7aaf0a7c3",
              "title": "Tests on borrowDevice() method",
              "fullFile": "/Users/easycash/Loaner/tests/daotests/dao_device_test.ts",
              "file": "/tests/daotests/dao_device_test.ts",
              "beforeHooks": [],
              "afterHooks": [],
              "tests": [
                {
                  "title": "Adding a reservation with existing ID throw an error",
                  "fullTitle": "Tests onf dao_device.ts Tests on borrowDevice() method Adding a reservation with existing ID throw an error",
                  "timedOut": false,
                  "duration": 5,
                  "state": "passed",
                  "speed": "fast",
                  "pass": true,
                  "fail": false,
                  "pending": false,
                  "context": null,
                  "code": "return __awaiter(this, void 0, void 0, function* () {\n    const reservationID = yield DAObooking.getLastId();\n    expect(DAOTested.borrowDevice([new reservation_1.default(reservationID, \"TESTB\", \"ABCDEFG\", startDate, endDate)])).to.be.rejected;\n});",
                  "err": {},
                  "uuid": "807a79a1-802d-4812-b2c6-9b2eda851c34",
                  "parentUUID": "a6fbda0f-ea0f-4a50-af84-95c7aaf0a7c3",
                  "isHook": false,
                  "skipped": false
                },
                {
                  "title": "Booking a device should throw error",
                  "fullTitle": "Tests onf dao_device.ts Tests on borrowDevice() method Booking a device should throw error",
                  "timedOut": false,
                  "duration": 2,
                  "state": "passed",
                  "speed": "fast",
                  "pass": true,
                  "fail": false,
                  "pending": false,
                  "context": null,
                  "code": "return __awaiter(this, void 0, void 0, function* () {\n    const reservationID = yield DAObooking.getLastId();\n    expect(DAOTested.borrowDevice([new reservation_1.default(reservationID + 1, \"TESTB\", \"ABCDEFG\", startDate, endDate)])).to.not.be.rejected;\n});",
                  "err": {},
                  "uuid": "c1c85ce8-e02a-4524-93dd-8eb68480e737",
                  "parentUUID": "a6fbda0f-ea0f-4a50-af84-95c7aaf0a7c3",
                  "isHook": false,
                  "skipped": false
                }
              ],
              "suites": [],
              "passes": [
                "807a79a1-802d-4812-b2c6-9b2eda851c34",
                "c1c85ce8-e02a-4524-93dd-8eb68480e737"
              ],
              "failures": [],
              "pending": [],
              "skipped": [],
              "duration": 7,
              "root": false,
              "rootEmpty": false,
              "_timeout": 2000
            },
            {
              "uuid": "0e631459-ad4a-4546-b9d5-01d08f5f36e6",
              "title": "Tests on getDevicesByFilter() method",
              "fullFile": "/Users/easycash/Loaner/tests/daotests/dao_device_test.ts",
              "file": "/tests/daotests/dao_device_test.ts",
              "beforeHooks": [],
              "afterHooks": [],
              "tests": [
                {
                  "title": "Research with empty filters should throw error",
                  "fullTitle": "Tests onf dao_device.ts Tests on getDevicesByFilter() method Research with empty filters should throw error",
                  "timedOut": false,
                  "duration": 15,
                  "state": "passed",
                  "speed": "fast",
                  "pass": true,
                  "fail": false,
                  "pending": false,
                  "context": null,
                  "code": "return __awaiter(this, void 0, void 0, function* () {\n    expect(DAOTested.getDevicesByFilter(\"\", \"\", -1)).to.be.rejected;\n});",
                  "err": {},
                  "uuid": "7749b58f-3b58-4a86-90d0-a7da9836d54a",
                  "parentUUID": "0e631459-ad4a-4546-b9d5-01d08f5f36e6",
                  "isHook": false,
                  "skipped": false
                },
                {
                  "title": "Checking if all the filters works well",
                  "fullTitle": "Tests onf dao_device.ts Tests on getDevicesByFilter() method Checking if all the filters works well",
                  "timedOut": false,
                  "duration": 2,
                  "state": "passed",
                  "speed": "fast",
                  "pass": true,
                  "fail": false,
                  "pending": false,
                  "context": null,
                  "code": "return __awaiter(this, void 0, void 0, function* () {\n    yield DAOTested.addDevice.bind(DAOTested, new device_1.default(\"test1\", 1, \"Téléphones\", \"Test filters\", \"1.0\", \"\", \"0778787878\"));\n    let result = yield DAOTested.getDevicesByFilter(\"Test filters\", \"\", -1);\n    result.forEach(function (device) {\n        assert.equal(device.getName(), \"Test filters\");\n    });\n    result = yield DAOTested.getDevicesByFilter(\"\", \"test1\", -1);\n    result.forEach(function (device) {\n        assert.equal(device.getRef(), \"test1\");\n    });\n    result = yield DAOTested.getDevicesByFilter(\"\", \"\", 1);\n    expect(result.map((device) => { return device.getName(); })).to.have.members([\"Huawei P80\", \"Samsung Galaxy S1000\"]);\n    yield DAOTested.deleteDevice.bind(DAOTested, \"test1\");\n});",
                  "err": {},
                  "uuid": "c04b3898-1c41-4373-8cb8-a4e23883686e",
                  "parentUUID": "0e631459-ad4a-4546-b9d5-01d08f5f36e6",
                  "isHook": false,
                  "skipped": false
                }
              ],
              "suites": [],
              "passes": [
                "7749b58f-3b58-4a86-90d0-a7da9836d54a",
                "c04b3898-1c41-4373-8cb8-a4e23883686e"
              ],
              "failures": [],
              "pending": [],
              "skipped": [],
              "duration": 17,
              "root": false,
              "rootEmpty": false,
              "_timeout": 2000
            }
          ],
          "passes": [],
          "failures": [],
          "pending": [],
          "skipped": [],
          "duration": 0,
          "root": false,
          "rootEmpty": false,
          "_timeout": 2000
        },
        {
          "uuid": "d6e1c7ef-9c20-4f85-ba5b-01111c4f8568",
          "title": "Tests on dao_reservation.ts",
          "fullFile": "/Users/easycash/Loaner/tests/daotests/dao_reservation_test.ts",
          "file": "/tests/daotests/dao_reservation_test.ts",
          "beforeHooks": [
            {
              "title": "\"before all\" hook in \"Tests on dao_reservation.ts\"",
              "fullTitle": "Tests on dao_reservation.ts \"before all\" hook in \"Tests on dao_reservation.ts\"",
              "timedOut": false,
              "duration": 10,
              "state": null,
              "speed": null,
              "pass": false,
              "fail": false,
              "pending": false,
              "context": null,
              "code": "__awaiter(this, void 0, void 0, function* () {\n        yield create_db_1.default();\n    })",
              "err": {},
              "uuid": "624aa532-61c6-4b6b-a9a7-54dbb4ebc0f6",
              "parentUUID": "d6e1c7ef-9c20-4f85-ba5b-01111c4f8568",
              "isHook": true,
              "skipped": false
            }
          ],
          "afterHooks": [],
          "tests": [],
          "suites": [
            {
              "uuid": "1d6183cb-4a9f-4cd1-9ec5-fc2d666f8b39",
              "title": "Tests on getLastid() method",
              "fullFile": "/Users/easycash/Loaner/tests/daotests/dao_reservation_test.ts",
              "file": "/tests/daotests/dao_reservation_test.ts",
              "beforeHooks": [],
              "afterHooks": [],
              "tests": [
                {
                  "title": "The Id must be positive",
                  "fullTitle": "Tests on dao_reservation.ts Tests on getLastid() method The Id must be positive",
                  "timedOut": false,
                  "duration": 2,
                  "state": "passed",
                  "speed": "fast",
                  "pass": true,
                  "fail": false,
                  "pending": false,
                  "context": null,
                  "code": "return __awaiter(this, void 0, void 0, function* () {\n    const result = yield DAOTested.getLastId();\n    assert.isAbove(result, 0);\n});",
                  "err": {},
                  "uuid": "8367fbbf-9aa5-4c76-81ab-bc9c9b1b2326",
                  "parentUUID": "1d6183cb-4a9f-4cd1-9ec5-fc2d666f8b39",
                  "isHook": false,
                  "skipped": false
                }
              ],
              "suites": [],
              "passes": [
                "8367fbbf-9aa5-4c76-81ab-bc9c9b1b2326"
              ],
              "failures": [],
              "pending": [],
              "skipped": [],
              "duration": 2,
              "root": false,
              "rootEmpty": false,
              "_timeout": 2000
            },
            {
              "uuid": "233a24d0-bf23-4e1e-a261-ad5101414a50",
              "title": "Tests on historyDevice() method",
              "fullFile": "/Users/easycash/Loaner/tests/daotests/dao_reservation_test.ts",
              "file": "/tests/daotests/dao_reservation_test.ts",
              "beforeHooks": [],
              "afterHooks": [],
              "tests": [
                {
                  "title": "The users of a reservation must be registered",
                  "fullTitle": "Tests on dao_reservation.ts Tests on historyDevice() method The users of a reservation must be registered",
                  "timedOut": false,
                  "duration": 5,
                  "state": "passed",
                  "speed": "fast",
                  "pass": true,
                  "fail": false,
                  "pending": false,
                  "context": null,
                  "code": "return __awaiter(this, void 0, void 0, function* () {\n    const users = yield DAOuser.getAll();\n    const result = yield DAOTested.historyDevice(\"AN001\");\n    let check = false;\n    result.forEach(function (booking) {\n        users.forEach(function (user) {\n            if (booking.getUserID() == user.getId())\n                check = true;\n        });\n    });\n    assert.isTrue(check);\n});",
                  "err": {},
                  "uuid": "714adc3d-08b2-4fac-b6bd-ed1eff3caee3",
                  "parentUUID": "233a24d0-bf23-4e1e-a261-ad5101414a50",
                  "isHook": false,
                  "skipped": false
                },
                {
                  "title": "The devices of a reservation must be registered",
                  "fullTitle": "Tests on dao_reservation.ts Tests on historyDevice() method The devices of a reservation must be registered",
                  "timedOut": false,
                  "duration": 1,
                  "state": "passed",
                  "speed": "fast",
                  "pass": true,
                  "fail": false,
                  "pending": false,
                  "context": null,
                  "code": "return __awaiter(this, void 0, void 0, function* () {\n    const devices = yield DAOdevice.getAll();\n    const result = yield DAOTested.historyDevice(\"AN001\");\n    let check = false;\n    result.forEach(function (booking) {\n        devices.forEach(function (device) {\n            if (booking.getDevice().match(device.getRef()))\n                check = true;\n        });\n    });\n    assert.isTrue(check);\n});",
                  "err": {},
                  "uuid": "bd7b107a-1abe-4225-b67a-4677ded55d34",
                  "parentUUID": "233a24d0-bf23-4e1e-a261-ad5101414a50",
                  "isHook": false,
                  "skipped": false
                },
                {
                  "title": "The start date must be earlier than the two others",
                  "fullTitle": "Tests on dao_reservation.ts Tests on historyDevice() method The start date must be earlier than the two others",
                  "timedOut": false,
                  "duration": 1,
                  "state": "passed",
                  "speed": "fast",
                  "pass": true,
                  "fail": false,
                  "pending": false,
                  "context": null,
                  "code": "return __awaiter(this, void 0, void 0, function* () {\n    const result = yield DAOTested.historyDevice(\"AN002\");\n    result.forEach(function (booking) {\n        assert.notDeepEqual(booking.getStartDate(), booking.getReturnDate());\n        assert.notDeepEqual(booking.getStartDate(), booking.getEndDate());\n        assert.isAbove(booking.getReturnDate().getTime(), booking.getStartDate().getTime());\n        assert.isAbove(booking.getEndDate().getTime(), booking.getStartDate().getTime());\n    });\n});",
                  "err": {},
                  "uuid": "c5b0c7b1-63c2-4c39-a772-cc83bf61e680",
                  "parentUUID": "233a24d0-bf23-4e1e-a261-ad5101414a50",
                  "isHook": false,
                  "skipped": false
                }
              ],
              "suites": [],
              "passes": [
                "714adc3d-08b2-4fac-b6bd-ed1eff3caee3",
                "bd7b107a-1abe-4225-b67a-4677ded55d34",
                "c5b0c7b1-63c2-4c39-a772-cc83bf61e680"
              ],
              "failures": [],
              "pending": [],
              "skipped": [],
              "duration": 7,
              "root": false,
              "rootEmpty": false,
              "_timeout": 2000
            },
            {
              "uuid": "6bd83f11-f1e4-4eb6-9f65-d210ab7a03d8",
              "title": "Tests on getUserHistory() method",
              "fullFile": "/Users/easycash/Loaner/tests/daotests/dao_reservation_test.ts",
              "file": "/tests/daotests/dao_reservation_test.ts",
              "beforeHooks": [],
              "afterHooks": [],
              "tests": [
                {
                  "title": "The result type must be an array",
                  "fullTitle": "Tests on dao_reservation.ts Tests on getUserHistory() method The result type must be an array",
                  "timedOut": false,
                  "duration": 1,
                  "state": "passed",
                  "speed": "fast",
                  "pass": true,
                  "fail": false,
                  "pending": false,
                  "context": null,
                  "code": "return __awaiter(this, void 0, void 0, function* () {\n    const result = yield DAOTested.getUserHistory(\"HIJKLMN\");\n    assert.isTrue(Array.isArray(result));\n});",
                  "err": {},
                  "uuid": "3b48daf2-2df5-48a2-b9c0-6a20f6c4d622",
                  "parentUUID": "6bd83f11-f1e4-4eb6-9f65-d210ab7a03d8",
                  "isHook": false,
                  "skipped": false
                },
                {
                  "title": "The id reservation must be positive",
                  "fullTitle": "Tests on dao_reservation.ts Tests on getUserHistory() method The id reservation must be positive",
                  "timedOut": false,
                  "duration": 1,
                  "state": "passed",
                  "speed": "fast",
                  "pass": true,
                  "fail": false,
                  "pending": false,
                  "context": null,
                  "code": "return __awaiter(this, void 0, void 0, function* () {\n    const result = yield DAOTested.getUserHistory(\"HIJKLMN\");\n    result.forEach((reservation) => {\n        assert.isAbove(reservation.getID(), 0);\n    });\n});",
                  "err": {},
                  "uuid": "cf56e4ed-0c8e-409d-82f1-eeeea9c44bc1",
                  "parentUUID": "6bd83f11-f1e4-4eb6-9f65-d210ab7a03d8",
                  "isHook": false,
                  "skipped": false
                },
                {
                  "title": "The start date must be earlier than the two others",
                  "fullTitle": "Tests on dao_reservation.ts Tests on getUserHistory() method The start date must be earlier than the two others",
                  "timedOut": false,
                  "duration": 3,
                  "state": "passed",
                  "speed": "fast",
                  "pass": true,
                  "fail": false,
                  "pending": false,
                  "context": null,
                  "code": "return __awaiter(this, void 0, void 0, function* () {\n    const result = yield DAOTested.getUserHistory(\"ABCDEFG\");\n    result.forEach(function (booking) {\n        assert.notDeepEqual(booking.getStartDate(), booking.getReturnDate());\n        assert.notDeepEqual(booking.getStartDate(), booking.getEndDate());\n        if (!booking.getReturnDate()) {\n            assert.isAbove(booking.getReturnDate().getTime(), booking.getStartDate().getTime());\n        }\n        assert.isAbove(booking.getEndDate().getTime(), booking.getStartDate().getTime());\n    });\n});",
                  "err": {},
                  "uuid": "ffd7936e-3d44-42eb-96ac-b9e570182adf",
                  "parentUUID": "6bd83f11-f1e4-4eb6-9f65-d210ab7a03d8",
                  "isHook": false,
                  "skipped": false
                }
              ],
              "suites": [],
              "passes": [
                "3b48daf2-2df5-48a2-b9c0-6a20f6c4d622",
                "cf56e4ed-0c8e-409d-82f1-eeeea9c44bc1",
                "ffd7936e-3d44-42eb-96ac-b9e570182adf"
              ],
              "failures": [],
              "pending": [],
              "skipped": [],
              "duration": 5,
              "root": false,
              "rootEmpty": false,
              "_timeout": 2000
            },
            {
              "uuid": "90c1d585-9ef4-45ac-a1d4-04d8ca7cee9d",
              "title": "Tests on getAllReservationsDevice() method",
              "fullFile": "/Users/easycash/Loaner/tests/daotests/dao_reservation_test.ts",
              "file": "/tests/daotests/dao_reservation_test.ts",
              "beforeHooks": [],
              "afterHooks": [],
              "tests": [
                {
                  "title": "The result type must be an array",
                  "fullTitle": "Tests on dao_reservation.ts Tests on getAllReservationsDevice() method The result type must be an array",
                  "timedOut": false,
                  "duration": 1,
                  "state": "passed",
                  "speed": "fast",
                  "pass": true,
                  "fail": false,
                  "pending": false,
                  "context": null,
                  "code": "return __awaiter(this, void 0, void 0, function* () {\n    const result = yield DAOTested.getAllReservationsDevice(\"AN002\");\n    assert.isTrue(Array.isArray(result));\n});",
                  "err": {},
                  "uuid": "4caf3ace-6f12-449e-b6a5-c665e46ef93f",
                  "parentUUID": "90c1d585-9ef4-45ac-a1d4-04d8ca7cee9d",
                  "isHook": false,
                  "skipped": false
                },
                {
                  "title": "The id reservation must be positive",
                  "fullTitle": "Tests on dao_reservation.ts Tests on getAllReservationsDevice() method The id reservation must be positive",
                  "timedOut": false,
                  "duration": 1,
                  "state": "passed",
                  "speed": "fast",
                  "pass": true,
                  "fail": false,
                  "pending": false,
                  "context": null,
                  "code": "return __awaiter(this, void 0, void 0, function* () {\n    const result = yield DAOTested.getAllReservationsDevice(\"AN002\");\n    result.forEach((reservation) => {\n        assert.isAbove(reservation.getID(), 0);\n    });\n});",
                  "err": {},
                  "uuid": "f5803210-6308-4af1-9e76-5e4aa4cce6f2",
                  "parentUUID": "90c1d585-9ef4-45ac-a1d4-04d8ca7cee9d",
                  "isHook": false,
                  "skipped": false
                },
                {
                  "title": "The start date must be earlier than the two others",
                  "fullTitle": "Tests on dao_reservation.ts Tests on getAllReservationsDevice() method The start date must be earlier than the two others",
                  "timedOut": false,
                  "duration": 1,
                  "state": "passed",
                  "speed": "fast",
                  "pass": true,
                  "fail": false,
                  "pending": false,
                  "context": null,
                  "code": "return __awaiter(this, void 0, void 0, function* () {\n    const result = yield DAOTested.getAllReservationsDevice(\"AN002\");\n    result.forEach(function (booking) {\n        assert.notDeepEqual(booking.getStartDate(), booking.getReturnDate());\n        assert.notDeepEqual(booking.getStartDate(), booking.getEndDate());\n        assert.isAbove(booking.getReturnDate().getTime(), booking.getStartDate().getTime());\n        assert.isAbove(booking.getEndDate().getTime(), booking.getStartDate().getTime());\n    });\n});",
                  "err": {},
                  "uuid": "af9832e7-7230-48a7-85c7-d2497eed4e66",
                  "parentUUID": "90c1d585-9ef4-45ac-a1d4-04d8ca7cee9d",
                  "isHook": false,
                  "skipped": false
                }
              ],
              "suites": [],
              "passes": [
                "4caf3ace-6f12-449e-b6a5-c665e46ef93f",
                "f5803210-6308-4af1-9e76-5e4aa4cce6f2",
                "af9832e7-7230-48a7-85c7-d2497eed4e66"
              ],
              "failures": [],
              "pending": [],
              "skipped": [],
              "duration": 3,
              "root": false,
              "rootEmpty": false,
              "_timeout": 2000
            },
            {
              "uuid": "e4272fbd-e952-4634-920b-e2b7479ecd66",
              "title": "Tests on hasReservationWithInfos() method",
              "fullFile": "/Users/easycash/Loaner/tests/daotests/dao_reservation_test.ts",
              "file": "/tests/daotests/dao_reservation_test.ts",
              "beforeHooks": [],
              "afterHooks": [],
              "tests": [
                {
                  "title": "An existing reservation must be seen in the database",
                  "fullTitle": "Tests on dao_reservation.ts Tests on hasReservationWithInfos() method An existing reservation must be seen in the database",
                  "timedOut": false,
                  "duration": 3,
                  "state": "passed",
                  "speed": "fast",
                  "pass": true,
                  "fail": false,
                  "pending": false,
                  "context": null,
                  "code": "return __awaiter(this, void 0, void 0, function* () {\n    const result = yield DAOTested.hasReservationWithInfos(\"AN001\", new Date(2021, 0, 5), new Date(2021, 0, 8));\n    expect(result).to.be.true;\n});",
                  "err": {},
                  "uuid": "de235c30-e420-4469-adee-3e1382a5b647",
                  "parentUUID": "e4272fbd-e952-4634-920b-e2b7479ecd66",
                  "isHook": false,
                  "skipped": false
                },
                {
                  "title": "An inexisting reservation must not appear in the database",
                  "fullTitle": "Tests on dao_reservation.ts Tests on hasReservationWithInfos() method An inexisting reservation must not appear in the database",
                  "timedOut": false,
                  "duration": 2,
                  "state": "passed",
                  "speed": "fast",
                  "pass": true,
                  "fail": false,
                  "pending": false,
                  "context": null,
                  "code": "return __awaiter(this, void 0, void 0, function* () {\n    expect(yield DAOTested.hasReservationWithInfos(\"AN003\", new Date(2021, 0, 5), new Date(2021, 0, 8))).to.be.false;\n    expect(yield DAOTested.hasReservationWithInfos(\"AN001\", new Date(2021, 0, 1), new Date(2021, 0, 4))).to.be.false;\n    expect(yield DAOTested.hasReservationWithInfos(\"AN001\", new Date(2021, 1, 9), new Date(2021, 1, 20))).to.be.false;\n    expect(yield DAOTested.hasReservationWithInfos(\"AN003\", new Date(2021, 0, 6), new Date(2021, 0, 8))).to.be.false;\n    expect(yield DAOTested.hasReservationWithInfos(\"AN003\", new Date(2021, 0, 5), new Date(2021, 1, 12))).to.be.false;\n    expect(yield DAOTested.hasReservationWithInfos(\"AN003\", new Date(2021, 2, 27), new Date(2021, 0, 8))).to.be.false;\n});",
                  "err": {},
                  "uuid": "59608d45-7374-4798-a469-a3c32fe3db40",
                  "parentUUID": "e4272fbd-e952-4634-920b-e2b7479ecd66",
                  "isHook": false,
                  "skipped": false
                }
              ],
              "suites": [],
              "passes": [
                "de235c30-e420-4469-adee-3e1382a5b647",
                "59608d45-7374-4798-a469-a3c32fe3db40"
              ],
              "failures": [],
              "pending": [],
              "skipped": [],
              "duration": 5,
              "root": false,
              "rootEmpty": false,
              "_timeout": 2000
            }
          ],
          "passes": [],
          "failures": [],
          "pending": [],
          "skipped": [],
          "duration": 0,
          "root": false,
          "rootEmpty": false,
          "_timeout": 2000
        },
        {
          "uuid": "5fd857d8-7dba-46bc-880a-16fc2aee60d1",
          "title": "Tests on dao_user.ts",
          "fullFile": "/Users/easycash/Loaner/tests/daotests/dao_user_test.ts",
          "file": "/tests/daotests/dao_user_test.ts",
          "beforeHooks": [
            {
              "title": "\"before all\" hook in \"Tests on dao_user.ts\"",
              "fullTitle": "Tests on dao_user.ts \"before all\" hook in \"Tests on dao_user.ts\"",
              "timedOut": false,
              "duration": 5,
              "state": null,
              "speed": null,
              "pass": false,
              "fail": false,
              "pending": false,
              "context": null,
              "code": "__awaiter(this, void 0, void 0, function* () {\n        yield create_db_1.default();\n    })",
              "err": {},
              "uuid": "4bb4d263-dc7f-417a-839e-8ef40135681e",
              "parentUUID": "5fd857d8-7dba-46bc-880a-16fc2aee60d1",
              "isHook": true,
              "skipped": false
            }
          ],
          "afterHooks": [],
          "tests": [],
          "suites": [
            {
              "uuid": "bc094bee-2996-4754-a4f6-662cef57d288",
              "title": "Tests on getAll() method",
              "fullFile": "/Users/easycash/Loaner/tests/daotests/dao_user_test.ts",
              "file": "/tests/daotests/dao_user_test.ts",
              "beforeHooks": [],
              "afterHooks": [],
              "tests": [
                {
                  "title": "The result type must be an array of user",
                  "fullTitle": "Tests on dao_user.ts Tests on getAll() method The result type must be an array of user",
                  "timedOut": false,
                  "duration": 2,
                  "state": "passed",
                  "speed": "fast",
                  "pass": true,
                  "fail": false,
                  "pending": false,
                  "context": null,
                  "code": "return __awaiter(this, void 0, void 0, function* () {\n    const result = yield DAOTested.getAll();\n    expect(Array.isArray(result)).to.equal(true);\n});",
                  "err": {},
                  "uuid": "19e870a9-20f3-4cd1-ac1b-923cb880b86e",
                  "parentUUID": "bc094bee-2996-4754-a4f6-662cef57d288",
                  "isHook": false,
                  "skipped": false
                },
                {
                  "title": "The users must have a 7 characters ID",
                  "fullTitle": "Tests on dao_user.ts Tests on getAll() method The users must have a 7 characters ID",
                  "timedOut": false,
                  "duration": 1,
                  "state": "passed",
                  "speed": "fast",
                  "pass": true,
                  "fail": false,
                  "pending": false,
                  "context": null,
                  "code": "return __awaiter(this, void 0, void 0, function* () {\n    const result = yield DAOTested.getAll();\n    result.map((user) => {\n        assert.equal(user.getId().length, 7);\n    });\n});",
                  "err": {},
                  "uuid": "99fffb4b-be16-46e8-b5f5-0f9a2cd7f261",
                  "parentUUID": "bc094bee-2996-4754-a4f6-662cef57d288",
                  "isHook": false,
                  "skipped": false
                },
                {
                  "title": "The users must not have empty names or surname",
                  "fullTitle": "Tests on dao_user.ts Tests on getAll() method The users must not have empty names or surname",
                  "timedOut": false,
                  "duration": 1,
                  "state": "passed",
                  "speed": "fast",
                  "pass": true,
                  "fail": false,
                  "pending": false,
                  "context": null,
                  "code": "return __awaiter(this, void 0, void 0, function* () {\n    const result = yield DAOTested.getAll();\n    result.map((user) => {\n        assert.isNotEmpty(user.getFirstName());\n        assert.isNotEmpty(user.getLastName());\n    });\n});",
                  "err": {},
                  "uuid": "8c555e3b-63e2-4b3f-8824-d18559b31466",
                  "parentUUID": "bc094bee-2996-4754-a4f6-662cef57d288",
                  "isHook": false,
                  "skipped": false
                },
                {
                  "title": "The users must have a valid email",
                  "fullTitle": "Tests on dao_user.ts Tests on getAll() method The users must have a valid email",
                  "timedOut": false,
                  "duration": 1,
                  "state": "passed",
                  "speed": "fast",
                  "pass": true,
                  "fail": false,
                  "pending": false,
                  "context": null,
                  "code": "return __awaiter(this, void 0, void 0, function* () {\n    const result = yield DAOTested.getAll();\n    result.map((user) => {\n        assert.match(user.getEmail(), /^[^@\\s]+@[^@\\s]+\\.[^@\\s]+$/);\n    });\n});",
                  "err": {},
                  "uuid": "ed035e7a-f8f5-4dbb-be9b-10165e907f59",
                  "parentUUID": "bc094bee-2996-4754-a4f6-662cef57d288",
                  "isHook": false,
                  "skipped": false
                }
              ],
              "suites": [],
              "passes": [
                "19e870a9-20f3-4cd1-ac1b-923cb880b86e",
                "99fffb4b-be16-46e8-b5f5-0f9a2cd7f261",
                "8c555e3b-63e2-4b3f-8824-d18559b31466",
                "ed035e7a-f8f5-4dbb-be9b-10165e907f59"
              ],
              "failures": [],
              "pending": [],
              "skipped": [],
              "duration": 5,
              "root": false,
              "rootEmpty": false,
              "_timeout": 2000
            },
            {
              "uuid": "6eea14a0-6e73-409d-b318-36c71bb5f1af",
              "title": "Tests on getUser() method",
              "fullFile": "/Users/easycash/Loaner/tests/daotests/dao_user_test.ts",
              "file": "/tests/daotests/dao_user_test.ts",
              "beforeHooks": [],
              "afterHooks": [],
              "tests": [
                {
                  "title": "The user get must not have empty name or surname",
                  "fullTitle": "Tests on dao_user.ts Tests on getUser() method The user get must not have empty name or surname",
                  "timedOut": false,
                  "duration": 1,
                  "state": "passed",
                  "speed": "fast",
                  "pass": true,
                  "fail": false,
                  "pending": false,
                  "context": null,
                  "code": "return __awaiter(this, void 0, void 0, function* () {\n    const result = yield DAOTested.getUser(\"ABCDEFG\");\n    assert.isNotEmpty(result.getFirstName());\n    assert.isNotEmpty(result.getLastName());\n});",
                  "err": {},
                  "uuid": "0751714d-fe37-4961-90dd-01f54c81272d",
                  "parentUUID": "6eea14a0-6e73-409d-b318-36c71bb5f1af",
                  "isHook": false,
                  "skipped": false
                },
                {
                  "title": "The user must have a valid email",
                  "fullTitle": "Tests on dao_user.ts Tests on getUser() method The user must have a valid email",
                  "timedOut": false,
                  "duration": 0,
                  "state": "passed",
                  "speed": "fast",
                  "pass": true,
                  "fail": false,
                  "pending": false,
                  "context": null,
                  "code": "return __awaiter(this, void 0, void 0, function* () {\n    const result = yield DAOTested.getUser(\"ABCDEFG\");\n    assert.match(result.getEmail(), /^[^@\\s]+@[^@\\s]+\\.[^@\\s]+$/);\n});",
                  "err": {},
                  "uuid": "2fa76012-4be8-4fa9-956d-9b6a6ccacfe9",
                  "parentUUID": "6eea14a0-6e73-409d-b318-36c71bb5f1af",
                  "isHook": false,
                  "skipped": false
                }
              ],
              "suites": [],
              "passes": [
                "0751714d-fe37-4961-90dd-01f54c81272d",
                "2fa76012-4be8-4fa9-956d-9b6a6ccacfe9"
              ],
              "failures": [],
              "pending": [],
              "skipped": [],
              "duration": 1,
              "root": false,
              "rootEmpty": false,
              "_timeout": 2000
            },
            {
              "uuid": "4cc32ca1-f5c9-43f0-b71f-3a4c117b0b9a",
              "title": "Tests on getLastId() method",
              "fullFile": "/Users/easycash/Loaner/tests/daotests/dao_user_test.ts",
              "file": "/tests/daotests/dao_user_test.ts",
              "beforeHooks": [],
              "afterHooks": [],
              "tests": [
                {
                  "title": "The last id must not be empty",
                  "fullTitle": "Tests on dao_user.ts Tests on getLastId() method The last id must not be empty",
                  "timedOut": false,
                  "duration": 1,
                  "state": "passed",
                  "speed": "fast",
                  "pass": true,
                  "fail": false,
                  "pending": false,
                  "context": null,
                  "code": "return __awaiter(this, void 0, void 0, function* () {\n    const result = yield DAOTested.getLastId();\n    assert.isNotEmpty(result.getId());\n});",
                  "err": {},
                  "uuid": "7899bacf-cc6b-40be-a60d-5da7534ab98a",
                  "parentUUID": "4cc32ca1-f5c9-43f0-b71f-3a4c117b0b9a",
                  "isHook": false,
                  "skipped": false
                }
              ],
              "suites": [],
              "passes": [
                "7899bacf-cc6b-40be-a60d-5da7534ab98a"
              ],
              "failures": [],
              "pending": [],
              "skipped": [],
              "duration": 1,
              "root": false,
              "rootEmpty": false,
              "_timeout": 2000
            },
            {
              "uuid": "b4cf15ee-7845-43fd-bffe-64e5b56df608",
              "title": "Tests on addUser() method",
              "fullFile": "/Users/easycash/Loaner/tests/daotests/dao_user_test.ts",
              "file": "/tests/daotests/dao_user_test.ts",
              "beforeHooks": [],
              "afterHooks": [],
              "tests": [
                {
                  "title": "An added user must be seen in a query",
                  "fullTitle": "Tests on dao_user.ts Tests on addUser() method An added user must be seen in a query",
                  "timedOut": false,
                  "duration": 136,
                  "state": "passed",
                  "speed": "fast",
                  "pass": true,
                  "fail": false,
                  "pending": false,
                  "context": null,
                  "code": "return __awaiter(this, void 0, void 0, function* () {\n    expect(DAOTested.addUser(usertest, \"test\")).not.to.be.rejected;\n    const result = yield DAOTested.getUser(\"EEEEEEE\");\n    assert.equal(result.getFirstName(), \"Tester\");\n    assert.equal(result.getLastName(), \"Testing\");\n    assert.equal(result.getEmail(), \"Testtest@gmail.com\");\n    assert.isFalse(result.isAdmin());\n});",
                  "err": {},
                  "uuid": "354cb19c-b8c3-40de-956d-63419cc4ec78",
                  "parentUUID": "b4cf15ee-7845-43fd-bffe-64e5b56df608",
                  "isHook": false,
                  "skipped": false
                }
              ],
              "suites": [],
              "passes": [
                "354cb19c-b8c3-40de-956d-63419cc4ec78"
              ],
              "failures": [],
              "pending": [],
              "skipped": [],
              "duration": 136,
              "root": false,
              "rootEmpty": false,
              "_timeout": 2000
            },
            {
              "uuid": "a2b73874-c0da-444b-993d-ffa42a67db47",
              "title": "Tests on updateUser() method",
              "fullFile": "/Users/easycash/Loaner/tests/daotests/dao_user_test.ts",
              "file": "/tests/daotests/dao_user_test.ts",
              "beforeHooks": [],
              "afterHooks": [],
              "tests": [
                {
                  "title": "The modifications made on a user must be seen in queries later",
                  "fullTitle": "Tests on dao_user.ts Tests on updateUser() method The modifications made on a user must be seen in queries later",
                  "timedOut": false,
                  "duration": 2,
                  "state": "passed",
                  "speed": "fast",
                  "pass": true,
                  "fail": false,
[...]
              "err": {},
              "uuid": "58e90932-c051-4e2c-893c-9d788fba4783",
              "parentUUID": "13a81132-4558-4cd7-9223-60f7811b11c6",
              "isHook": false,
              "skipped": false
            },
            {
              "title": "responds error for invalid user with already existing email",
              "fullTitle": "POST /user/modify responds error for invalid user with already existing email",
              "timedOut": false,
              "duration": 3,
              "state": "passed",
              "speed": "fast",
              "pass": true,
              "fail": false,
              "pending": false,
              "context": null,
              "code": "supertest_1.default(server_1.app)\n    .post('/api/users/modify')\n    .set('Content-Type', 'application/json')\n    .set(\"x-access-token\", helper.getToken())\n    .send({\n    id: \"HIJKLMN\",\n    firstName: \"Jean\",\n    lastName: \"Dupont\",\n    email: \"lilianb@mail.fr\",\n    admin: false\n})\n    .expect('Content-Type', /json/)\n    .expect(400, {\n    error: true,\n    message: \"User with this email already exists\"\n}, done);",
              "err": {},
              "uuid": "c68633d0-49c9-4584-aa89-788c920d1402",
              "parentUUID": "13a81132-4558-4cd7-9223-60f7811b11c6",
              "isHook": false,
              "skipped": false
            },
            {
              "title": "responds error with no token",
              "fullTitle": "POST /user/modify responds error with no token",
              "timedOut": false,
              "duration": 2,
              "state": "passed",
              "speed": "fast",
              "pass": true,
              "fail": false,
              "pending": false,
              "context": null,
              "code": "test.set('Accept', 'application/json')\n    .expect('Content-Type', /json/)\n    .expect(401, {\n    error: true,\n    message: \"No token specified\"\n}, done);",
              "err": {},
              "uuid": "88f4a873-f5e8-4915-91df-e33ffc0803d9",
              "parentUUID": "13a81132-4558-4cd7-9223-60f7811b11c6",
              "isHook": false,
              "skipped": false
            },
            {
              "title": "responds error with invalid token",
              "fullTitle": "POST /user/modify responds error with invalid token",
              "timedOut": false,
              "duration": 5,
              "state": "passed",
              "speed": "fast",
              "pass": true,
              "fail": false,
              "pending": false,
              "context": null,
              "code": "test\n    .set('Accept', 'application/json')\n    .set(\"x-access-token\", invalidToken)\n    .expect('Content-Type', /json/)\n    .expect(401, {\n    error: true,\n    message: \"Invalid token\"\n}, done);",
              "err": {},
              "uuid": "5fb62e96-6c84-495b-9e1a-8e2a8a6877f5",
              "parentUUID": "13a81132-4558-4cd7-9223-60f7811b11c6",
              "isHook": false,
              "skipped": false
            },
            {
              "title": "responds error with not admin privileges token",
              "fullTitle": "POST /user/modify responds error with not admin privileges token",
              "timedOut": false,
              "duration": 5,
              "state": "passed",
              "speed": "fast",
              "pass": true,
              "fail": false,
              "pending": false,
              "context": null,
              "code": "test\n    .set('Accept', 'application/json')\n    .set(\"x-access-token\", tokenNoAdmin)\n    .expect('Content-Type', /json/)\n    .expect(401, {\n    error: true,\n    message: \"This endpoint requires admin privileges\"\n}, done);",
              "err": {},
              "uuid": "2d23e308-51d4-4b9f-895c-60bcd75bf351",
              "parentUUID": "13a81132-4558-4cd7-9223-60f7811b11c6",
              "isHook": false,
              "skipped": false
            },
            {
              "title": "user modification works",
              "fullTitle": "POST /user/modify user modification works",
              "timedOut": false,
              "duration": 15,
              "state": "passed",
              "speed": "fast",
              "pass": true,
              "fail": false,
              "pending": false,
              "context": null,
              "code": "supertest_1.default(server_1.app)\n    .post('/api/users/modify')\n    .set('Content-Type', 'application/json')\n    .set(\"x-access-token\", helper.getToken())\n    .send({\n    id: \"HIJKLMN\",\n    firstName: \"M\",\n    lastName: \"P\",\n    email: \"psqrm@mail.fr\",\n    admin: false\n})\n    .expect('Content-Type', /json/)\n    .expect(201, () => {\n    supertest_1.default(server_1.app)\n        .get('/api/users/HIJKLMN')\n        .set('Accept', 'application/json')\n        .set(\"x-access-token\", helper.getToken())\n        .expect('Content-Type', /json/)\n        .expect(200, {\n        id: \"HIJKLMN\",\n        firstName: \"M\",\n        lastName: \"P\",\n        email: \"psqrm@mail.fr\",\n        admin: false,\n        temporaryPassword: false\n    }, done);\n});",
              "err": {},
              "uuid": "7ce5583f-022a-4212-bc89-5bbf79d9f2e9",
              "parentUUID": "13a81132-4558-4cd7-9223-60f7811b11c6",
              "isHook": false,
              "skipped": false
            }
          ],
          "suites": [],
          "passes": [
            "58e90932-c051-4e2c-893c-9d788fba4783",
            "c68633d0-49c9-4584-aa89-788c920d1402",
            "88f4a873-f5e8-4915-91df-e33ffc0803d9",
            "5fb62e96-6c84-495b-9e1a-8e2a8a6877f5",
            "2d23e308-51d4-4b9f-895c-60bcd75bf351",
            "7ce5583f-022a-4212-bc89-5bbf79d9f2e9"
          ],
          "failures": [],
          "pending": [],
          "skipped": [],
          "duration": 44,
          "root": false,
          "rootEmpty": false,
          "_timeout": 2000
        },
        {
          "uuid": "11934487-e289-4f3b-87c4-cf34ca606f5f",
          "title": "DELETE /user/delete/:userId",
          "fullFile": "/Users/easycash/Loaner/tests/routestests/user_route_test.ts",
          "file": "/tests/routestests/user_route_test.ts",
          "beforeHooks": [
            {
              "title": "\"before each\" hook in \"DELETE /user/delete/:userId\"",
              "fullTitle": "DELETE /user/delete/:userId \"before each\" hook in \"DELETE /user/delete/:userId\"",
              "timedOut": false,
              "duration": 16,
              "state": null,
              "speed": null,
              "pass": false,
              "fail": false,
              "pending": false,
              "context": null,
              "code": "__awaiter(this, void 0, void 0, function* () {\n        yield create_db_1.default();\n    })",
              "err": {},
              "uuid": "6d0380ca-65cf-4af3-aaa7-10f8ed6fe7da",
              "parentUUID": "11934487-e289-4f3b-87c4-cf34ca606f5f",
              "isHook": true,
              "skipped": false
            }
          ],
          "afterHooks": [],
          "tests": [
            {
              "title": "responds error with invalid user id",
              "fullTitle": "DELETE /user/delete/:userId responds error with invalid user id",
              "timedOut": false,
              "duration": 3,
              "state": "passed",
              "speed": "fast",
              "pass": true,
              "fail": false,
              "pending": false,
              "context": null,
              "code": "supertest_1.default(server_1.app)\n    .delete('/api/users/delete/INVALID')\n    .set('Accept', 'application/json')\n    .set(\"x-access-token\", helper.getToken())\n    .expect('Content-Type', /json/)\n    .expect(400, {\n    error: true,\n    message: \"User with this ID doesn't exists\"\n}, done);",
              "err": {},
              "uuid": "9330b985-e76e-40de-88cf-30cbaf8fbe4b",
              "parentUUID": "11934487-e289-4f3b-87c4-cf34ca606f5f",
              "isHook": false,
              "skipped": false
            },
            {
              "title": "responds error with no token",
              "fullTitle": "DELETE /user/delete/:userId responds error with no token",
              "timedOut": false,
              "duration": 5,
              "state": "passed",
              "speed": "fast",
              "pass": true,
              "fail": false,
              "pending": false,
              "context": null,
              "code": "test.set('Accept', 'application/json')\n    .expect('Content-Type', /json/)\n    .expect(401, {\n    error: true,\n    message: \"No token specified\"\n}, done);",
              "err": {},
              "uuid": "936485b2-ee87-4e83-99bd-fd7262b89f7f",
              "parentUUID": "11934487-e289-4f3b-87c4-cf34ca606f5f",
              "isHook": false,
              "skipped": false
            },
            {
              "title": "responds error with invalid token",
              "fullTitle": "DELETE /user/delete/:userId responds error with invalid token",
              "timedOut": false,
              "duration": 4,
              "state": "passed",
              "speed": "fast",
              "pass": true,
              "fail": false,
              "pending": false,
              "context": null,
              "code": "test\n    .set('Accept', 'application/json')\n    .set(\"x-access-token\", invalidToken)\n    .expect('Content-Type', /json/)\n    .expect(401, {\n    error: true,\n    message: \"Invalid token\"\n}, done);",
              "err": {},
              "uuid": "f10f5ea7-6435-4d1a-97d6-269c93fc7b8b",
              "parentUUID": "11934487-e289-4f3b-87c4-cf34ca606f5f",
              "isHook": false,
              "skipped": false
            },
            {
              "title": "responds error with not admin privileges token",
              "fullTitle": "DELETE /user/delete/:userId responds error with not admin privileges token",
              "timedOut": false,
              "duration": 4,
              "state": "passed",
              "speed": "fast",
              "pass": true,
              "fail": false,
              "pending": false,
              "context": null,
              "code": "test\n    .set('Accept', 'application/json')\n    .set(\"x-access-token\", tokenNoAdmin)\n    .expect('Content-Type', /json/)\n    .expect(401, {\n    error: true,\n    message: \"This endpoint requires admin privileges\"\n}, done);",
              "err": {},
              "uuid": "5f80cf4b-6083-4644-ba61-ac8ceac73b4f",
              "parentUUID": "11934487-e289-4f3b-87c4-cf34ca606f5f",
              "isHook": false,
              "skipped": false
            },
            {
              "title": "user deletion works",
              "fullTitle": "DELETE /user/delete/:userId user deletion works",
              "timedOut": false,
              "duration": 21,
              "state": "passed",
              "speed": "fast",
              "pass": true,
              "fail": false,
              "pending": false,
              "context": null,
              "code": "supertest_1.default(server_1.app)\n    .delete('/api/users/delete/HIJKLMN')\n    .set('Accept', 'application/json')\n    .set(\"x-access-token\", helper.getToken())\n    .expect('Content-Type', /json/)\n    .expect(201, () => {\n    supertest_1.default(server_1.app)\n        .get('/api/users/HIJKLMN')\n        .set('Accept', 'application/json')\n        .set(\"x-access-token\", helper.getToken())\n        .expect('Content-Type', /json/)\n        .expect(400, {\n        error: true,\n        message: \"Cannot find results\"\n    }, done);\n});",
              "err": {},
              "uuid": "41ddaacf-7e32-4c51-b69c-32c018325c0a",
              "parentUUID": "11934487-e289-4f3b-87c4-cf34ca606f5f",
              "isHook": false,
              "skipped": false
            }
          ],
          "suites": [],
          "passes": [
            "9330b985-e76e-40de-88cf-30cbaf8fbe4b",
            "936485b2-ee87-4e83-99bd-fd7262b89f7f",
            "f10f5ea7-6435-4d1a-97d6-269c93fc7b8b",
            "5f80cf4b-6083-4644-ba61-ac8ceac73b4f",
            "41ddaacf-7e32-4c51-b69c-32c018325c0a"
          ],
          "failures": [],
          "pending": [],
          "skipped": [],
          "duration": 37,
          "root": false,
          "rootEmpty": false,
          "_timeout": 2000
        },
        {
          "uuid": "81e125b3-4e87-4fdf-8fd3-8a532afd97a0",
          "title": "GET /user/:userId/history",
          "fullFile": "/Users/easycash/Loaner/tests/routestests/user_route_test.ts",
          "file": "/tests/routestests/user_route_test.ts",
          "beforeHooks": [
            {
              "title": "\"before each\" hook in \"GET /user/:userId/history\"",
              "fullTitle": "GET /user/:userId/history \"before each\" hook in \"GET /user/:userId/history\"",
              "timedOut": false,
              "duration": 5,
              "state": null,
              "speed": null,
              "pass": false,
              "fail": false,
              "pending": false,
              "context": null,
              "code": "__awaiter(this, void 0, void 0, function* () {\n        yield create_db_1.default();\n    })",
              "err": {},
              "uuid": "6f3ce9df-5aae-407b-9426-5b44f8ea8324",
              "parentUUID": "81e125b3-4e87-4fdf-8fd3-8a532afd97a0",
              "isHook": true,
              "skipped": false
            }
          ],
          "afterHooks": [],
          "tests": [
            {
              "title": "responds error with invalid user id",
              "fullTitle": "GET /user/:userId/history responds error with invalid user id",
              "timedOut": false,
              "duration": 4,
              "state": "passed",
              "speed": "fast",
              "pass": true,
              "fail": false,
              "pending": false,
              "context": null,
              "code": "supertest_1.default(server_1.app)\n    .get('/api/users/INVALID/history')\n    .set('Accept', 'application/json')\n    .set(\"x-access-token\", helper.getToken())\n    .expect('Content-Type', /json/)\n    .expect(400, {\n    error: true,\n    message: \"User with this ID doesn't exists\"\n}, done);",
              "err": {},
              "uuid": "d79697fc-f58b-43ee-a9cc-0a6eae4f0122",
              "parentUUID": "81e125b3-4e87-4fdf-8fd3-8a532afd97a0",
              "isHook": false,
              "skipped": false
            },
            {
              "title": "responds error with no token",
              "fullTitle": "GET /user/:userId/history responds error with no token",
              "timedOut": false,
              "duration": 2,
              "state": "passed",
              "speed": "fast",
              "pass": true,
              "fail": false,
              "pending": false,
              "context": null,
              "code": "test.set('Accept', 'application/json')\n    .expect('Content-Type', /json/)\n    .expect(401, {\n    error: true,\n    message: \"No token specified\"\n}, done);",
              "err": {},
              "uuid": "6f33fa78-5e42-4c11-8fed-e915f027a83c",
              "parentUUID": "81e125b3-4e87-4fdf-8fd3-8a532afd97a0",
              "isHook": false,
              "skipped": false
            },
            {
              "title": "responds error with invalid token",
              "fullTitle": "GET /user/:userId/history responds error with invalid token",
              "timedOut": false,
              "duration": 3,
              "state": "passed",
              "speed": "fast",
              "pass": true,
              "fail": false,
              "pending": false,
              "context": null,
              "code": "test\n    .set('Accept', 'application/json')\n    .set(\"x-access-token\", invalidToken)\n    .expect('Content-Type', /json/)\n    .expect(401, {\n    error: true,\n    message: \"Invalid token\"\n}, done);",
              "err": {},
              "uuid": "413fffa4-4047-4c8d-bfeb-6a5199212741",
              "parentUUID": "81e125b3-4e87-4fdf-8fd3-8a532afd97a0",
              "isHook": false,
              "skipped": false
            },
            {
              "title": "responds error with not admin privileges token",
              "fullTitle": "GET /user/:userId/history responds error with not admin privileges token",
              "timedOut": false,
              "duration": 5,
              "state": "passed",
              "speed": "fast",
              "pass": true,
              "fail": false,
              "pending": false,
              "context": null,
              "code": "test\n    .set('Accept', 'application/json')\n    .set(\"x-access-token\", tokenNoAdmin)\n    .expect('Content-Type', /json/)\n    .expect(401, {\n    error: true,\n    message: \"This endpoint requires admin privileges\"\n}, done);",
              "err": {},
              "uuid": "1ff36d88-6ffc-4c36-b779-f944354ef46b",
              "parentUUID": "81e125b3-4e87-4fdf-8fd3-8a532afd97a0",
              "isHook": false,
              "skipped": false
            },
            {
              "title": "user history works",
              "fullTitle": "GET /user/:userId/history user history works",
              "timedOut": false,
              "duration": 4,
              "state": "passed",
              "speed": "fast",
              "pass": true,
              "fail": false,
              "pending": false,
              "context": null,
              "code": "supertest_1.default(server_1.app)\n    .get('/api/users/ABCDEFG/history')\n    .set('Accept', 'application/json')\n    .set(\"x-access-token\", helper.getToken())\n    .expect('Content-Type', /json/)\n    .expect(200, [{\n        ID: 2,\n        endDate: \"2021-01-12\",\n        idUser: \"ABCDEFG\",\n        refDevice: \"PC001\",\n        returnDate: \"2021-02-04\",\n        startDate: \"2021-01-04\"\n    }], done);",
              "err": {},
              "uuid": "3cdc9505-5da9-4c07-ac64-ef0eccc25db5",
              "parentUUID": "81e125b3-4e87-4fdf-8fd3-8a532afd97a0",
              "isHook": false,
              "skipped": false
            }
          ],
          "suites": [],
          "passes": [
            "d79697fc-f58b-43ee-a9cc-0a6eae4f0122",
            "6f33fa78-5e42-4c11-8fed-e915f027a83c",
            "413fffa4-4047-4c8d-bfeb-6a5199212741",
            "1ff36d88-6ffc-4c36-b779-f944354ef46b",
            "3cdc9505-5da9-4c07-ac64-ef0eccc25db5"
          ],
          "failures": [],
          "pending": [],
          "skipped": [],
          "duration": 18,
          "root": false,
          "rootEmpty": false,
          "_timeout": 2000
        }
      ],
      "passes": [],
      "failures": [],
      "pending": [],
      "skipped": [
        "8fadb271-bfd5-4a8a-92be-70a81d9e04e4",
        "6d66b891-0d8b-4845-8f6c-0fdabb59da73",
        "45e7b87e-e6f1-4d73-81c7-6b49459b2f87",
        "c5555752-4a1b-4494-9934-fa85b8c036e4",
        "6f9f9bf4-68b9-42a1-9694-7a968cb2b67e",
        "f35cf4e8-9bf4-4e4a-bf63-1bd4f9c8f95c",
        "865ec80b-ce91-47fd-85f4-63cac56414d6"
      ],
      "duration": 0,
      "root": true,
      "rootEmpty": false,
      "_timeout": 2000
    }
  ],
  "meta": {
    "mocha": {
      "version": "8.2.1"
    },
    "mochawesome": {
      "options": {
        "quiet": false,
        "reportFilename": "mochawesome",
        "saveHtml": true,
        "saveJson": true,
        "consoleReporter": "spec",
        "useInlineDiffs": false,
        "code": true
      },
      "version": "6.2.1"
    },
    "marge": {
      "options": null,
      "version": "5.1.0"
    }
  }
}