{
  "stats": {
    "suites": 51,
    "tests": 194,
    "passes": 194,
    "pending": 0,
    "failures": 0,
    "start": "2021-01-09T18:18:43.352Z",
    "end": "2021-01-09T18:18:46.917Z",
    "duration": 3565,
    "testsRegistered": 201,
    "passPercent": 96.51741293532339,
    "pendingPercent": 0,
    "other": 0,
    "hasOther": false,
    "skipped": 7,
    "hasSkipped": true
  },
  "results": [
    {
      "uuid": "61adb505-cbee-47d8-ae3f-ef383ef7b81e",
      "title": "",
      "fullFile": "",
      "file": "",
      "beforeHooks": [],
      "afterHooks": [],
      "tests": [
        {
          "title": "The device must match an existing category",
          "fullTitle": "The device must match an existing category",
          "timedOut": false,
          "duration": 0,
          "state": null,
          "speed": null,
          "pass": false,
          "fail": false,
          "pending": false,
          "context": null,
          "code": "return __awaiter(this, void 0, void 0, function* () {\n    const existingCategories = yield DAOcat.getAll();\n    let check = false;\n    //Testing that its category is member of the categories of the database\n    existingCategories.forEach(function (category) {\n        if (device.getCategoryID() == category.getID())\n            check = true;\n    });\n    assert.isTrue(check);\n});",
          "err": {},
          "uuid": "8a7f810b-0023-4c34-adce-e2b61dc4b02b",
          "parentUUID": "61adb505-cbee-47d8-ae3f-ef383ef7b81e",
          "isHook": false,
          "skipped": true
        },
        {
          "title": "The device must have a five character reference",
          "fullTitle": "The device must have a five character reference",
          "timedOut": false,
          "duration": 0,
          "state": null,
          "speed": null,
          "pass": false,
          "fail": false,
          "pending": false,
          "context": null,
          "code": "return __awaiter(this, void 0, void 0, function* () {\n    assert.equal(device.getRef().length, 5);\n});",
          "err": {},
          "uuid": "bcf65328-4b9e-4fc2-a699-c19a8e7acb31",
          "parentUUID": "61adb505-cbee-47d8-ae3f-ef383ef7b81e",
          "isHook": false,
          "skipped": true
        },
        {
          "title": "The device must not have an empty name or a null name",
          "fullTitle": "The device must not have an empty name or a null name",
          "timedOut": false,
          "duration": 0,
          "state": null,
          "speed": null,
          "pass": false,
          "fail": false,
          "pending": false,
          "context": null,
          "code": "return __awaiter(this, void 0, void 0, function* () {\n    assert.isNotNull(device.getName());\n    assert.isAbove(device.getName().length, 0);\n});",
          "err": {},
          "uuid": "7923cea4-475c-470e-a6a5-dd5c92c505d6",
          "parentUUID": "61adb505-cbee-47d8-ae3f-ef383ef7b81e",
          "isHook": false,
          "skipped": true
        },
        {
          "title": "The device must have a version number between 3 and 15 characters",
          "fullTitle": "The device must have a version number between 3 and 15 characters",
          "timedOut": false,
          "duration": 0,
          "state": null,
          "speed": null,
          "pass": false,
          "fail": false,
          "pending": false,
          "context": null,
          "code": "return __awaiter(this, void 0, void 0, function* () {\n    assert.isAbove(device.getVersion().length, 2);\n    assert.isBelow(device.getVersion().length, 16);\n});",
          "err": {},
          "uuid": "487a3d08-bbec-4299-a912-603ecba131a2",
          "parentUUID": "61adb505-cbee-47d8-ae3f-ef383ef7b81e",
          "isHook": false,
          "skipped": true
        },
        {
          "title": "The device must have a correct version number",
          "fullTitle": "The device must have a correct version number",
          "timedOut": false,
          "duration": 0,
          "state": null,
          "speed": null,
          "pass": false,
          "fail": false,
          "pending": false,
          "context": null,
          "code": "return __awaiter(this, void 0, void 0, function* () {\n    expect(device.getVersion()).to.match(/^[0-9]*\\.[0-9]*$/);\n});",
          "err": {},
          "uuid": "1ee06864-5cd3-49b1-bd23-77c9bb1365c2",
          "parentUUID": "61adb505-cbee-47d8-ae3f-ef383ef7b81e",
          "isHook": false,
          "skipped": true
        },
        {
          "title": "The device must have a grater version than 0.0",
          "fullTitle": "The device must have a grater version than 0.0",
          "timedOut": false,
          "duration": 0,
          "state": null,
          "speed": null,
          "pass": false,
          "fail": false,
          "pending": false,
          "context": null,
          "code": "return __awaiter(this, void 0, void 0, function* () {\n    const numbers = device.getVersion().split('.');\n    assert.isAbove(parseInt(numbers[0]), 0);\n    assert.isAbove(parseInt(numbers[1]), -1);\n});",
          "err": {},
          "uuid": "7b240da6-9e92-4456-906f-9b91f9b474a6",
          "parentUUID": "61adb505-cbee-47d8-ae3f-ef383ef7b81e",
          "isHook": false,
          "skipped": true
        },
        {
          "title": "The device with a phone number must have a correct phone number",
          "fullTitle": "The device with a phone number must have a correct phone number",
          "timedOut": false,
          "duration": 0,
          "state": null,
          "speed": null,
          "pass": false,
          "fail": false,
          "pending": false,
          "context": null,
          "code": "return __awaiter(this, void 0, void 0, function* () {\n    if (device.getPhone()) {\n        expect(device.getPhone()).to.match(/^\\+?[0-9]{0,15}$/);\n    }\n});",
          "err": {},
          "uuid": "0bf69de8-bff7-4d80-a994-1dc973d9a30d",
          "parentUUID": "61adb505-cbee-47d8-ae3f-ef383ef7b81e",
          "isHook": false,
          "skipped": true
        }
      ],
      "suites": [
        {
          "uuid": "5211f0ec-4a02-4304-8ceb-4fd6ce5221ee",
          "title": "Tests on dao_category.ts",
          "fullFile": "/Users/easycash/Loaner/tests/daotests/dao_category_test.ts",
          "file": "/tests/daotests/dao_category_test.ts",
          "beforeHooks": [
            {
              "title": "\"before all\" hook in \"Tests on dao_category.ts\"",
              "fullTitle": "Tests on dao_category.ts \"before all\" hook in \"Tests on dao_category.ts\"",
              "timedOut": false,
              "duration": 22,
              "state": null,
              "speed": null,
              "pass": false,
              "fail": false,
              "pending": false,
              "context": null,
              "code": "__awaiter(this, void 0, void 0, function* () {\n        yield create_db_1.default();\n    })",
              "err": {},
              "uuid": "bb7ab925-3627-4381-a26f-548fce63d0cd",
              "parentUUID": "5211f0ec-4a02-4304-8ceb-4fd6ce5221ee",
              "isHook": true,
              "skipped": false
            }
          ],
          "afterHooks": [],
          "tests": [],
          "suites": [
            {
              "uuid": "1c0a6fde-657e-4cfc-a807-9e0e4d1a7d81",
              "title": "Tests on getAll() method",
              "fullFile": "/Users/easycash/Loaner/tests/daotests/dao_category_test.ts",
              "file": "/tests/daotests/dao_category_test.ts",
              "beforeHooks": [],
              "afterHooks": [],
              "tests": [
                {
                  "title": "The result type must be an array of category",
                  "fullTitle": "Tests on dao_category.ts Tests on getAll() method The result type must be an array of category",
                  "timedOut": false,
                  "duration": 2,
                  "state": "passed",
                  "speed": "fast",
                  "pass": true,
                  "fail": false,
                  "pending": false,
                  "context": null,
                  "code": "return __awaiter(this, void 0, void 0, function* () {\n    const result = yield resultAllCategories();\n    expect(Array.isArray(result)).to.equal(true);\n});",
                  "err": {},
                  "uuid": "9f15e565-e392-4137-87d8-357a46d3b8c7",
                  "parentUUID": "1c0a6fde-657e-4cfc-a807-9e0e4d1a7d81",
                  "isHook": false,
                  "skipped": false
                },
                {
                  "title": "The result must not be empty, there have to be at least one category in the program",
                  "fullTitle": "Tests on dao_category.ts Tests on getAll() method The result must not be empty, there have to be at least one category in the program",
                  "timedOut": false,
                  "duration": 0,
                  "state": "passed",
                  "speed": "fast",
                  "pass": true,
                  "fail": false,
                  "pending": false,
                  "context": null,
                  "code": "return __awaiter(this, void 0, void 0, function* () {\n    const result = yield resultAllCategories();\n    assert.isAbove(result.length, 0, \"There must be at least one category\");\n});",
                  "err": {},
                  "uuid": "8db6f995-8efa-4a08-b2b0-df110fe52766",
                  "parentUUID": "1c0a6fde-657e-4cfc-a807-9e0e4d1a7d81",
                  "isHook": false,
                  "skipped": false
                },
                {
                  "title": "The names of the categories must not exceed 255 characters",
                  "fullTitle": "Tests on dao_category.ts Tests on getAll() method The names of the categories must not exceed 255 characters",
                  "timedOut": false,
                  "duration": 1,
                  "state": "passed",
                  "speed": "fast",
                  "pass": true,
                  "fail": false,
                  "pending": false,
                  "context": null,
                  "code": "return __awaiter(this, void 0, void 0, function* () {\n    const result = yield resultAllCategories();\n    result.forEach(function (category) {\n        assert.isBelow(category.getName().length, 255);\n    });\n});",
                  "err": {},
                  "uuid": "ad519871-2a8f-4e04-a6a0-de9b22c4a1e2",
                  "parentUUID": "1c0a6fde-657e-4cfc-a807-9e0e4d1a7d81",
                  "isHook": false,
                  "skipped": false
                },
                {
                  "title": "ID of Categories must be strictly postives",
                  "fullTitle": "Tests on dao_category.ts Tests on getAll() method ID of Categories must be strictly postives",
                  "timedOut": false,
                  "duration": 1,
                  "state": "passed",
                  "speed": "fast",
                  "pass": true,
                  "fail": false,
                  "pending": false,
                  "context": null,
                  "code": "return __awaiter(this, void 0, void 0, function* () {\n    const result = yield resultAllCategories();\n    result.forEach(function (category) {\n        assert.isAbove(category.getID(), 0);\n    });\n});",
                  "err": {},
                  "uuid": "901f98d8-fb38-48e5-b7cb-ef24c11766bd",
                  "parentUUID": "1c0a6fde-657e-4cfc-a807-9e0e4d1a7d81",
                  "isHook": false,
                  "skipped": false
                }
              ],
              "suites": [],
              "passes": [
                "9f15e565-e392-4137-87d8-357a46d3b8c7",
                "8db6f995-8efa-4a08-b2b0-df110fe52766",
                "ad519871-2a8f-4e04-a6a0-de9b22c4a1e2",
                "901f98d8-fb38-48e5-b7cb-ef24c11766bd"
              ],
              "failures": [],
              "pending": [],
              "skipped": [],
              "duration": 4,
              "root": false,
              "rootEmpty": false,
              "_timeout": 2000
            },
            {
              "uuid": "b01148c6-15e7-40be-8fca-c58ddda49553",
              "title": "Tests on getByName() method",
              "fullFile": "/Users/easycash/Loaner/tests/daotests/dao_category_test.ts",
              "file": "/tests/daotests/dao_category_test.ts",
              "beforeHooks": [],
              "afterHooks": [],
              "tests": [
                {
                  "title": "The result type must be a category",
                  "fullTitle": "Tests on dao_category.ts Tests on getByName() method The result type must be a category",
                  "timedOut": false,
                  "duration": 6,
                  "state": "passed",
                  "speed": "fast",
                  "pass": true,
                  "fail": false,
                  "pending": false,
                  "context": null,
                  "code": "return __awaiter(this, void 0, void 0, function* () {\n    const result = yield resultGetCategory(\"Téléphones\");\n    assert.isTrue(result instanceof category_1.default);\n});",
                  "err": {},
                  "uuid": "1c4c7bbd-7904-4347-9c5b-48325d0bbfa9",
                  "parentUUID": "b01148c6-15e7-40be-8fca-c58ddda49553",
                  "isHook": false,
                  "skipped": false
                },
                {
                  "title": "The database must have the smartphone category",
                  "fullTitle": "Tests on dao_category.ts Tests on getByName() method The database must have the smartphone category",
                  "timedOut": false,
                  "duration": 2,
                  "state": "passed",
                  "speed": "fast",
                  "pass": true,
                  "fail": false,
                  "pending": false,
                  "context": null,
                  "code": "return __awaiter(this, void 0, void 0, function* () {\n    const result = yield resultGetCategory(\"Téléphones\");\n    assert.isNotNull(result);\n});",
                  "err": {},
                  "uuid": "009f8b54-97e5-4711-abc3-5bfe7436985a",
                  "parentUUID": "b01148c6-15e7-40be-8fca-c58ddda49553",
                  "isHook": false,
                  "skipped": false
                },
                {
                  "title": "The names of the category must not have any number",
                  "fullTitle": "Tests on dao_category.ts Tests on getByName() method The names of the category must not have any number",
                  "timedOut": false,
                  "duration": 1,
                  "state": "passed",
                  "speed": "fast",
                  "pass": true,
                  "fail": false,
                  "pending": false,
                  "context": null,
                  "code": "return __awaiter(this, void 0, void 0, function* () {\n    const result = yield resultGetCategory(\"Téléphones\");\n    expect(result.getName()).not.to.match(/^([0-9_])$/);\n});",
                  "err": {},
                  "uuid": "d99107e5-ba29-4233-a597-13a4d8b1cf6c",
                  "parentUUID": "b01148c6-15e7-40be-8fca-c58ddda49553",
                  "isHook": false,
                  "skipped": false
                },
                {
                  "title": "The names of the category must contain only letters or '-'",
                  "fullTitle": "Tests on dao_category.ts Tests on getByName() method The names of the category must contain only letters or '-'",
                  "timedOut": false,
                  "duration": 2,
                  "state": "passed",
                  "speed": "fast",
                  "pass": true,
                  "fail": false,
                  "pending": false,
                  "context": null,
                  "code": "return __awaiter(this, void 0, void 0, function* () {\n    const result = yield resultGetCategory(\"Téléphones\");\n    expect(result.getName()).to.match(/^[a-zA-Z\\-éèà]{0,255}$/);\n});",
                  "err": {},
                  "uuid": "cae11cec-75c3-47a2-b715-a12a74391f05",
                  "parentUUID": "b01148c6-15e7-40be-8fca-c58ddda49553",
                  "isHook": false,
                  "skipped": false
                }
              ],
              "suites": [],
              "passes": [
                "1c4c7bbd-7904-4347-9c5b-48325d0bbfa9",
                "009f8b54-97e5-4711-abc3-5bfe7436985a",
                "d99107e5-ba29-4233-a597-13a4d8b1cf6c",
                "cae11cec-75c3-47a2-b715-a12a74391f05"
              ],
              "failures": [],
              "pending": [],
              "skipped": [],
              "duration": 11,
              "root": false,
              "rootEmpty": false,
              "_timeout": 2000
            },
            {
              "uuid": "50a8eacf-134e-434d-a5cb-984f33a4d922",
              "title": "Tests on getLastId() method",
              "fullFile": "/Users/easycash/Loaner/tests/daotests/dao_category_test.ts",
              "file": "/tests/daotests/dao_category_test.ts",
              "beforeHooks": [],
              "afterHooks": [],
              "tests": [
                {
                  "title": "There must be at least one id, or there would be no categories",
                  "fullTitle": "Tests on dao_category.ts Tests on getLastId() method There must be at least one id, or there would be no categories",
                  "timedOut": false,
                  "duration": 2,
                  "state": "passed",
                  "speed": "fast",
                  "pass": true,
                  "fail": false,
                  "pending": false,
                  "context": null,
                  "code": "return __awaiter(this, void 0, void 0, function* () {\n    const result = yield resultGetLastId();\n    assert.isNotNull(result);\n});",
                  "err": {},
                  "uuid": "a7a920f5-94d6-4f72-8fb0-9d3a449ca8ad",
                  "parentUUID": "50a8eacf-134e-434d-a5cb-984f33a4d922",
                  "isHook": false,
                  "skipped": false
                },
                {
                  "title": "Last Id created must be positive",
                  "fullTitle": "Tests on dao_category.ts Tests on getLastId() method Last Id created must be positive",
                  "timedOut": false,
                  "duration": 1,
                  "state": "passed",
                  "speed": "fast",
                  "pass": true,
                  "fail": false,
                  "pending": false,
                  "context": null,
                  "code": "return __awaiter(this, void 0, void 0, function* () {\n    const result = yield resultGetLastId();\n    assert.isAbove(result, 0);\n});",
                  "err": {},
                  "uuid": "221254f6-3ff3-490d-ae2a-8fd8b30d2ce1",
                  "parentUUID": "50a8eacf-134e-434d-a5cb-984f33a4d922",
                  "isHook": false,
                  "skipped": false
                }
              ],
              "suites": [],
              "passes": [
                "a7a920f5-94d6-4f72-8fb0-9d3a449ca8ad",
                "221254f6-3ff3-490d-ae2a-8fd8b30d2ce1"
              ],
              "failures": [],
              "pending": [],
              "skipped": [],
              "duration": 3,
              "root": false,
              "rootEmpty": false,
              "_timeout": 2000
            },
            {
              "uuid": "bb9a7bdd-d118-4deb-82f5-59df8a1177ff",
              "title": "Tests on addCategory() method",
              "fullFile": "/Users/easycash/Loaner/tests/daotests/dao_category_test.ts",
              "file": "/tests/daotests/dao_category_test.ts",
              "beforeHooks": [],
              "afterHooks": [],
              "tests": [
                {
                  "title": "A new category added should be seen in a SELECT request later",
                  "fullTitle": "Tests on dao_category.ts Tests on addCategory() method A new category added should be seen in a SELECT request later",
                  "timedOut": false,
                  "duration": 2,
                  "state": "passed",
                  "speed": "fast",
                  "pass": true,
                  "fail": false,
                  "pending": false,
                  "context": null,
                  "code": "return __awaiter(this, void 0, void 0, function* () {\n    DAOCategTested.addCategory(new category_1.default(9999, \"TestCategory\"));\n    const result = yield resultGetCategory(\"TestCategory\");\n    assert.isNotNull(result);\n    expect(result.getID()).to.equal(9999);\n    expect(result.getName()).to.equal(\"TestCategory\");\n});",
                  "err": {},
                  "uuid": "ed40868d-d6ae-4403-81ac-bfc87c865b9f",
                  "parentUUID": "bb9a7bdd-d118-4deb-82f5-59df8a1177ff",
                  "isHook": false,
                  "skipped": false
                }
              ],
              "suites": [],
              "passes": [
                "ed40868d-d6ae-4403-81ac-bfc87c865b9f"
              ],
              "failures": [],
              "pending": [],
              "skipped": [],
              "duration": 2,
              "root": false,
              "rootEmpty": false,
              "_timeout": 2000
            },
            {
              "uuid": "a2102fae-f1a5-4ba1-aa02-85b28d182a93",
              "title": "Tests on deleteCategory() method",
              "fullFile": "/Users/easycash/Loaner/tests/daotests/dao_category_test.ts",
              "file": "/tests/daotests/dao_category_test.ts",
              "beforeHooks": [],
              "afterHooks": [],
              "tests": [
                {
                  "title": "A deleted category should not be in a query later",
                  "fullTitle": "Tests on dao_category.ts Tests on deleteCategory() method A deleted category should not be in a query later",
                  "timedOut": false,
                  "duration": 3,
                  "state": "passed",
                  "speed": "fast",
                  "pass": true,
                  "fail": false,
                  "pending": false,
                  "context": null,
                  "code": "return __awaiter(this, void 0, void 0, function* () {\n    expect(yield DAOCategTested.deleteCategory.bind(DAOCategTested, 9999)).not.to.throw(Error);\n});",
                  "err": {},
                  "uuid": "65cd217e-ab21-43e6-a3fa-67b12ac79d0b",
                  "parentUUID": "a2102fae-f1a5-4ba1-aa02-85b28d182a93",
                  "isHook": false,
                  "skipped": false
                },
                {
                  "title": "The category we tried to added, should throw an error at its deletion, or it is deleted from the database",
                  "fullTitle": "Tests on dao_category.ts Tests on deleteCategory() method The category we tried to added, should throw an error at its deletion, or it is deleted from the database",
                  "timedOut": false,
                  "duration": 2,
                  "state": "passed",
                  "speed": "fast",
                  "pass": true,
                  "fail": false,
                  "pending": false,
                  "context": null,
                  "code": "return __awaiter(this, void 0, void 0, function* () {\n    expect(DAOCategTested.deleteCategory(-1)).to.be.rejected;\n});",
                  "err": {},
                  "uuid": "2b582f0e-90e5-4d39-8ec7-88b9b6906809",
                  "parentUUID": "a2102fae-f1a5-4ba1-aa02-85b28d182a93",
                  "isHook": false,
                  "skipped": false
                }
              ],
              "suites": [],
              "passes": [
                "65cd217e-ab21-43e6-a3fa-67b12ac79d0b",
                "2b582f0e-90e5-4d39-8ec7-88b9b6906809"
              ],
              "failures": [],
              "pending": [],
              "skipped": [],
              "duration": 5,
              "root": false,
              "rootEmpty": false,
              "_timeout": 2000
            }
          ],
          "passes": [],
          "failures": [],
          "pending": [],
          "skipped": [],
          "duration": 0,
          "root": false,
          "rootEmpty": false,
          "_timeout": 2000
        },
        {
          "uuid": "f42ebea8-e7ec-4691-a224-98ab01300f9c",
          "title": "Tests onf dao_device.ts",
          "fullFile": "/Users/easycash/Loaner/tests/daotests/dao_device_test.ts",
          "file": "/tests/daotests/dao_device_test.ts",
          "beforeHooks": [
            {
              "title": "\"before all\" hook in \"Tests onf dao_device.ts\"",
              "fullTitle": "Tests onf dao_device.ts \"before all\" hook in \"Tests onf dao_device.ts\"",
              "timedOut": false,
              "duration": 33,
              "state": null,
              "speed": null,
              "pass": false,
              "fail": false,
              "pending": false,
              "context": null,
              "code": "__awaiter(this, void 0, void 0, function* () {\n        yield create_db_1.default();\n    })",
              "err": {},
              "uuid": "0bd576ce-3eb2-4626-8cd5-94612cd78f14",
              "parentUUID": "f42ebea8-e7ec-4691-a224-98ab01300f9c",
              "isHook": true,
              "skipped": false
            }
          ],
          "afterHooks": [],
          "tests": [],
          "suites": [
            {
              "uuid": "890a0a90-177a-4408-8806-b1e0264536b4",
              "title": "Tests on getAll() method",
              "fullFile": "/Users/easycash/Loaner/tests/daotests/dao_device_test.ts",
              "file": "/tests/daotests/dao_device_test.ts",
              "beforeHooks": [],
              "afterHooks": [],
              "tests": [
                {
                  "title": "The result type must be an array of devices",
                  "fullTitle": "Tests onf dao_device.ts Tests on getAll() method The result type must be an array of devices",
                  "timedOut": false,
                  "duration": 3,
                  "state": "passed",
                  "speed": "fast",
                  "pass": true,
                  "fail": false,
                  "pending": false,
                  "context": null,
                  "code": "return __awaiter(this, void 0, void 0, function* () {\n    const result = yield resultAllDevices();\n    expect(Array.isArray(result)).to.equal(true);\n});",
                  "err": {},
                  "uuid": "b902837a-1d6a-46cb-8b0c-6a68bd523b33",
                  "parentUUID": "890a0a90-177a-4408-8806-b1e0264536b4",
                  "isHook": false,
                  "skipped": false
                },
                {
                  "title": "The devices must match an existing category",
                  "fullTitle": "Tests onf dao_device.ts Tests on getAll() method The devices must match an existing category",
                  "timedOut": false,
                  "duration": 2,
                  "state": "passed",
                  "speed": "fast",
                  "pass": true,
                  "fail": false,
                  "pending": false,
                  "context": null,
                  "code": "return __awaiter(this, void 0, void 0, function* () {\n    const existingCategories = yield DAOcat.getAll();\n    const result = yield resultAllDevices();\n    let check = false;\n    //Testing for every device that its category is member of the categories of the database\n    result.map((device) => {\n        existingCategories.map((category) => {\n            if (device.getCategoryID() == category.getID())\n                check = true;\n        });\n    });\n    assert.isTrue(check);\n});",
                  "err": {},
                  "uuid": "0a73feb8-244d-47fc-9f12-c9b0fc7b3094",
                  "parentUUID": "890a0a90-177a-4408-8806-b1e0264536b4",
                  "isHook": false,
                  "skipped": false
                },
                {
                  "title": "The devices must have a five character reference",
                  "fullTitle": "Tests onf dao_device.ts Tests on getAll() method The devices must have a five character reference",
                  "timedOut": false,
                  "duration": 1,
                  "state": "passed",
                  "speed": "fast",
                  "pass": true,
                  "fail": false,
                  "pending": false,
                  "context": null,
                  "code": "return __awaiter(this, void 0, void 0, function* () {\n    const result = yield resultAllDevices();\n    result.forEach(function (device) {\n        assert.equal(device.getRef().length, 5);\n    });\n});",
                  "err": {},
                  "uuid": "167b0455-b4a3-419c-be0d-26b6d7b424d4",
                  "parentUUID": "890a0a90-177a-4408-8806-b1e0264536b4",
                  "isHook": false,
                  "skipped": false
                },
                {
                  "title": "The devices must not have an empty name or a null name",
                  "fullTitle": "Tests onf dao_device.ts Tests on getAll() method The devices must not have an empty name or a null name",
                  "timedOut": false,
                  "duration": 1,
                  "state": "passed",
                  "speed": "fast",
                  "pass": true,
                  "fail": false,
                  "pending": false,
                  "context": null,
                  "code": "return __awaiter(this, void 0, void 0, function* () {\n    const result = yield resultAllDevices();\n    result.forEach(function (device) {\n        assert.isNotNull(device.getName());\n        assert.isAbove(device.getName().length, 0);\n    });\n});",
                  "err": {},
                  "uuid": "73d10db0-0e70-42cc-9ced-3226a31e3862",
                  "parentUUID": "890a0a90-177a-4408-8806-b1e0264536b4",
                  "isHook": false,
                  "skipped": false
                },
                {
                  "title": "The devices must have a version number between 3 and 15 characters",
                  "fullTitle": "Tests onf dao_device.ts Tests on getAll() method The devices must have a version number between 3 and 15 characters",
                  "timedOut": false,
                  "duration": 1,
                  "state": "passed",
                  "speed": "fast",
                  "pass": true,
                  "fail": false,
                  "pending": false,
                  "context": null,
                  "code": "return __awaiter(this, void 0, void 0, function* () {\n    const result = yield resultAllDevices();\n    result.forEach(function (device) {\n        assert.isAbove(device.getVersion().length, 2);\n        assert.isBelow(device.getVersion().length, 16);\n    });\n});",
                  "err": {},
                  "uuid": "2366ce92-7b57-48d6-9d62-4d0fd5dccde8",
                  "parentUUID": "890a0a90-177a-4408-8806-b1e0264536b4",
                  "isHook": false,
                  "skipped": false
                },
                {
                  "title": "The devices must have a correct version number",
                  "fullTitle": "Tests onf dao_device.ts Tests on getAll() method The devices must have a correct version number",
                  "timedOut": false,
                  "duration": 2,
                  "state": "passed",
                  "speed": "fast",
                  "pass": true,
                  "fail": false,
                  "pending": false,
                  "context": null,
                  "code": "return __awaiter(this, void 0, void 0, function* () {\n    const result = yield resultAllDevices();\n    result.forEach(function (device) {\n        expect(device.getVersion()).to.match(/^[0-9]*\\.[0-9]*$/);\n    });\n});",
                  "err": {},
                  "uuid": "67f37250-ad5e-43c3-ad4f-bb470ca474e1",
                  "parentUUID": "890a0a90-177a-4408-8806-b1e0264536b4",
                  "isHook": false,
                  "skipped": false
                },
                {
                  "title": "The devices must have a grater version than 0.0",
                  "fullTitle": "Tests onf dao_device.ts Tests on getAll() method The devices must have a grater version than 0.0",
                  "timedOut": false,
                  "duration": 2,
                  "state": "passed",
                  "speed": "fast",
                  "pass": true,
                  "fail": false,
                  "pending": false,
                  "context": null,
                  "code": "return __awaiter(this, void 0, void 0, function* () {\n    const result = yield resultAllDevices();\n    result.forEach(function (device) {\n        const numbers = device.getVersion().split('.');\n        assert.isAbove(parseInt(numbers[0]), 0);\n        assert.isAbove(parseInt(numbers[1]), -1);\n    });\n});",
                  "err": {},
                  "uuid": "c1258f03-c6da-4660-bba7-19c43cbd5404",
                  "parentUUID": "890a0a90-177a-4408-8806-b1e0264536b4",
                  "isHook": false,
                  "skipped": false
                },
                {
                  "title": "The devices with a phone number must have a correct phone number",
                  "fullTitle": "Tests onf dao_device.ts Tests on getAll() method The devices with a phone number must have a correct phone number",
                  "timedOut": false,
                  "duration": 1,
                  "state": "passed",
                  "speed": "fast",
                  "pass": true,
                  "fail": false,
                  "pending": false,
                  "context": null,
                  "code": "return __awaiter(this, void 0, void 0, function* () {\n    const result = yield resultAllDevices();\n    result.forEach(function (device) {\n        if (device.getPhone()) {\n            expect(device.getPhone()).to.match(/^\\+?[0-9]{0,15}$/);\n        }\n    });\n});",
                  "err": {},
                  "uuid": "35bdb1b3-3007-444f-ae5c-c212357be8d1",
                  "parentUUID": "890a0a90-177a-4408-8806-b1e0264536b4",
                  "isHook": false,
                  "skipped": false
                }
              ],
              "suites": [],
              "passes": [
                "b902837a-1d6a-46cb-8b0c-6a68bd523b33",
                "0a73feb8-244d-47fc-9f12-c9b0fc7b3094",
                "167b0455-b4a3-419c-be0d-26b6d7b424d4",
                "73d10db0-0e70-42cc-9ced-3226a31e3862",
                "2366ce92-7b57-48d6-9d62-4d0fd5dccde8",
                "67f37250-ad5e-43c3-ad4f-bb470ca474e1",
                "c1258f03-c6da-4660-bba7-19c43cbd5404",
                "35bdb1b3-3007-444f-ae5c-c212357be8d1"
              ],
              "failures": [],
              "pending": [],
              "skipped": [],
              "duration": 13,
              "root": false,
              "rootEmpty": false,
              "_timeout": 2000
            },
            {
              "uuid": "fcb8bb0c-7164-4c89-84af-c4c3e03ee330",
              "title": "Tests on addDevice() method",
              "fullFile": "/Users/easycash/Loaner/tests/daotests/dao_device_test.ts",
              "file": "/tests/daotests/dao_device_test.ts",
              "beforeHooks": [],
              "afterHooks": [],
              "tests": [
                {
                  "title": "Adding a compliant device should not throw exception, and the added device must be seen in queries",
                  "fullTitle": "Tests onf dao_device.ts Tests on addDevice() method Adding a compliant device should not throw exception, and the added device must be seen in queries",
                  "timedOut": false,
                  "duration": 8,
                  "state": "passed",
                  "speed": "fast",
                  "pass": true,
                  "fail": false,
                  "pending": false,
                  "context": null,
                  "code": "return __awaiter(this, void 0, void 0, function* () {\n    //This device is compliant to the specifications\n    expect(DAOTested.addDevice(new device_1.default(\"test1\", 1, \"Téléphones\", \"First test\", \"1.0\", \"\", \"0778787878\"))).not.to.be.rejected;\n    const result = yield DAOTested.get(\"test1\");\n    assert.isNotNull(result);\n    expect(result.getRef()).to.equal(\"test1\");\n    expect(result.getCategoryID()).to.equal(1);\n    expect(result.getName()).to.equal(\"First test\");\n    expect(result.getVersion()).to.equal(\"1.0\");\n    expect(result.getPhoto()).to.equal(\"\");\n    expect(result.getPhone()).to.equal(\"0778787878\");\n});",
                  "err": {},
                  "uuid": "01a6d33f-6511-4848-a78d-870c8de81c62",
                  "parentUUID": "fcb8bb0c-7164-4c89-84af-c4c3e03ee330",
                  "isHook": false,
                  "skipped": false
                }
              ],
              "suites": [],
              "passes": [
                "01a6d33f-6511-4848-a78d-870c8de81c62"
              ],
              "failures": [],
              "pending": [],
              "skipped": [],
              "duration": 8,
              "root": false,
              "rootEmpty": false,
              "_timeout": 2000
            },
            {
              "uuid": "1c0d6c43-247d-4148-aeb6-2b842590d2bb",
              "title": "Tests on deleteDevice() method",
              "fullFile": "/Users/easycash/Loaner/tests/daotests/dao_device_test.ts",
              "file": "/tests/daotests/dao_device_test.ts",
              "beforeHooks": [],
              "afterHooks": [],
              "tests": [
                {
                  "title": "Deleting the compliant device should not throw an error, and the devices should not be queryable",
                  "fullTitle": "Tests onf dao_device.ts Tests on deleteDevice() method Deleting the compliant device should not throw an error, and the devices should not be queryable",
                  "timedOut": false,
                  "duration": 1,
                  "state": "passed",
                  "speed": "fast",
                  "pass": true,
                  "fail": false,
                  "pending": false,
                  "context": null,
                  "code": "return __awaiter(this, void 0, void 0, function* () {\n    expect(DAOTested.deleteDevice(\"test1\")).not.to.be.rejected;\n});",
                  "err": {},
                  "uuid": "b39f0b89-7849-485a-bd69-809dcc2ad2c8",
                  "parentUUID": "1c0d6c43-247d-4148-aeb6-2b842590d2bb",
                  "isHook": false,
                  "skipped": false
                },
                {
                  "title": "Deleting all the invalid devices should throw an error, or they were created earlier",
                  "fullTitle": "Tests onf dao_device.ts Tests on deleteDevice() method Deleting all the invalid devices should throw an error, or they were created earlier",
                  "timedOut": false,
                  "duration": 8,
                  "state": "passed",
                  "speed": "fast",
                  "pass": true,
                  "fail": false,
                  "pending": false,
                  "context": null,
                  "code": "return __awaiter(this, void 0, void 0, function* () {\n    expect(DAOTested.deleteDevice(\"test\")).to.be.rejected;\n    expect(DAOTested.deleteDevice(\"test33\")).to.be.rejected;\n    expect(DAOTested.deleteDevice(\"test4\")).to.be.rejected;\n    expect(DAOTested.deleteDevice(\"test5\")).to.be.rejected;\n    expect(DAOTested.deleteDevice(\"test6\")).to.be.rejected;\n    expect(DAOTested.deleteDevice(\"test7\")).to.be.rejected;\n    expect(DAOTested.deleteDevice(\"test8\")).to.be.rejected;\n    expect(DAOTested.deleteDevice(\"test9\")).to.be.rejected;\n    expect(DAOTested.deleteDevice(\"test10\")).to.be.rejected;\n    expect(DAOTested.deleteDevice(\"test11\")).to.be.rejected;\n});",
                  "err": {},
                  "uuid": "69684503-549d-4a54-97a2-8a6b89c2db6c",
                  "parentUUID": "1c0d6c43-247d-4148-aeb6-2b842590d2bb",
                  "isHook": false,
                  "skipped": false
                }
              ],
              "suites": [],
              "passes": [
                "b39f0b89-7849-485a-bd69-809dcc2ad2c8",
                "69684503-549d-4a54-97a2-8a6b89c2db6c"
              ],
              "failures": [],
              "pending": [],
              "skipped": [],
              "duration": 9,
              "root": false,
              "rootEmpty": false,
              "_timeout": 2000
            },
            {
              "uuid": "32704e10-51da-47a3-955b-729122b3c704",
              "title": "Tests on borrowDevice() method",
              "fullFile": "/Users/easycash/Loaner/tests/daotests/dao_device_test.ts",
              "file": "/tests/daotests/dao_device_test.ts",
              "beforeHooks": [],
              "afterHooks": [],
              "tests": [
                {
                  "title": "Adding a reservation with existing ID throw an error",
                  "fullTitle": "Tests onf dao_device.ts Tests on borrowDevice() method Adding a reservation with existing ID throw an error",
                  "timedOut": false,
                  "duration": 6,
                  "state": "passed",
                  "speed": "fast",
                  "pass": true,
                  "fail": false,
                  "pending": false,
                  "context": null,
                  "code": "return __awaiter(this, void 0, void 0, function* () {\n    const reservationID = yield DAObooking.getLastId();\n    expect(DAOTested.borrowDevice([new reservation_1.default(reservationID, \"TESTB\", \"ABCDEFG\", startDate, endDate)])).to.be.rejected;\n});",
                  "err": {},
                  "uuid": "65510a9c-0df8-4f47-8256-c16e852bb91c",
                  "parentUUID": "32704e10-51da-47a3-955b-729122b3c704",
                  "isHook": false,
                  "skipped": false
                },
                {
                  "title": "Booking a device should throw error",
                  "fullTitle": "Tests onf dao_device.ts Tests on borrowDevice() method Booking a device should throw error",
                  "timedOut": false,
                  "duration": 1,
                  "state": "passed",
                  "speed": "fast",
                  "pass": true,
                  "fail": false,
                  "pending": false,
                  "context": null,
                  "code": "return __awaiter(this, void 0, void 0, function* () {\n    const reservationID = yield DAObooking.getLastId();\n    expect(DAOTested.borrowDevice([new reservation_1.default(reservationID + 1, \"TESTB\", \"ABCDEFG\", startDate, endDate)])).to.not.be.rejected;\n});",
                  "err": {},
                  "uuid": "080f6914-d810-4401-8242-d7b41fe2ff13",
                  "parentUUID": "32704e10-51da-47a3-955b-729122b3c704",
                  "isHook": false,
                  "skipped": false
                }
              ],
              "suites": [],
              "passes": [
                "65510a9c-0df8-4f47-8256-c16e852bb91c",
                "080f6914-d810-4401-8242-d7b41fe2ff13"
              ],
              "failures": [],
              "pending": [],
              "skipped": [],
              "duration": 7,
              "root": false,
              "rootEmpty": false,
              "_timeout": 2000
            },
            {
              "uuid": "7397746b-8130-4687-9f53-18056b1d4868",
              "title": "Tests on getDevicesByFilter() method",
              "fullFile": "/Users/easycash/Loaner/tests/daotests/dao_device_test.ts",
              "file": "/tests/daotests/dao_device_test.ts",
              "beforeHooks": [],
              "afterHooks": [],
              "tests": [
                {
                  "title": "Research with empty filters should throw error",
                  "fullTitle": "Tests onf dao_device.ts Tests on getDevicesByFilter() method Research with empty filters should throw error",
                  "timedOut": false,
                  "duration": 0,
                  "state": "passed",
                  "speed": "fast",
                  "pass": true,
                  "fail": false,
                  "pending": false,
                  "context": null,
                  "code": "return __awaiter(this, void 0, void 0, function* () {\n    expect(DAOTested.getDevicesByFilter(\"\", \"\", -1)).to.be.rejected;\n});",
                  "err": {},
                  "uuid": "119c58bf-8435-48f4-96af-4c5a836dfd16",
                  "parentUUID": "7397746b-8130-4687-9f53-18056b1d4868",
                  "isHook": false,
                  "skipped": false
                },
                {
                  "title": "Checking if all the filters works well",
                  "fullTitle": "Tests onf dao_device.ts Tests on getDevicesByFilter() method Checking if all the filters works well",
                  "timedOut": false,
                  "duration": 13,
                  "state": "passed",
                  "speed": "fast",
                  "pass": true,
                  "fail": false,
                  "pending": false,
                  "context": null,
                  "code": "return __awaiter(this, void 0, void 0, function* () {\n    yield DAOTested.addDevice.bind(DAOTested, new device_1.default(\"test1\", 1, \"Téléphones\", \"Test filters\", \"1.0\", \"\", \"0778787878\"));\n    let result = yield DAOTested.getDevicesByFilter(\"Test filters\", \"\", -1);\n    result.forEach(function (device) {\n        assert.equal(device.getName(), \"Test filters\");\n    });\n    result = yield DAOTested.getDevicesByFilter(\"\", \"test1\", -1);\n    result.forEach(function (device) {\n        assert.equal(device.getRef(), \"test1\");\n    });\n    result = yield DAOTested.getDevicesByFilter(\"\", \"\", 1);\n    expect(result.map((device) => { return device.getName(); })).to.have.members([\"Huawei P80\", \"Samsung Galaxy S1000\"]);\n    yield DAOTested.deleteDevice.bind(DAOTested, \"test1\");\n});",
                  "err": {},
                  "uuid": "a78bec2f-4d3b-4faf-9ff7-535723e186cf",
                  "parentUUID": "7397746b-8130-4687-9f53-18056b1d4868",
                  "isHook": false,
                  "skipped": false
                }
              ],
              "suites": [],
              "passes": [
                "119c58bf-8435-48f4-96af-4c5a836dfd16",
                "a78bec2f-4d3b-4faf-9ff7-535723e186cf"
              ],
              "failures": [],
              "pending": [],
              "skipped": [],
              "duration": 13,
              "root": false,
              "rootEmpty": false,
              "_timeout": 2000
            }
          ],
          "passes": [],
          "failures": [],
          "pending": [],
          "skipped": [],
          "duration": 0,
          "root": false,
          "rootEmpty": false,
          "_timeout": 2000
        },
        {
          "uuid": "7e99b1d8-7489-4622-9d5a-bbef4799ef5d",
          "title": "Tests on dao_reservation.ts",
          "fullFile": "/Users/easycash/Loaner/tests/daotests/dao_reservation_test.ts",
          "file": "/tests/daotests/dao_reservation_test.ts",
          "beforeHooks": [
            {
              "title": "\"before all\" hook in \"Tests on dao_reservation.ts\"",
              "fullTitle": "Tests on dao_reservation.ts \"before all\" hook in \"Tests on dao_reservation.ts\"",
              "timedOut": false,
              "duration": 14,
              "state": null,
              "speed": null,
              "pass": false,
              "fail": false,
              "pending": false,
              "context": null,
              "code": "__awaiter(this, void 0, void 0, function* () {\n        yield create_db_1.default();\n    })",
              "err": {},
              "uuid": "05126070-326a-4fe2-bde2-fb102bca192f",
              "parentUUID": "7e99b1d8-7489-4622-9d5a-bbef4799ef5d",
              "isHook": true,
              "skipped": false
            }
          ],
          "afterHooks": [],
          "tests": [],
          "suites": [
            {
              "uuid": "44f8e66d-7f87-427c-a054-e35b3bedbc75",
              "title": "Tests on getLastid() method",
              "fullFile": "/Users/easycash/Loaner/tests/daotests/dao_reservation_test.ts",
              "file": "/tests/daotests/dao_reservation_test.ts",
              "beforeHooks": [],
              "afterHooks": [],
              "tests": [
                {
                  "title": "The Id must be positive",
                  "fullTitle": "Tests on dao_reservation.ts Tests on getLastid() method The Id must be positive",
                  "timedOut": false,
                  "duration": 4,
                  "state": "passed",
                  "speed": "fast",
                  "pass": true,
                  "fail": false,
                  "pending": false,
                  "context": null,
                  "code": "return __awaiter(this, void 0, void 0, function* () {\n    const result = yield DAOTested.getLastId();\n    assert.isAbove(result, 0);\n});",
                  "err": {},
                  "uuid": "cf2c0b48-9d05-4edb-b283-8269f2633dbd",
                  "parentUUID": "44f8e66d-7f87-427c-a054-e35b3bedbc75",
                  "isHook": false,
                  "skipped": false
                }
              ],
              "suites": [],
              "passes": [
                "cf2c0b48-9d05-4edb-b283-8269f2633dbd"
              ],
              "failures": [],
              "pending": [],
              "skipped": [],
              "duration": 4,
              "root": false,
              "rootEmpty": false,
              "_timeout": 2000
            },
            {
              "uuid": "950dcc62-5279-4658-8f52-50f7be2c05e3",
              "title": "Tests on historyDevice() method",
              "fullFile": "/Users/easycash/Loaner/tests/daotests/dao_reservation_test.ts",
              "file": "/tests/daotests/dao_reservation_test.ts",
              "beforeHooks": [],
              "afterHooks": [],
              "tests": [
                {
                  "title": "The users of a reservation must be registered",
                  "fullTitle": "Tests on dao_reservation.ts Tests on historyDevice() method The users of a reservation must be registered",
                  "timedOut": false,
                  "duration": 7,
                  "state": "passed",
                  "speed": "fast",
                  "pass": true,
                  "fail": false,
                  "pending": false,
                  "context": null,
                  "code": "return __awaiter(this, void 0, void 0, function* () {\n    const users = yield DAOuser.getAll();\n    const result = yield DAOTested.historyDevice(\"AN001\");\n    let check = false;\n    result.forEach(function (booking) {\n        users.forEach(function (user) {\n            if (booking.getUserID() == user.getId())\n                check = true;\n        });\n    });\n    assert.isTrue(check);\n});",
                  "err": {},
                  "uuid": "fd65f108-2cc7-4643-80a7-c87fe7785bc3",
                  "parentUUID": "950dcc62-5279-4658-8f52-50f7be2c05e3",
                  "isHook": false,
                  "skipped": false
                },
                {
                  "title": "The devices of a reservation must be registered",
                  "fullTitle": "Tests on dao_reservation.ts Tests on historyDevice() method The devices of a reservation must be registered",
                  "timedOut": false,
                  "duration": 7,
                  "state": "passed",
                  "speed": "fast",
                  "pass": true,
                  "fail": false,
                  "pending": false,
                  "context": null,
                  "code": "return __awaiter(this, void 0, void 0, function* () {\n    const devices = yield DAOdevice.getAll();\n    const result = yield DAOTested.historyDevice(\"AN001\");\n    let check = false;\n    result.forEach(function (booking) {\n        devices.forEach(function (device) {\n            if (booking.getDevice().match(device.getRef()))\n                check = true;\n        });\n    });\n    assert.isTrue(check);\n});",
                  "err": {},
                  "uuid": "8b3a7635-948c-4f32-873a-dcdb8449e71d",
                  "parentUUID": "950dcc62-5279-4658-8f52-50f7be2c05e3",
                  "isHook": false,
                  "skipped": false
                },
                {
                  "title": "The start date must be earlier than the two others",
                  "fullTitle": "Tests on dao_reservation.ts Tests on historyDevice() method The start date must be earlier than the two others",
                  "timedOut": false,
                  "duration": 0,
                  "state": "passed",
                  "speed": "fast",
                  "pass": true,
                  "fail": false,
                  "pending": false,
                  "context": null,
                  "code": "return __awaiter(this, void 0, void 0, function* () {\n    const result = yield DAOTested.historyDevice(\"AN002\");\n    result.forEach(function (booking) {\n        assert.notDeepEqual(booking.getStartDate(), booking.getReturnDate());\n        assert.notDeepEqual(booking.getStartDate(), booking.getEndDate());\n        assert.isAbove(booking.getReturnDate().getTime(), booking.getStartDate().getTime());\n        assert.isAbove(booking.getEndDate().getTime(), booking.getStartDate().getTime());\n    });\n});",
                  "err": {},
                  "uuid": "af5902b4-415c-4d4d-93cc-2fb0f019cdf3",
                  "parentUUID": "950dcc62-5279-4658-8f52-50f7be2c05e3",
                  "isHook": false,
                  "skipped": false
                }
              ],
              "suites": [],
              "passes": [
                "fd65f108-2cc7-4643-80a7-c87fe7785bc3",
                "8b3a7635-948c-4f32-873a-dcdb8449e71d",
                "af5902b4-415c-4d4d-93cc-2fb0f019cdf3"
              ],
              "failures": [],
              "pending": [],
              "skipped": [],
              "duration": 14,
              "root": false,
              "rootEmpty": false,
              "_timeout": 2000
            },
            {
              "uuid": "b8d8e96b-5129-4b4b-a2b4-0f94945480fd",
              "title": "Tests on getUserHistory() method",
              "fullFile": "/Users/easycash/Loaner/tests/daotests/dao_reservation_test.ts",
              "file": "/tests/daotests/dao_reservation_test.ts",
              "beforeHooks": [],
              "afterHooks": [],
              "tests": [
                {
                  "title": "The result type must be an array",
                  "fullTitle": "Tests on dao_reservation.ts Tests on getUserHistory() method The result type must be an array",
                  "timedOut": false,
                  "duration": 6,
                  "state": "passed",
                  "speed": "fast",
                  "pass": true,
                  "fail": false,
                  "pending": false,
                  "context": null,
                  "code": "return __awaiter(this, void 0, void 0, function* () {\n    const result = yield DAOTested.getUserHistory(\"HIJKLMN\");\n    assert.isTrue(Array.isArray(result));\n});",
                  "err": {},
                  "uuid": "5c14648b-534b-4392-94e1-de2edff55f4b",
                  "parentUUID": "b8d8e96b-5129-4b4b-a2b4-0f94945480fd",
                  "isHook": false,
                  "skipped": false
                },
                {
                  "title": "The id reservation must be positive",
                  "fullTitle": "Tests on dao_reservation.ts Tests on getUserHistory() method The id reservation must be positive",
                  "timedOut": false,
                  "duration": 0,
                  "state": "passed",
                  "speed": "fast",
                  "pass": true,
                  "fail": false,
                  "pending": false,
                  "context": null,
                  "code": "return __awaiter(this, void 0, void 0, function* () {\n    const result = yield DAOTested.getUserHistory(\"HIJKLMN\");\n    result.forEach((reservation) => {\n        assert.isAbove(reservation.getID(), 0);\n    });\n});",
                  "err": {},
                  "uuid": "1af842a6-7c06-455b-95c1-7a75ef3dd487",
                  "parentUUID": "b8d8e96b-5129-4b4b-a2b4-0f94945480fd",
                  "isHook": false,
                  "skipped": false
                },
                {
                  "title": "The start date must be earlier than the two others",
                  "fullTitle": "Tests on dao_reservation.ts Tests on getUserHistory() method The start date must be earlier than the two others",
                  "timedOut": false,
                  "duration": 1,
                  "state": "passed",
                  "speed": "fast",
                  "pass": true,
                  "fail": false,
                  "pending": false,
                  "context": null,
                  "code": "return __awaiter(this, void 0, void 0, function* () {\n    const result = yield DAOTested.getUserHistory(\"ABCDEFG\");\n    result.forEach(function (booking) {\n        assert.notDeepEqual(booking.getStartDate(), booking.getReturnDate());\n        assert.notDeepEqual(booking.getStartDate(), booking.getEndDate());\n        if (!booking.getReturnDate()) {\n            assert.isAbove(booking.getReturnDate().getTime(), booking.getStartDate().getTime());\n        }\n        assert.isAbove(booking.getEndDate().getTime(), booking.getStartDate().getTime());\n    });\n});",
                  "err": {},
                  "uuid": "ae732f22-e77c-438b-adfa-80bdadd3ac65",
                  "parentUUID": "b8d8e96b-5129-4b4b-a2b4-0f94945480fd",
                  "isHook": false,
                  "skipped": false
                }
              ],
              "suites": [],
              "passes": [
                "5c14648b-534b-4392-94e1-de2edff55f4b",
                "1af842a6-7c06-455b-95c1-7a75ef3dd487",
                "ae732f22-e77c-438b-adfa-80bdadd3ac65"
              ],
              "failures": [],
              "pending": [],
              "skipped": [],
              "duration": 7,
              "root": false,
              "rootEmpty": false,
              "_timeout": 2000
            },
            {
              "uuid": "b3c7a422-9106-4ac7-8abf-fa685a34c905",
              "title": "Tests on getAllReservationsDevice() method",
              "fullFile": "/Users/easycash/Loaner/tests/daotests/dao_reservation_test.ts",
              "file": "/tests/daotests/dao_reservation_test.ts",
              "beforeHooks": [],
              "afterHooks": [],
              "tests": [
                {
                  "title": "The result type must be an array",
                  "fullTitle": "Tests on dao_reservation.ts Tests on getAllReservationsDevice() method The result type must be an array",
                  "timedOut": false,
                  "duration": 5,
                  "state": "passed",
                  "speed": "fast",
                  "pass": true,
                  "fail": false,
                  "pending": false,
                  "context": null,
                  "code": "return __awaiter(this, void 0, void 0, function* () {\n    const result = yield DAOTested.getAllReservationsDevice(\"AN002\");\n    assert.isTrue(Array.isArray(result));\n});",
                  "err": {},
                  "uuid": "d12aea3a-7d5e-4593-b0bd-edcf11f0b5c4",
                  "parentUUID": "b3c7a422-9106-4ac7-8abf-fa685a34c905",
                  "isHook": false,
                  "skipped": false
                },
                {
                  "title": "The id reservation must be positive",
                  "fullTitle": "Tests on dao_reservation.ts Tests on getAllReservationsDevice() method The id reservation must be positive",
                  "timedOut": false,
                  "duration": 6,
                  "state": "passed",
                  "speed": "fast",
                  "pass": true,
                  "fail": false,
                  "pending": false,
                  "context": null,
                  "code": "return __awaiter(this, void 0, void 0, function* () {\n    const result = yield DAOTested.getAllReservationsDevice(\"AN002\");\n    result.forEach((reservation) => {\n        assert.isAbove(reservation.getID(), 0);\n    });\n});",
                  "err": {},
                  "uuid": "828c3380-926d-4a7f-9dda-ff891e8851fa",
                  "parentUUID": "b3c7a422-9106-4ac7-8abf-fa685a34c905",
                  "isHook": false,
                  "skipped": false
                },
                {
                  "title": "The start date must be earlier than the two others",
                  "fullTitle": "Tests on dao_reservation.ts Tests on getAllReservationsDevice() method The start date must be earlier than the two others",
                  "timedOut": false,
                  "duration": 0,
                  "state": "passed",
                  "speed": "fast",
                  "pass": true,
                  "fail": false,
                  "pending": false,
                  "context": null,
                  "code": "return __awaiter(this, void 0, void 0, function* () {\n    const result = yield DAOTested.getAllReservationsDevice(\"AN002\");\n    result.forEach(function (booking) {\n        assert.notDeepEqual(booking.getStartDate(), booking.getReturnDate());\n        assert.notDeepEqual(booking.getStartDate(), booking.getEndDate());\n        assert.isAbove(booking.getReturnDate().getTime(), booking.getStartDate().getTime());\n        assert.isAbove(booking.getEndDate().getTime(), booking.getStartDate().getTime());\n    });\n});",
                  "err": {},
                  "uuid": "f65831d5-e610-42c8-a100-f38ad2d64c87",
                  "parentUUID": "b3c7a422-9106-4ac7-8abf-fa685a34c905",
                  "isHook": false,
                  "skipped": false
                }
              ],
              "suites": [],
              "passes": [
                "d12aea3a-7d5e-4593-b0bd-edcf11f0b5c4",
                "828c3380-926d-4a7f-9dda-ff891e8851fa",
                "f65831d5-e610-42c8-a100-f38ad2d64c87"
              ],
              "failures": [],
              "pending": [],
              "skipped": [],
              "duration": 11,
              "root": false,
              "rootEmpty": false,
              "_timeout": 2000
            },
            {
              "uuid": "cb3aab01-abc4-4530-b093-83e30b237c95",
              "title": "Tests on hasReservationWithInfos() method",
              "fullFile": "/Users/easycash/Loaner/tests/daotests/dao_reservation_test.ts",
              "file": "/tests/daotests/dao_reservation_test.ts",
              "beforeHooks": [],
              "afterHooks": [],
              "tests": [
                {
                  "title": "An existing reservation must be seen in the database",
                  "fullTitle": "Tests on dao_reservation.ts Tests on hasReservationWithInfos() method An existing reservation must be seen in the database",
                  "timedOut": false,
                  "duration": 1,
                  "state": "passed",
                  "speed": "fast",
                  "pass": true,
                  "fail": false,
                  "pending": false,
                  "context": null,
                  "code": "return __awaiter(this, void 0, void 0, function* () {\n    const result = yield DAOTested.hasReservationWithInfos(\"AN001\", new Date(2021, 0, 5), new Date(2021, 0, 8));\n    expect(result).to.be.true;\n});",
                  "err": {},
                  "uuid": "07574a86-22dc-4b28-8ba5-e9a6014ea8c0",
                  "parentUUID": "cb3aab01-abc4-4530-b093-83e30b237c95",
                  "isHook": false,
                  "skipped": false
                },
                {
                  "title": "An inexisting reservation must not appear in the database",
                  "fullTitle": "Tests on dao_reservation.ts Tests on hasReservationWithInfos() method An inexisting reservation must not appear in the database",
                  "timedOut": false,
                  "duration": 15,
                  "state": "passed",
                  "speed": "fast",
                  "pass": true,
                  "fail": false,
                  "pending": false,
                  "context": null,
                  "code": "return __awaiter(this, void 0, void 0, function* () {\n    expect(yield DAOTested.hasReservationWithInfos(\"AN003\", new Date(2021, 0, 5), new Date(2021, 0, 8))).to.be.false;\n    expect(yield DAOTested.hasReservationWithInfos(\"AN001\", new Date(2021, 0, 1), new Date(2021, 0, 4))).to.be.false;\n    expect(yield DAOTested.hasReservationWithInfos(\"AN001\", new Date(2021, 1, 9), new Date(2021, 1, 20))).to.be.false;\n    expect(yield DAOTested.hasReservationWithInfos(\"AN003\", new Date(2021, 0, 6), new Date(2021, 0, 8))).to.be.false;\n    expect(yield DAOTested.hasReservationWithInfos(\"AN003\", new Date(2021, 0, 5), new Date(2021, 1, 12))).to.be.false;\n    expect(yield DAOTested.hasReservationWithInfos(\"AN003\", new Date(2021, 2, 27), new Date(2021, 0, 8))).to.be.false;\n});",
                  "err": {},
                  "uuid": "bd1925e5-8e50-4d76-ba3c-cea300aec67f",
                  "parentUUID": "cb3aab01-abc4-4530-b093-83e30b237c95",
                  "isHook": false,
                  "skipped": false
                }
              ],
              "suites": [],
              "passes": [
                "07574a86-22dc-4b28-8ba5-e9a6014ea8c0",
                "bd1925e5-8e50-4d76-ba3c-cea300aec67f"
              ],
              "failures": [],
              "pending": [],
              "skipped": [],
              "duration": 16,
              "root": false,
              "rootEmpty": false,
              "_timeout": 2000
            }
          ],
          "passes": [],
          "failures": [],
          "pending": [],
          "skipped": [],
          "duration": 0,
          "root": false,
          "rootEmpty": false,
          "_timeout": 2000
        },
        {
          "uuid": "d24bc878-8dcd-40b3-bf93-2edef9fd9590",
          "title": "Tests on dao_user.ts",
          "fullFile": "/Users/easycash/Loaner/tests/daotests/dao_user_test.ts",
          "file": "/tests/daotests/dao_user_test.ts",
          "beforeHooks": [
            {
              "title": "\"before all\" hook in \"Tests on dao_user.ts\"",
              "fullTitle": "Tests on dao_user.ts \"before all\" hook in \"Tests on dao_user.ts\"",
              "timedOut": false,
              "duration": 24,
              "state": null,
              "speed": null,
              "pass": false,
              "fail": false,
              "pending": false,
              "context": null,
              "code": "__awaiter(this, void 0, void 0, function* () {\n        yield create_db_1.default();\n    })",
              "err": {},
              "uuid": "afffe01f-2220-4d74-a084-b7741f04e48d",
              "parentUUID": "d24bc878-8dcd-40b3-bf93-2edef9fd9590",
              "isHook": true,
              "skipped": false
            }
          ],
          "afterHooks": [],
          "tests": [],
          "suites": [
            {
              "uuid": "7297429c-0068-4657-9e77-8db10e858244",
              "title": "Tests on getAll() method",
              "fullFile": "/Users/easycash/Loaner/tests/daotests/dao_user_test.ts",
              "file": "/tests/daotests/dao_user_test.ts",
              "beforeHooks": [],
              "afterHooks": [],
              "tests": [
                {
                  "title": "The result type must be an array of user",
                  "fullTitle": "Tests on dao_user.ts Tests on getAll() method The result type must be an array of user",
                  "timedOut": false,
                  "duration": 1,
                  "state": "passed",
                  "speed": "fast",
                  "pass": true,
                  "fail": false,
                  "pending": false,
                  "context": null,
                  "code": "return __awaiter(this, void 0, void 0, function* () {\n    const result = yield DAOTested.getAll();\n    expect(Array.isArray(result)).to.equal(true);\n});",
                  "err": {},
                  "uuid": "dccc1f66-ba9f-4877-a7a8-578609170005",
                  "parentUUID": "7297429c-0068-4657-9e77-8db10e858244",
                  "isHook": false,
                  "skipped": false
                },
                {
                  "title": "The users must have a 7 characters ID",
                  "fullTitle": "Tests on dao_user.ts Tests on getAll() method The users must have a 7 characters ID",
                  "timedOut": false,
                  "duration": 1,
                  "state": "passed",
                  "speed": "fast",
                  "pass": true,
                  "fail": false,
                  "pending": false,
                  "context": null,
                  "code": "return __awaiter(this, void 0, void 0, function* () {\n    const result = yield DAOTested.getAll();\n    result.map((user) => {\n        assert.equal(user.getId().length, 7);\n    });\n});",
                  "err": {},
                  "uuid": "f6dd1a41-4ae5-4b0f-971c-c24470592a80",
                  "parentUUID": "7297429c-0068-4657-9e77-8db10e858244",
                  "isHook": false,
                  "skipped": false
                },
                {
                  "title": "The users must not have empty names or surname",
                  "fullTitle": "Tests on dao_user.ts Tests on getAll() method The users must not have empty names or surname",
                  "timedOut": false,
                  "duration": 1,
                  "state": "passed",
                  "speed": "fast",
                  "pass": true,
                  "fail": false,
                  "pending": false,
                  "context": null,
                  "code": "return __awaiter(this, void 0, void 0, function* () {\n    const result = yield DAOTested.getAll();\n    result.map((user) => {\n        assert.isNotEmpty(user.getFirstName());\n        assert.isNotEmpty(user.getLastName());\n    });\n});",
                  "err": {},
                  "uuid": "9dc5c16b-224d-4018-b953-bbef85953f45",
                  "parentUUID": "7297429c-0068-4657-9e77-8db10e858244",
                  "isHook": false,
                  "skipped": false
                },
                {
                  "title": "The users must have a valid email",
                  "fullTitle": "Tests on dao_user.ts Tests on getAll() method The users must have a valid email",
                  "timedOut": false,
                  "duration": 1,
                  "state": "passed",
                  "speed": "fast",
                  "pass": true,
                  "fail": false,
                  "pending": false,
                  "context": null,
                  "code": "return __awaiter(this, void 0, void 0, function* () {\n    const result = yield DAOTested.getAll();\n    result.map((user) => {\n        assert.match(user.getEmail(), /^[^@\\s]+@[^@\\s]+\\.[^@\\s]+$/);\n    });\n});",
                  "err": {},
                  "uuid": "676591ee-0994-480c-a399-cee6cced6096",
                  "parentUUID": "7297429c-0068-4657-9e77-8db10e858244",
                  "isHook": false,
                  "skipped": false
                }
              ],
              "suites": [],
              "passes": [
                "dccc1f66-ba9f-4877-a7a8-578609170005",
                "f6dd1a41-4ae5-4b0f-971c-c24470592a80",
                "9dc5c16b-224d-4018-b953-bbef85953f45",
                "676591ee-0994-480c-a399-cee6cced6096"
              ],
              "failures": [],
              "pending": [],
              "skipped": [],
              "duration": 4,
              "root": false,
              "rootEmpty": false,
              "_timeout": 2000
            },
            {
              "uuid": "bd7e1391-7529-4bbe-a46d-444c59549d43",
              "title": "Tests on getUser() method",
              "fullFile": "/Users/easycash/Loaner/tests/daotests/dao_user_test.ts",
              "file": "/tests/daotests/dao_user_test.ts",
              "beforeHooks": [],
              "afterHooks": [],
              "tests": [
                {
                  "title": "The user get must not have empty name or surname",
                  "fullTitle": "Tests on dao_user.ts Tests on getUser() method The user get must not have empty name or surname",
                  "timedOut": false,
                  "duration": 0,
                  "state": "passed",
                  "speed": "fast",
                  "pass": true,
                  "fail": false,
                  "pending": false,
                  "context": null,
                  "code": "return __awaiter(this, void 0, void 0, function* () {\n    const result = yield DAOTested.getUser(\"ABCDEFG\");\n    assert.isNotEmpty(result.getFirstName());\n    assert.isNotEmpty(result.getLastName());\n});",
                  "err": {},
                  "uuid": "2706ee60-8523-406b-bb24-dc0a5c3fc620",
                  "parentUUID": "bd7e1391-7529-4bbe-a46d-444c59549d43",
                  "isHook": false,
                  "skipped": false
                },
                {
                  "title": "The user must have a valid email",
                  "fullTitle": "Tests on dao_user.ts Tests on getUser() method The user must have a valid email",
                  "timedOut": false,
                  "duration": 2,
                  "state": "passed",
                  "speed": "fast",
                  "pass": true,
                  "fail": false,
                  "pending": false,
                  "context": null,
                  "code": "return __awaiter(this, void 0, void 0, function* () {\n    const result = yield DAOTested.getUser(\"ABCDEFG\");\n    assert.match(result.getEmail(), /^[^@\\s]+@[^@\\s]+\\.[^@\\s]+$/);\n});",
                  "err": {},
                  "uuid": "80d52d3f-b0d1-4782-94c6-6bbf80edb6e0",
                  "parentUUID": "bd7e1391-7529-4bbe-a46d-444c59549d43",
                  "isHook": false,
                  "skipped": false
                }
              ],
              "suites": [],
              "passes": [
                "2706ee60-8523-406b-bb24-dc0a5c3fc620",
                "80d52d3f-b0d1-4782-94c6-6bbf80edb6e0"
              ],
              "failures": [],
              "pending": [],
              "skipped": [],
              "duration": 2,
              "root": false,
              "rootEmpty": false,
              "_timeout": 2000
            },
            {
              "uuid": "4723cdcb-5f1d-475e-8082-8dfecc955ae2",
              "title": "Tests on getLastId() method",
              "fullFile": "/Users/easycash/Loaner/tests/daotests/dao_user_test.ts",
              "file": "/tests/daotests/dao_user_test.ts",
              "beforeHooks": [],
              "afterHooks": [],
              "tests": [
                {
                  "title": "The last id must not be empty",
                  "fullTitle": "Tests on dao_user.ts Tests on getLastId() method The last id must not be empty",
                  "timedOut": false,
                  "duration": 7,
                  "state": "passed",
                  "speed": "fast",
                  "pass": true,
                  "fail": false,
                  "pending": false,
                  "context": null,
                  "code": "return __awaiter(this, void 0, void 0, function* () {\n    const result = yield DAOTested.getLastId();\n    assert.isNotEmpty(result.getId());\n});",
                  "err": {},
                  "uuid": "f13c0bb0-1f56-453f-98b0-db3df60209ee",
                  "parentUUID": "4723cdcb-5f1d-475e-8082-8dfecc955ae2",
                  "isHook": false,
                  "skipped": false
                }
              ],
              "suites": [],
              "passes": [
                "f13c0bb0-1f56-453f-98b0-db3df60209ee"
              ],
              "failures": [],
              "pending": [],
              "skipped": [],
              "duration": 7,
              "root": false,
              "rootEmpty": false,
              "_timeout": 2000
            },
            {
              "uuid": "7a7e31cf-7798-4249-aedb-31824fd53bb6",
              "title": "Tests on addUser() method",
              "fullFile": "/Users/easycash/Loaner/tests/daotests/dao_user_test.ts",
              "file": "/tests/daotests/dao_user_test.ts",
              "beforeHooks": [],
              "afterHooks": [],
              "tests": [
                {
                  "title": "An added user must be seen in a query",
                  "fullTitle": "Tests on dao_user.ts Tests on addUser() method An added user must be seen in a query",
                  "timedOut": false,
                  "duration": 137,
                  "state": "passed",
                  "speed": "fast",
                  "pass": true,
                  "fail": false,
                  "pending": false,
                  "context": null,
                  "code": "return __awaiter(this, void 0, void 0, function* () {\n    expect(DAOTested.addUser(usertest, \"test\")).not.to.be.rejected;\n    const result = yield DAOTested.getUser(\"EEEEEEE\");\n    assert.equal(result.getFirstName(), \"Tester\");\n    assert.equal(result.getLastName(), \"Testing\");\n    assert.equal(result.getEmail(), \"Testtest@gmail.com\");\n    assert.isFalse(result.isAdmin());\n});",
                  "err": {},
                  "uuid": "5c8e8914-29bb-464e-b104-4d456a0a7c7a",
                  "parentUUID": "7a7e31cf-7798-4249-aedb-31824fd53bb6",
                  "isHook": false,
                  "skipped": false
                }
              ],
              "suites": [],
              "passes": [
                "5c8e8914-29bb-464e-b104-4d456a0a7c7a"
              ],
              "failures": [],
              "pending": [],
              "skipped": [],
              "duration": 137,
              "root": false,
              "rootEmpty": false,
              "_timeout": 2000
            },
            {
              "uuid": "9ac87dc2-ea63-457a-9155-98bc64ca3102",
              "title": "Tests on updateUser() method",
              "fullFile": "/Users/easycash/Loaner/tests/daotests/dao_user_test.ts",
              "file": "/tests/daotests/dao_user_test.ts",
              "beforeHooks": [],
              "afterHooks": [],
              "tests": [
                {
                  "title": "The modifications made on a user must be seen in queries later",
                  "fullTitle": "Tests on dao_user.ts Tests on updateUser() method The modifications made on a user must be seen in queries later",
                  "timedOut": false,
                  "duration": 3,
                  "state": "passed",
                  "speed": "fast",
                  "pass": true,
                  "fail": false,
[...]
              "err": {},
              "uuid": "03934bf1-abdc-4612-8372-f27ac0758323",
              "parentUUID": "ba9f576f-df5d-4e8d-8d41-ed555dfd96d5",
              "isHook": false,
              "skipped": false
            },
            {
              "title": "responds error for invalid user with already existing email",
              "fullTitle": "POST /user/modify responds error for invalid user with already existing email",
              "timedOut": false,
              "duration": 6,
              "state": "passed",
              "speed": "fast",
              "pass": true,
              "fail": false,
              "pending": false,
              "context": null,
              "code": "supertest_1.default(server_1.app)\n    .post('/api/users/modify')\n    .set('Content-Type', 'application/json')\n    .set(\"x-access-token\", helper.getToken())\n    .send({\n    id: \"HIJKLMN\",\n    firstName: \"Jean\",\n    lastName: \"Dupont\",\n    email: \"lilianb@mail.fr\",\n    admin: false\n})\n    .expect('Content-Type', /json/)\n    .expect(400, {\n    error: true,\n    message: \"User with this email already exists\"\n}, done);",
              "err": {},
              "uuid": "69954215-8661-4ec4-938c-49f121afeea8",
              "parentUUID": "ba9f576f-df5d-4e8d-8d41-ed555dfd96d5",
              "isHook": false,
              "skipped": false
            },
            {
              "title": "responds error with no token",
              "fullTitle": "POST /user/modify responds error with no token",
              "timedOut": false,
              "duration": 9,
              "state": "passed",
              "speed": "fast",
              "pass": true,
              "fail": false,
              "pending": false,
              "context": null,
              "code": "test.set('Accept', 'application/json')\n    .expect('Content-Type', /json/)\n    .expect(401, {\n    error: true,\n    message: \"No token specified\"\n}, done);",
              "err": {},
              "uuid": "ed0b191d-37f9-4f79-a2f9-bc1ef4ac57a1",
              "parentUUID": "ba9f576f-df5d-4e8d-8d41-ed555dfd96d5",
              "isHook": false,
              "skipped": false
            },
            {
              "title": "responds error with invalid token",
              "fullTitle": "POST /user/modify responds error with invalid token",
              "timedOut": false,
              "duration": 4,
              "state": "passed",
              "speed": "fast",
              "pass": true,
              "fail": false,
              "pending": false,
              "context": null,
              "code": "test\n    .set('Accept', 'application/json')\n    .set(\"x-access-token\", invalidToken)\n    .expect('Content-Type', /json/)\n    .expect(401, {\n    error: true,\n    message: \"Invalid token\"\n}, done);",
              "err": {},
              "uuid": "9ec65eea-62f6-4761-8e83-9a0d720f0e38",
              "parentUUID": "ba9f576f-df5d-4e8d-8d41-ed555dfd96d5",
              "isHook": false,
              "skipped": false
            },
            {
              "title": "responds error with not admin privileges token",
              "fullTitle": "POST /user/modify responds error with not admin privileges token",
              "timedOut": false,
              "duration": 3,
              "state": "passed",
              "speed": "fast",
              "pass": true,
              "fail": false,
              "pending": false,
              "context": null,
              "code": "test\n    .set('Accept', 'application/json')\n    .set(\"x-access-token\", tokenNoAdmin)\n    .expect('Content-Type', /json/)\n    .expect(401, {\n    error: true,\n    message: \"This endpoint requires admin privileges\"\n}, done);",
              "err": {},
              "uuid": "77d1474a-9557-467b-92db-e067c6c41f9d",
              "parentUUID": "ba9f576f-df5d-4e8d-8d41-ed555dfd96d5",
              "isHook": false,
              "skipped": false
            },
            {
              "title": "user modification works",
              "fullTitle": "POST /user/modify user modification works",
              "timedOut": false,
              "duration": 16,
              "state": "passed",
              "speed": "fast",
              "pass": true,
              "fail": false,
              "pending": false,
              "context": null,
              "code": "supertest_1.default(server_1.app)\n    .post('/api/users/modify')\n    .set('Content-Type', 'application/json')\n    .set(\"x-access-token\", helper.getToken())\n    .send({\n    id: \"HIJKLMN\",\n    firstName: \"M\",\n    lastName: \"P\",\n    email: \"psqrm@mail.fr\",\n    admin: false\n})\n    .expect('Content-Type', /json/)\n    .expect(201, () => {\n    supertest_1.default(server_1.app)\n        .get('/api/users/HIJKLMN')\n        .set('Accept', 'application/json')\n        .set(\"x-access-token\", helper.getToken())\n        .expect('Content-Type', /json/)\n        .expect(200, {\n        id: \"HIJKLMN\",\n        firstName: \"M\",\n        lastName: \"P\",\n        email: \"psqrm@mail.fr\",\n        admin: false,\n        temporaryPassword: false\n    }, done);\n});",
              "err": {},
              "uuid": "0bd0a988-947d-4568-aa3e-d38504615acb",
              "parentUUID": "ba9f576f-df5d-4e8d-8d41-ed555dfd96d5",
              "isHook": false,
              "skipped": false
            }
          ],
          "suites": [],
          "passes": [
            "03934bf1-abdc-4612-8372-f27ac0758323",
            "69954215-8661-4ec4-938c-49f121afeea8",
            "ed0b191d-37f9-4f79-a2f9-bc1ef4ac57a1",
            "9ec65eea-62f6-4761-8e83-9a0d720f0e38",
            "77d1474a-9557-467b-92db-e067c6c41f9d",
            "0bd0a988-947d-4568-aa3e-d38504615acb"
          ],
          "failures": [],
          "pending": [],
          "skipped": [],
          "duration": 48,
          "root": false,
          "rootEmpty": false,
          "_timeout": 2000
        },
        {
          "uuid": "87b929d7-9f8d-41f9-978f-182fd73bd1da",
          "title": "DELETE /user/delete/:userId",
          "fullFile": "/Users/easycash/Loaner/tests/routestests/user_route_test.ts",
          "file": "/tests/routestests/user_route_test.ts",
          "beforeHooks": [
            {
              "title": "\"before each\" hook in \"DELETE /user/delete/:userId\"",
              "fullTitle": "DELETE /user/delete/:userId \"before each\" hook in \"DELETE /user/delete/:userId\"",
              "timedOut": false,
              "duration": 21,
              "state": null,
              "speed": null,
              "pass": false,
              "fail": false,
              "pending": false,
              "context": null,
              "code": "__awaiter(this, void 0, void 0, function* () {\n        yield create_db_1.default();\n    })",
              "err": {},
              "uuid": "d9158979-8797-4217-a00b-ef1f7f02a49c",
              "parentUUID": "87b929d7-9f8d-41f9-978f-182fd73bd1da",
              "isHook": true,
              "skipped": false
            }
          ],
          "afterHooks": [],
          "tests": [
            {
              "title": "responds error with invalid user id",
              "fullTitle": "DELETE /user/delete/:userId responds error with invalid user id",
              "timedOut": false,
              "duration": 4,
              "state": "passed",
              "speed": "fast",
              "pass": true,
              "fail": false,
              "pending": false,
              "context": null,
              "code": "supertest_1.default(server_1.app)\n    .delete('/api/users/delete/INVALID')\n    .set('Accept', 'application/json')\n    .set(\"x-access-token\", helper.getToken())\n    .expect('Content-Type', /json/)\n    .expect(400, {\n    error: true,\n    message: \"User with this ID doesn't exists\"\n}, done);",
              "err": {},
              "uuid": "5b791a24-c99c-4d39-afb8-1d86b793c231",
              "parentUUID": "87b929d7-9f8d-41f9-978f-182fd73bd1da",
              "isHook": false,
              "skipped": false
            },
            {
              "title": "responds error with no token",
              "fullTitle": "DELETE /user/delete/:userId responds error with no token",
              "timedOut": false,
              "duration": 3,
              "state": "passed",
              "speed": "fast",
              "pass": true,
              "fail": false,
              "pending": false,
              "context": null,
              "code": "test.set('Accept', 'application/json')\n    .expect('Content-Type', /json/)\n    .expect(401, {\n    error: true,\n    message: \"No token specified\"\n}, done);",
              "err": {},
              "uuid": "3325f883-8a05-467d-9b79-9cedcb395eb8",
              "parentUUID": "87b929d7-9f8d-41f9-978f-182fd73bd1da",
              "isHook": false,
              "skipped": false
            },
            {
              "title": "responds error with invalid token",
              "fullTitle": "DELETE /user/delete/:userId responds error with invalid token",
              "timedOut": false,
              "duration": 2,
              "state": "passed",
              "speed": "fast",
              "pass": true,
              "fail": false,
              "pending": false,
              "context": null,
              "code": "test\n    .set('Accept', 'application/json')\n    .set(\"x-access-token\", invalidToken)\n    .expect('Content-Type', /json/)\n    .expect(401, {\n    error: true,\n    message: \"Invalid token\"\n}, done);",
              "err": {},
              "uuid": "b42d9013-30aa-4495-9843-a4c59288b2c5",
              "parentUUID": "87b929d7-9f8d-41f9-978f-182fd73bd1da",
              "isHook": false,
              "skipped": false
            },
            {
              "title": "responds error with not admin privileges token",
              "fullTitle": "DELETE /user/delete/:userId responds error with not admin privileges token",
              "timedOut": false,
              "duration": 2,
              "state": "passed",
              "speed": "fast",
              "pass": true,
              "fail": false,
              "pending": false,
              "context": null,
              "code": "test\n    .set('Accept', 'application/json')\n    .set(\"x-access-token\", tokenNoAdmin)\n    .expect('Content-Type', /json/)\n    .expect(401, {\n    error: true,\n    message: \"This endpoint requires admin privileges\"\n}, done);",
              "err": {},
              "uuid": "10e59143-3535-4419-ae78-4f6fb8255e17",
              "parentUUID": "87b929d7-9f8d-41f9-978f-182fd73bd1da",
              "isHook": false,
              "skipped": false
            },
            {
              "title": "user deletion works",
              "fullTitle": "DELETE /user/delete/:userId user deletion works",
              "timedOut": false,
              "duration": 15,
              "state": "passed",
              "speed": "fast",
              "pass": true,
              "fail": false,
              "pending": false,
              "context": null,
              "code": "supertest_1.default(server_1.app)\n    .delete('/api/users/delete/HIJKLMN')\n    .set('Accept', 'application/json')\n    .set(\"x-access-token\", helper.getToken())\n    .expect('Content-Type', /json/)\n    .expect(201, () => {\n    supertest_1.default(server_1.app)\n        .get('/api/users/HIJKLMN')\n        .set('Accept', 'application/json')\n        .set(\"x-access-token\", helper.getToken())\n        .expect('Content-Type', /json/)\n        .expect(400, {\n        error: true,\n        message: \"Cannot find results\"\n    }, done);\n});",
              "err": {},
              "uuid": "cb69d7da-cd41-484c-b6ba-bbe94ca99914",
              "parentUUID": "87b929d7-9f8d-41f9-978f-182fd73bd1da",
              "isHook": false,
              "skipped": false
            }
          ],
          "suites": [],
          "passes": [
            "5b791a24-c99c-4d39-afb8-1d86b793c231",
            "3325f883-8a05-467d-9b79-9cedcb395eb8",
            "b42d9013-30aa-4495-9843-a4c59288b2c5",
            "10e59143-3535-4419-ae78-4f6fb8255e17",
            "cb69d7da-cd41-484c-b6ba-bbe94ca99914"
          ],
          "failures": [],
          "pending": [],
          "skipped": [],
          "duration": 26,
          "root": false,
          "rootEmpty": false,
          "_timeout": 2000
        },
        {
          "uuid": "cdfe78cd-9db3-49a9-b7bc-901f77ba544c",
          "title": "GET /user/:userId/history",
          "fullFile": "/Users/easycash/Loaner/tests/routestests/user_route_test.ts",
          "file": "/tests/routestests/user_route_test.ts",
          "beforeHooks": [
            {
              "title": "\"before each\" hook in \"GET /user/:userId/history\"",
              "fullTitle": "GET /user/:userId/history \"before each\" hook in \"GET /user/:userId/history\"",
              "timedOut": false,
              "duration": 9,
              "state": null,
              "speed": null,
              "pass": false,
              "fail": false,
              "pending": false,
              "context": null,
              "code": "__awaiter(this, void 0, void 0, function* () {\n        yield create_db_1.default();\n    })",
              "err": {},
              "uuid": "1d2d344d-e064-40b5-8ca2-085cd9d08153",
              "parentUUID": "cdfe78cd-9db3-49a9-b7bc-901f77ba544c",
              "isHook": true,
              "skipped": false
            }
          ],
          "afterHooks": [],
          "tests": [
            {
              "title": "responds error with invalid user id",
              "fullTitle": "GET /user/:userId/history responds error with invalid user id",
              "timedOut": false,
              "duration": 12,
              "state": "passed",
              "speed": "fast",
              "pass": true,
              "fail": false,
              "pending": false,
              "context": null,
              "code": "supertest_1.default(server_1.app)\n    .get('/api/users/INVALID/history')\n    .set('Accept', 'application/json')\n    .set(\"x-access-token\", helper.getToken())\n    .expect('Content-Type', /json/)\n    .expect(400, {\n    error: true,\n    message: \"User with this ID doesn't exists\"\n}, done);",
              "err": {},
              "uuid": "ebeb6f71-37db-4654-9ef7-31579b268535",
              "parentUUID": "cdfe78cd-9db3-49a9-b7bc-901f77ba544c",
              "isHook": false,
              "skipped": false
            },
            {
              "title": "responds error with no token",
              "fullTitle": "GET /user/:userId/history responds error with no token",
              "timedOut": false,
              "duration": 2,
              "state": "passed",
              "speed": "fast",
              "pass": true,
              "fail": false,
              "pending": false,
              "context": null,
              "code": "test.set('Accept', 'application/json')\n    .expect('Content-Type', /json/)\n    .expect(401, {\n    error: true,\n    message: \"No token specified\"\n}, done);",
              "err": {},
              "uuid": "343aed2d-4dc7-4895-9a44-f457e31c7a3e",
              "parentUUID": "cdfe78cd-9db3-49a9-b7bc-901f77ba544c",
              "isHook": false,
              "skipped": false
            },
            {
              "title": "responds error with invalid token",
              "fullTitle": "GET /user/:userId/history responds error with invalid token",
              "timedOut": false,
              "duration": 2,
              "state": "passed",
              "speed": "fast",
              "pass": true,
              "fail": false,
              "pending": false,
              "context": null,
              "code": "test\n    .set('Accept', 'application/json')\n    .set(\"x-access-token\", invalidToken)\n    .expect('Content-Type', /json/)\n    .expect(401, {\n    error: true,\n    message: \"Invalid token\"\n}, done);",
              "err": {},
              "uuid": "c44dc6ba-f166-47de-af3e-3a5048060c57",
              "parentUUID": "cdfe78cd-9db3-49a9-b7bc-901f77ba544c",
              "isHook": false,
              "skipped": false
            },
            {
              "title": "responds error with not admin privileges token",
              "fullTitle": "GET /user/:userId/history responds error with not admin privileges token",
              "timedOut": false,
              "duration": 3,
              "state": "passed",
              "speed": "fast",
              "pass": true,
              "fail": false,
              "pending": false,
              "context": null,
              "code": "test\n    .set('Accept', 'application/json')\n    .set(\"x-access-token\", tokenNoAdmin)\n    .expect('Content-Type', /json/)\n    .expect(401, {\n    error: true,\n    message: \"This endpoint requires admin privileges\"\n}, done);",
              "err": {},
              "uuid": "7a8e591c-961b-45f7-94d5-1c1ecc3a3532",
              "parentUUID": "cdfe78cd-9db3-49a9-b7bc-901f77ba544c",
              "isHook": false,
              "skipped": false
            },
            {
              "title": "user history works",
              "fullTitle": "GET /user/:userId/history user history works",
              "timedOut": false,
              "duration": 4,
              "state": "passed",
              "speed": "fast",
              "pass": true,
              "fail": false,
              "pending": false,
              "context": null,
              "code": "supertest_1.default(server_1.app)\n    .get('/api/users/ABCDEFG/history')\n    .set('Accept', 'application/json')\n    .set(\"x-access-token\", helper.getToken())\n    .expect('Content-Type', /json/)\n    .expect(200, [{\n        ID: 2,\n        endDate: \"2021-01-12\",\n        idUser: \"ABCDEFG\",\n        refDevice: \"PC001\",\n        returnDate: \"2021-02-04\",\n        startDate: \"2021-01-04\"\n    }], done);",
              "err": {},
              "uuid": "9abaf5aa-2f6d-41e4-b4c9-b4465d427837",
              "parentUUID": "cdfe78cd-9db3-49a9-b7bc-901f77ba544c",
              "isHook": false,
              "skipped": false
            }
          ],
          "suites": [],
          "passes": [
            "ebeb6f71-37db-4654-9ef7-31579b268535",
            "343aed2d-4dc7-4895-9a44-f457e31c7a3e",
            "c44dc6ba-f166-47de-af3e-3a5048060c57",
            "7a8e591c-961b-45f7-94d5-1c1ecc3a3532",
            "9abaf5aa-2f6d-41e4-b4c9-b4465d427837"
          ],
          "failures": [],
          "pending": [],
          "skipped": [],
          "duration": 23,
          "root": false,
          "rootEmpty": false,
          "_timeout": 2000
        }
      ],
      "passes": [],
      "failures": [],
      "pending": [],
      "skipped": [
        "8a7f810b-0023-4c34-adce-e2b61dc4b02b",
        "bcf65328-4b9e-4fc2-a699-c19a8e7acb31",
        "7923cea4-475c-470e-a6a5-dd5c92c505d6",
        "487a3d08-bbec-4299-a912-603ecba131a2",
        "1ee06864-5cd3-49b1-bd23-77c9bb1365c2",
        "7b240da6-9e92-4456-906f-9b91f9b474a6",
        "0bf69de8-bff7-4d80-a994-1dc973d9a30d"
      ],
      "duration": 0,
      "root": true,
      "rootEmpty": false,
      "_timeout": 2000
    }
  ],
  "meta": {
    "mocha": {
      "version": "8.2.1"
    },
    "mochawesome": {
      "options": {
        "quiet": false,
        "reportFilename": "mochawesome",
        "saveHtml": true,
        "saveJson": true,
        "consoleReporter": "spec",
        "useInlineDiffs": false,
        "code": true
      },
      "version": "6.2.1"
    },
    "marge": {
      "options": null,
      "version": "5.1.0"
    }
  }
}